info: ::1 - - [28/Sep/2022:02:36:09 +0000] "GET /api/v1/labels/6333014d06b9793e1471767d HTTP/1.1" 200 235 "-" "PostmanRuntime/7.29.2"

info: ::1 - - [28/Sep/2022:08:23:40 +0000] "POST /api/v1/users/login HTTP/1.1" 202 248 "-" "PostmanRuntime/7.29.2"

info: ::1 - - [28/Sep/2022:08:25:09 +0000] "POST /api/v1/notes HTTP/1.1" 201 323 "-" "PostmanRuntime/7.29.2"

info: ::1 - - [28/Sep/2022:08:25:27 +0000] "GET /api/v1/notes HTTP/1.1" 202 325 "-" "PostmanRuntime/7.29.2"

info: ::1 - - [28/Sep/2022:08:26:33 +0000] "PUT /api/v1/notes HTTP/1.1" 404 47 "-" "PostmanRuntime/7.29.2"

info: ::1 - - [28/Sep/2022:08:26:45 +0000] "GET /api/v1/notes HTTP/1.1" 200 340 "-" "PostmanRuntime/7.29.2"

info: ::1 - - [28/Sep/2022:08:26:54 +0000] "GET /api/v1/notes/633404e59771704a3c40b9eb HTTP/1.1" 200 322 "-" "PostmanRuntime/7.29.2"

info: ::1 - - [28/Sep/2022:08:27:04 +0000] "PUT /api/v1/notes/633404e59771704a3c40b9eb HTTP/1.1" 200 330 "-" "PostmanRuntime/7.29.2"

info: ::1 - - [28/Sep/2022:08:28:31 +0000] "PUT /api/v1/notes/633404e59771704a3c40b9eb/addLabel HTTP/1.1" 500 61 "-" "PostmanRuntime/7.29.2"

info: ::1 - - [28/Sep/2022:08:29:10 +0000] "PUT /api/v1/notes/633404e59771704a3c40b9eb/addLabel HTTP/1.1" 500 55 "-" "PostmanRuntime/7.29.2"

info: ::1 - - [28/Sep/2022:08:32:16 +0000] "PUT /api/v1/notes/633404e59771704a3c40b9eb/addLabel HTTP/1.1" 500 137 "-" "PostmanRuntime/7.29.2"

info: ::1 - - [28/Sep/2022:08:34:41 +0000] "PUT /api/v1/notes/633404e59771704a3c40b9eb/addLabel HTTP/1.1" 500 54 "-" "PostmanRuntime/7.29.2"

info: ::1 - - [28/Sep/2022:08:35:48 +0000] "PUT /api/v1/notes/633404e59771704a3c40b9eb/addLabel HTTP/1.1" 201 337 "-" "PostmanRuntime/7.29.2"

info: ::1 - - [28/Sep/2022:10:57:58 +0000] "PUT /api/v1/notes/633404e59771704a3c40b9eb/addLabel HTTP/1.1" 201 335 "-" "PostmanRuntime/7.29.2"

info: ::1 - - [28/Sep/2022:11:06:14 +0000] "GET /api/v1/notes/633404e59771704a3c40b9eb HTTP/1.1" 200 336 "-" "PostmanRuntime/7.29.2"

info: ::1 - - [28/Sep/2022:11:06:57 +0000] "PUT /api/v1/notes/633404e59771704a3c40b9eb/addLabel HTTP/1.1" 201 335 "-" "PostmanRuntime/7.29.2"

info: ::1 - - [28/Sep/2022:15:55:11 +0000] "POST /api/v1/users HTTP/1.1" 201 324 "-" "PostmanRuntime/7.29.2"

info: ::1 - - [28/Sep/2022:15:55:40 +0000] "POST /api/v1/users/login HTTP/1.1" 202 248 "-" "PostmanRuntime/7.29.2"

info: ::1 - - [28/Sep/2022:15:56:32 +0000] "POST /api/v1/notes HTTP/1.1" 201 307 "-" "PostmanRuntime/7.29.2"

info: ::1 - - [28/Sep/2022:15:57:53 +0000] "PUT /api/v1/notes/63346eaf9c931861042961c9/addLabel HTTP/1.1" 201 307 "-" "PostmanRuntime/7.29.2"

info: ::1 - - [28/Sep/2022:15:58:34 +0000] "POST /api/v1/notes HTTP/1.1" 201 307 "-" "PostmanRuntime/7.29.2"

info: ::1 - - [28/Sep/2022:15:58:58 +0000] "GET /api/v1/notes/63346f299c931861042961cd HTTP/1.1" 200 306 "-" "PostmanRuntime/7.29.2"

info: ::1 - - [28/Sep/2022:16:01:36 +0000] "GET /api/v1/notes/63346f299c931861042961cd/addLabel HTTP/1.1" 404 47 "-" "PostmanRuntime/7.29.2"

info: ::1 - - [28/Sep/2022:16:01:44 +0000] "PUT /api/v1/notes/63346f299c931861042961cd/addLabel HTTP/1.1" 201 336 "-" "PostmanRuntime/7.29.2"

