info: ::1 - - [29/Sep/2022:06:29:16 +0000] "DELETE /api/v1/notes/63346f299c931861042961cd/removeLabel HTTP/1.1" 500 141 "-" "PostmanRuntime/7.29.2"

info: ::1 - - [29/Sep/2022:06:33:13 +0000] "DELETE /api/v1/notes/63346f299c931861042961cd/removeLabel HTTP/1.1" 500 140 "-" "PostmanRuntime/7.29.2"

info: ::1 - - [29/Sep/2022:06:34:11 +0000] "DELETE /api/v1/notes/63346f299c931861042961cd/removeLabel HTTP/1.1" 500 56 "-" "PostmanRuntime/7.29.2"

info: ::1 - - [29/Sep/2022:06:35:09 +0000] "DELETE /api/v1/notes/63346f299c931861042961cd/removeLabel HTTP/1.1" 500 144 "-" "PostmanRuntime/7.29.2"

info: ::1 - - [29/Sep/2022:06:37:22 +0000] "DELETE /api/v1/notes/63346f299c931861042961cd/removeLabel HTTP/1.1" 500 85 "-" "PostmanRuntime/7.29.2"

info: ::1 - - [29/Sep/2022:06:39:51 +0000] "DELETE /api/v1/notes/63346f299c931861042961cd/removeLabel HTTP/1.1" 500 85 "-" "PostmanRuntime/7.29.2"

info: ::1 - - [29/Sep/2022:06:41:33 +0000] "DELETE /api/v1/notes/63346f299c931861042961cd/removeLabel HTTP/1.1" 500 85 "-" "PostmanRuntime/7.29.2"

info: ::1 - - [29/Sep/2022:06:43:50 +0000] "DELETE /api/v1/notes/63346f299c931861042961cd/removeLabel HTTP/1.1" 500 141 "-" "PostmanRuntime/7.29.2"

info: ::1 - - [29/Sep/2022:06:46:46 +0000] "DELETE /api/v1/notes/63346f299c931861042961cd/removeLabel HTTP/1.1" 500 141 "-" "PostmanRuntime/7.29.2"

info: ::1 - - [29/Sep/2022:06:47:13 +0000] "POST /api/v1/users/login HTTP/1.1" 202 248 "-" "PostmanRuntime/7.29.2"

info: ::1 - - [29/Sep/2022:06:48:39 +0000] "POST /api/v1/notes HTTP/1.1" 201 349 "-" "PostmanRuntime/7.29.2"

info: ::1 - - [29/Sep/2022:06:50:20 +0000] "POST /api/v1/notes/63353fc7ee318628406fc8d3/addLabel HTTP/1.1" 404 47 "-" "PostmanRuntime/7.29.2"

info: ::1 - - [29/Sep/2022:06:50:27 +0000] "PUT /api/v1/notes/63353fc7ee318628406fc8d3/addLabel HTTP/1.1" 404 47 "-" "PostmanRuntime/7.29.2"

info: ::1 - - [29/Sep/2022:06:51:28 +0000] "PUT /api/v1/notes/63353fc7ee318628406fc8d3/addLabel HTTP/1.1" 201 376 "-" "PostmanRuntime/7.29.2"

info: ::1 - - [29/Sep/2022:06:52:39 +0000] "PUT /api/v1/notes/63353fc7ee318628406fc8d3/removeLabel HTTP/1.1" 404 47 "-" "PostmanRuntime/7.29.2"

info: ::1 - - [29/Sep/2022:06:52:47 +0000] "DELETE /api/v1/notes/63353fc7ee318628406fc8d3/removeLabel HTTP/1.1" 500 141 "-" "PostmanRuntime/7.29.2"

info: ::1 - - [29/Sep/2022:06:53:13 +0000] "DELETE /api/v1/notes/63353fc7ee318628406fc8d3/removeLabel HTTP/1.1" 500 141 "-" "PostmanRuntime/7.29.2"

info: ::1 - - [29/Sep/2022:06:56:22 +0000] "DELETE /api/v1/notes/63353fc7ee318628406fc8d3/removeLabel HTTP/1.1" 500 141 "-" "PostmanRuntime/7.29.2"

info: ::1 - - [29/Sep/2022:06:57:32 +0000] "DELETE /api/v1/notes/63353fc7ee318628406fc8d3/removeLabel HTTP/1.1" 500 141 "-" "PostmanRuntime/7.29.2"

info: ::1 - - [29/Sep/2022:07:00:06 +0000] "DELETE /api/v1/notes/63353fc7ee318628406fc8d3/removeLabel HTTP/1.1" 500 144 "-" "PostmanRuntime/7.29.2"

info: ::1 - - [29/Sep/2022:07:01:28 +0000] "DELETE /api/v1/notes/63353fc7ee318628406fc8d3/removeLabel HTTP/1.1" 500 86 "-" "PostmanRuntime/7.29.2"

info: ::1 - - [29/Sep/2022:07:04:38 +0000] "DELETE /api/v1/notes/63353fc7ee318628406fc8d3/removeLabel HTTP/1.1" 500 86 "-" "PostmanRuntime/7.29.2"

info: ::1 - - [29/Sep/2022:07:05:32 +0000] "DELETE /api/v1/notes/63353fc7ee318628406fc8d3/removeLabel HTTP/1.1" 500 61 "-" "PostmanRuntime/7.29.2"

info: ::1 - - [29/Sep/2022:07:05:54 +0000] "DELETE /api/v1/notes/63353fc7ee318628406fc8d3/removeLabel HTTP/1.1" 500 141 "-" "PostmanRuntime/7.29.2"

info: ::1 - - [29/Sep/2022:07:11:20 +0000] "DELETE /api/v1/notes/63353fc7ee318628406fc8d3/removeLabel HTTP/1.1" 500 141 "-" "PostmanRuntime/7.29.2"

info: ::1 - - [29/Sep/2022:07:14:18 +0000] "DELETE /api/v1/notes/63353fc7ee318628406fc8d3/removeLabel HTTP/1.1" 500 144 "-" "PostmanRuntime/7.29.2"

info: ::1 - - [29/Sep/2022:07:15:13 +0000] "DELETE /api/v1/notes/63353fc7ee318628406fc8d3/removeLabel HTTP/1.1" 500 149 "-" "PostmanRuntime/7.29.2"

info: ::1 - - [29/Sep/2022:07:16:43 +0000] "DELETE /api/v1/notes/63353fc7ee318628406fc8d3/removeLabel HTTP/1.1" 500 140 "-" "PostmanRuntime/7.29.2"

info: ::1 - - [29/Sep/2022:07:26:19 +0000] "PUT /api/v1/notes/63353fc7ee318628406fc8d3/addLabel HTTP/1.1" 201 376 "-" "PostmanRuntime/7.29.2"

info: ::1 - - [29/Sep/2022:07:26:36 +0000] "PUT /api/v1/notes/63353fc7ee318628406fc8d3/addLabel HTTP/1.1" 201 376 "-" "PostmanRuntime/7.29.2"

info: ::1 - - [29/Sep/2022:07:27:17 +0000] "PUT /api/v1/notes/63353fc7ee318628406fc8d3/addLabel HTTP/1.1" 201 376 "-" "PostmanRuntime/7.29.2"

info: ::1 - - [29/Sep/2022:07:29:21 +0000] "PUT /api/v1/notes/63353fc7ee318628406fc8d3/addLabel HTTP/1.1" 500 62 "-" "PostmanRuntime/7.29.2"

info: ::1 - - [29/Sep/2022:07:29:55 +0000] "PUT /api/v1/notes/63353fc7ee318628406fc8d3/addLabel HTTP/1.1" 201 133 "-" "PostmanRuntime/7.29.2"

info: ::1 - - [29/Sep/2022:07:30:21 +0000] "PUT /api/v1/notes/63353fc7ee318628406fc8d3/addLabel HTTP/1.1" 201 133 "-" "PostmanRuntime/7.29.2"

info: ::1 - - [29/Sep/2022:07:32:44 +0000] "PUT /api/v1/notes/63353fc7ee318628406fc8d3/addLabel HTTP/1.1" 201 133 "-" "PostmanRuntime/7.29.2"

info: ::1 - - [29/Sep/2022:07:33:20 +0000] "PUT /api/v1/notes/63353fc7ee318628406fc8d3/addLabel HTTP/1.1" 201 133 "-" "PostmanRuntime/7.29.2"

info: ::1 - - [29/Sep/2022:07:38:45 +0000] "POST /api/v1/users HTTP/1.1" 201 326 "-" "PostmanRuntime/7.29.2"

info: ::1 - - [29/Sep/2022:07:39:53 +0000] "POST /api/v1/users/login HTTP/1.1" 202 251 "-" "PostmanRuntime/7.29.2"

info: ::1 - - [29/Sep/2022:07:40:53 +0000] "POST /api/v1/notes HTTP/1.1" 201 340 "-" "PostmanRuntime/7.29.2"

info: ::1 - - [29/Sep/2022:07:41:48 +0000] "PUT /api/v1/notes/63354c05c7d72371c8bce2c8/addLabel HTTP/1.1" 201 114 "-" "PostmanRuntime/7.29.2"

info: ::1 - - [29/Sep/2022:07:44:19 +0000] "PUT /api/v1/notes/63354c05c7d72371c8bce2c8/addLabel HTTP/1.1" 201 348 "-" "PostmanRuntime/7.29.2"

info: ::1 - - [29/Sep/2022:07:44:49 +0000] "PUT /api/v1/notes/63354c05c7d72371c8bce2c8/addLabel HTTP/1.1" 201 348 "-" "PostmanRuntime/7.29.2"

info: ::1 - - [29/Sep/2022:07:56:54 +0000] "PUT /api/v1/notes/63354c05c7d72371c8bce2c8/addLabel HTTP/1.1" 201 114 "-" "PostmanRuntime/7.29.2"

info: ::1 - - [29/Sep/2022:07:57:54 +0000] "POST /api/v1/users HTTP/1.1" 201 324 "-" "PostmanRuntime/7.29.2"

info: ::1 - - [29/Sep/2022:07:58:27 +0000] "POST /api/v1/users/login HTTP/1.1" 202 248 "-" "PostmanRuntime/7.29.2"

info: ::1 - - [29/Sep/2022:07:59:33 +0000] "POST /api/v1/notes HTTP/1.1" 201 336 "-" "PostmanRuntime/7.29.2"

info: ::1 - - [29/Sep/2022:08:01:36 +0000] "PUT /api/v1/notes/63355064591b7f7b34fde726/addLabel HTTP/1.1" 201 336 "-" "PostmanRuntime/7.29.2"

info: ::1 - - [29/Sep/2022:08:02:25 +0000] "PUT /api/v1/notes/63355064591b7f7b34fde726/addLabel HTTP/1.1" 201 347 "-" "PostmanRuntime/7.29.2"

info: ::1 - - [29/Sep/2022:08:02:53 +0000] "PUT /api/v1/notes/63355064591b7f7b34fde726/addLabel HTTP/1.1" 201 347 "-" "PostmanRuntime/7.29.2"

info: ::1 - - [29/Sep/2022:08:04:39 +0000] "PUT /api/v1/notes/63355064591b7f7b34fde726/addLabel HTTP/1.1" 201 347 "-" "PostmanRuntime/7.29.2"

info: ::1 - - [29/Sep/2022:08:05:56 +0000] "PUT /api/v1/notes/63355064591b7f7b34fde726/addLabel HTTP/1.1" 201 347 "-" "PostmanRuntime/7.29.2"

info: ::1 - - [29/Sep/2022:08:06:32 +0000] "PUT /api/v1/notes/63355064591b7f7b34fde726/addLabel HTTP/1.1" 201 347 "-" "PostmanRuntime/7.29.2"

info: ::1 - - [29/Sep/2022:08:06:57 +0000] "PUT /api/v1/notes/63355064591b7f7b34fde726/removeLabel HTTP/1.1" 404 47 "-" "PostmanRuntime/7.29.2"

info: ::1 - - [29/Sep/2022:08:07:46 +0000] "PUT /api/v1/notes/63355064591b7f7b34fde726/removeLabel HTTP/1.1" 404 47 "-" "PostmanRuntime/7.29.2"

info: ::1 - - [29/Sep/2022:08:08:12 +0000] "PUT /api/v1/notes/63355064591b7f7b34fde726/addLabel HTTP/1.1" 201 347 "-" "PostmanRuntime/7.29.2"

info: ::1 - - [29/Sep/2022:08:08:37 +0000] "PUT /api/v1/notes/63355064591b7f7b34fde726/removeLabel HTTP/1.1" 404 47 "-" "PostmanRuntime/7.29.2"

info: ::1 - - [29/Sep/2022:08:08:46 +0000] "DELETE /api/v1/notes/63355064591b7f7b34fde726/removeLabel HTTP/1.1" 500 141 "-" "PostmanRuntime/7.29.2"

info: ::1 - - [29/Sep/2022:08:14:11 +0000] "DELETE /api/v1/notes/63355064591b7f7b34fde726/removeLabel HTTP/1.1" 200 340 "-" "PostmanRuntime/7.29.2"

info: ::1 - - [29/Sep/2022:08:20:23 +0000] "POST /api/v1/users/login HTTP/1.1" 202 251 "-" "PostmanRuntime/7.29.2"

info: ::1 - - [29/Sep/2022:08:21:33 +0000] "POST /api/v1/notes HTTP/1.1" 201 328 "-" "PostmanRuntime/7.29.2"

info: ::1 - - [29/Sep/2022:08:22:29 +0000] "PUT /api/v1/notes/6335558b91a95c0fac9cf060/addLabel HTTP/1.1" 201 336 "-" "PostmanRuntime/7.29.2"

info: ::1 - - [29/Sep/2022:08:24:57 +0000] "POST /api/v1/labels HTTP/1.1" 400 63 "-" "PostmanRuntime/7.29.2"

info: ::1 - - [29/Sep/2022:08:25:11 +0000] "POST /api/v1/labels HTTP/1.1" 201 231 "-" "PostmanRuntime/7.29.2"

info: ::1 - - [29/Sep/2022:09:50:00 +0000] "PUT /api/v1/notes/63355064591b7f7b34fde726/addLabel HTTP/1.1" 500 57 "-" "PostmanRuntime/7.29.2"

info: ::1 - - [29/Sep/2022:09:51:37 +0000] "POST /api/v1/users HTTP/1.1" 201 328 "-" "PostmanRuntime/7.29.2"

info: ::1 - - [29/Sep/2022:09:52:07 +0000] "POST /api/v1/users/login HTTP/1.1" 202 253 "-" "PostmanRuntime/7.29.2"

info: ::1 - - [29/Sep/2022:09:52:56 +0000] "POST /api/v1/notes HTTP/1.1" 201 330 "-" "PostmanRuntime/7.29.2"

info: ::1 - - [29/Sep/2022:09:53:49 +0000] "POST /api/v1/notes/63356af78a803f6c7828d4cb/addLabel HTTP/1.1" 404 47 "-" "PostmanRuntime/7.29.2"

info: ::1 - - [29/Sep/2022:09:53:57 +0000] "PUT /api/v1/notes/63356af78a803f6c7828d4cb/addLabel HTTP/1.1" 500 57 "-" "PostmanRuntime/7.29.2"

info: ::1 - - [29/Sep/2022:09:55:17 +0000] "PUT /api/v1/notes/63356af78a803f6c7828d4cb/addLabel HTTP/1.1" 201 347 "-" "PostmanRuntime/7.29.2"

info: ::1 - - [29/Sep/2022:11:12:06 +0000] "PUT /api/v1/notes/63356af78a803f6c7828d4cb/addPeople HTTP/1.1" 201 357 "-" "PostmanRuntime/7.29.2"

info: ::1 - - [29/Sep/2022:11:14:36 +0000] "PUT /api/v1/notes/63356af78a803f6c7828d4cb/addPeople HTTP/1.1" 201 357 "-" "PostmanRuntime/7.29.2"

info: ::1 - - [29/Sep/2022:11:19:29 +0000] "PUT /api/v1/notes/63356af78a803f6c7828d4cb/addPeople HTTP/1.1" 500 63 "-" "PostmanRuntime/7.29.2"

info: ::1 - - [29/Sep/2022:11:27:11 +0000] "PUT /api/v1/notes/63356af78a803f6c7828d4cb/addPeople HTTP/1.1" 500 87 "-" "PostmanRuntime/7.29.2"

info: ::1 - - [29/Sep/2022:11:28:01 +0000] "PUT /api/v1/notes/63356af78a803f6c7828d4cb/addPeople HTTP/1.1" 500 87 "-" "PostmanRuntime/7.29.2"

info: ::1 - - [29/Sep/2022:11:34:38 +0000] "PUT /api/v1/notes/63356af78a803f6c7828d4cb/addPeople HTTP/1.1" 201 357 "-" "PostmanRuntime/7.29.2"

info: ::1 - - [29/Sep/2022:11:35:05 +0000] "PUT /api/v1/notes/63356af78a803f6c7828d4cb/addPeople HTTP/1.1" 201 357 "-" "PostmanRuntime/7.29.2"

info: ::1 - - [29/Sep/2022:11:36:56 +0000] "PUT /api/v1/notes/63356af78a803f6c7828d4cb/addPeople HTTP/1.1" 201 357 "-" "PostmanRuntime/7.29.2"

info: ::1 - - [29/Sep/2022:11:38:38 +0000] "PUT /api/v1/notes/63356af78a803f6c7828d4cb/addPeople HTTP/1.1" 201 357 "-" "PostmanRuntime/7.29.2"

info: ::1 - - [29/Sep/2022:11:40:05 +0000] "POST /api/v1/notes/63356af78a803f6c7828d4cb/addPeople HTTP/1.1" 201 357 "-" "PostmanRuntime/7.29.2"

info: ::1 - - [29/Sep/2022:11:41:51 +0000] "POST /api/v1/notes/63356af78a803f6c7828d4cb/addPeople HTTP/1.1" 201 357 "-" "PostmanRuntime/7.29.2"

info: ::1 - - [29/Sep/2022:11:42:37 +0000] "POST /api/v1/notes/63356af78a803f6c7828d4cb/addPeople HTTP/1.1" 201 372 "-" "PostmanRuntime/7.29.2"

info: ::1 - - [29/Sep/2022:11:44:06 +0000] "POST /api/v1/notes/63356af78a803f6c7828d4cb/addPeople HTTP/1.1" 201 370 "-" "PostmanRuntime/7.29.2"

info: ::1 - - [29/Sep/2022:11:44:29 +0000] "POST /api/v1/notes/63356af78a803f6c7828d4cb/addPeople HTTP/1.1" 201 370 "-" "PostmanRuntime/7.29.2"

info: ::1 - - [29/Sep/2022:12:06:17 +0000] "POST /api/v1/notes/63356af78a803f6c7828d4cb/addPeople HTTP/1.1" 201 370 "-" "PostmanRuntime/7.29.2"

info: ::1 - - [29/Sep/2022:12:07:07 +0000] "POST /api/v1/notes/63356af78a803f6c7828d4cb/addPeople HTTP/1.1" 201 388 "-" "PostmanRuntime/7.29.2"

info: ::1 - - [29/Sep/2022:12:07:24 +0000] "POST /api/v1/notes/63356af78a803f6c7828d4cb/addPeople HTTP/1.1" 201 407 "-" "PostmanRuntime/7.29.2"

info: ::1 - - [29/Sep/2022:12:09:57 +0000] "POST /api/v1/notes/63356af78a803f6c7828d4cb/addPeople HTTP/1.1" 201 55 "-" "PostmanRuntime/7.29.2"

info: ::1 - - [29/Sep/2022:12:10:38 +0000] "POST /api/v1/notes/63356af78a803f6c7828d4cb/addPeople HTTP/1.1" 201 55 "-" "PostmanRuntime/7.29.2"

info: ::1 - - [29/Sep/2022:12:11:28 +0000] "POST /api/v1/users/login HTTP/1.1" 202 253 "-" "PostmanRuntime/7.29.2"

info: ::1 - - [29/Sep/2022:12:11:58 +0000] "POST /api/v1/notes HTTP/1.1" 500 138 "-" "PostmanRuntime/7.29.2"

info: ::1 - - [29/Sep/2022:12:12:21 +0000] "POST /api/v1/notes HTTP/1.1" 201 330 "-" "PostmanRuntime/7.29.2"

info: ::1 - - [29/Sep/2022:12:13:12 +0000] "POST /api/v1/notes/63358ba4acc2067f48307764/addPerson HTTP/1.1" 404 47 "-" "PostmanRuntime/7.29.2"

info: ::1 - - [29/Sep/2022:12:13:36 +0000] "POST /api/v1/notes/63358ba4acc2067f48307764/addPeople HTTP/1.1" 201 353 "-" "PostmanRuntime/7.29.2"

info: ::1 - - [29/Sep/2022:12:13:50 +0000] "POST /api/v1/notes/63358ba4acc2067f48307764/addPeople HTTP/1.1" 201 371 "-" "PostmanRuntime/7.29.2"

info: ::1 - - [29/Sep/2022:15:09:18 +0000] "PUT /api/v1/notes/63358ba4acc2067f48307764/addLabel HTTP/1.1" 201 369 "-" "PostmanRuntime/7.29.2"

info: ::1 - - [29/Sep/2022:15:10:20 +0000] "PUT /api/v1/notes/63358ba4acc2067f48307764/addLabel HTTP/1.1" 500 94 "-" "PostmanRuntime/7.29.2"

info: ::1 - - [29/Sep/2022:15:11:09 +0000] "PUT /api/v1/notes/63358ba4acc2067f48307764/addLabel HTTP/1.1" 201 367 "-" "PostmanRuntime/7.29.2"

info: ::1 - - [29/Sep/2022:15:12:23 +0000] "PUT /api/v1/notes/63358ba4acc2067f48307764/addLabel HTTP/1.1" 201 367 "-" "PostmanRuntime/7.29.2"

info: ::1 - - [29/Sep/2022:15:14:15 +0000] "PUT /api/v1/notes/63358ba4acc2067f48307764/addLabel HTTP/1.1" 500 133 "-" "PostmanRuntime/7.29.2"

info: ::1 - - [29/Sep/2022:15:19:25 +0000] "PUT /api/v1/notes/63358ba4acc2067f48307764/addLabel HTTP/1.1" 500 133 "-" "PostmanRuntime/7.29.2"

info: ::1 - - [29/Sep/2022:15:21:31 +0000] "PUT /api/v1/notes/63358ba4acc2067f48307764/addLabel HTTP/1.1" 201 367 "-" "PostmanRuntime/7.29.2"

info: ::1 - - [29/Sep/2022:15:28:41 +0000] "PUT /api/v1/notes/63358ba4acc2067f48307764/addLabel HTTP/1.1" 201 373 "-" "PostmanRuntime/7.29.2"

info: ::1 - - [29/Sep/2022:15:30:45 +0000] "PUT /api/v1/notes/63358ba4acc2067f48307764/addLabel HTTP/1.1" 201 390 "-" "PostmanRuntime/7.29.2"

