info: ::1 - - [02/Sep/2022:01:49:13 +0000] "GET /api/v1/users/ HTTP/1.1" 404 47 "-" "PostmanRuntime/7.29.2"

info: ::1 - - [02/Sep/2022:01:49:24 +0000] "GET /api/v1/ HTTP/1.1" 200 9 "-" "PostmanRuntime/7.29.2"

info: ::1 - - [02/Sep/2022:01:50:23 +0000] "GET /api/v1/:note_id HTTP/1.1" 404 47 "-" "PostmanRuntime/7.29.2"

info: ::1 - - [02/Sep/2022:01:50:33 +0000] "PUT /api/v1/:note_id HTTP/1.1" 404 47 "-" "PostmanRuntime/7.29.2"

info: ::1 - - [02/Sep/2022:01:58:39 +0000] "POST /api/v1/user HTTP/1.1" 404 47 "-" "PostmanRuntime/7.29.2"

info: ::1 - - [02/Sep/2022:02:50:11 +0000] "POST /api/v1/users HTTP/1.1" 400 67 "-" "PostmanRuntime/7.29.2"

info: ::1 - - [02/Sep/2022:04:14:04 +0000] "POST /api/v1/notes HTTP/1.1" 400 56 "-" "PostmanRuntime/7.29.2"

info: ::1 - - [02/Sep/2022:04:14:22 +0000] "PUT /api/v1/notes HTTP/1.1" 404 47 "-" "PostmanRuntime/7.29.2"

info: ::1 - - [02/Sep/2022:08:59:59 +0000] "GET /api/v1/notes HTTP/1.1" 400 56 "-" "PostmanRuntime/7.29.2"

info: ::1 - - [02/Sep/2022:09:00:14 +0000] "GET /api/v1/users HTTP/1.1" 404 47 "-" "PostmanRuntime/7.29.2"

info: ::1 - - [02/Sep/2022:09:00:56 +0000] "GET /api/v1/ HTTP/1.1" 200 9 "-" "PostmanRuntime/7.29.2"

info: ::1 - - [02/Sep/2022:09:01:08 +0000] "GET /api/v1/users HTTP/1.1" 404 47 "-" "PostmanRuntime/7.29.2"

info: ::1 - - [02/Sep/2022:09:01:18 +0000] "GET /api/v1/notes HTTP/1.1" 400 56 "-" "PostmanRuntime/7.29.2"

info: ::1 - - [02/Sep/2022:09:04:20 +0000] "POST /api/v1/users HTTP/1.1" 201 338 "-" "PostmanRuntime/7.29.2"

info: ::1 - - [02/Sep/2022:09:05:35 +0000] "POST /api/v1/login HTTP/1.1" 404 47 "-" "PostmanRuntime/7.29.2"

info: ::1 - - [02/Sep/2022:09:06:45 +0000] "POST /api/v1/users/login HTTP/1.1" 202 272 "-" "PostmanRuntime/7.29.2"

info: ::1 - - [02/Sep/2022:09:07:49 +0000] "POST /api/v1/users/login HTTP/1.1" 202 272 "-" "PostmanRuntime/7.29.2"

info: ::1 - - [02/Sep/2022:09:21:23 +0000] "POST /api/v1/users/login HTTP/1.1" 202 272 "-" "PostmanRuntime/7.29.2"

info: ::1 - - [02/Sep/2022:09:25:58 +0000] "POST /api/v1/notes HTTP/1.1" 500 52 "-" "PostmanRuntime/7.29.2"

info: ::1 - - [02/Sep/2022:09:27:07 +0000] "GET /api/v1/notes HTTP/1.1" 500 52 "-" "PostmanRuntime/7.29.2"

info: ::1 - - [02/Sep/2022:09:27:52 +0000] "GET /api/v1/notes/note_id HTTP/1.1" 500 52 "-" "PostmanRuntime/7.29.2"

info: ::1 - - [02/Sep/2022:09:29:25 +0000] "POST /api/v1/notes HTTP/1.1" 500 52 "-" "PostmanRuntime/7.29.2"

info: ::1 - - [02/Sep/2022:09:33:21 +0000] "GET /api/v1/note_id HTTP/1.1" 404 47 "-" "PostmanRuntime/7.29.2"

info: ::1 - - [02/Sep/2022:10:38:39 +0000] "GET /api/v1/notes HTTP/1.1" 500 52 "-" "PostmanRuntime/7.29.2"

info: ::1 - - [02/Sep/2022:10:42:02 +0000] "GET /api/v1/notes HTTP/1.1" 500 52 "-" "PostmanRuntime/7.29.2"

info: ::1 - - [02/Sep/2022:10:42:23 +0000] "GET /api/v1/notes HTTP/1.1" 500 52 "-" "PostmanRuntime/7.29.2"

info: ::1 - - [02/Sep/2022:11:35:50 +0000] "GET /api/v1/notes HTTP/1.1" 500 61 "-" "PostmanRuntime/7.29.2"

info: ::1 - - [02/Sep/2022:11:38:39 +0000] "GET /api/v1/notes HTTP/1.1" 500 61 "-" "PostmanRuntime/7.29.2"

info: ::1 - - [02/Sep/2022:11:40:42 +0000] "GET /api/v1/notes HTTP/1.1" 202 61 "-" "PostmanRuntime/7.29.2"

info: ::1 - - [02/Sep/2022:11:43:02 +0000] "POST /api/v1/notes HTTP/1.1" 201 219 "-" "PostmanRuntime/7.29.2"

info: ::1 - - [02/Sep/2022:11:44:13 +0000] "PUT /api/v1/notes/note_id HTTP/1.1" 500 141 "-" "PostmanRuntime/7.29.2"

info: ::1 - - [02/Sep/2022:11:49:49 +0000] "PUT /api/v1/notes/6311ec45556911f1082ec9fb HTTP/1.1" 500 141 "-" "PostmanRuntime/7.29.2"

info: ::1 - - [02/Sep/2022:11:53:29 +0000] "PUT /api/v1/notes/6311ec45556911f1082ec9fb HTTP/1.1" 202 237 "-" "PostmanRuntime/7.29.2"

info: ::1 - - [02/Sep/2022:11:54:39 +0000] "PUT /api/v1/notes/6311ec45556911f1082ec9fb HTTP/1.1" 202 257 "-" "PostmanRuntime/7.29.2"

info: ::1 - - [02/Sep/2022:11:55:42 +0000] "DELETE /api/v1/notes/6311ec45556911f1082ec9fb HTTP/1.1" 200 60 "-" "PostmanRuntime/7.29.2"

info: ::1 - - [02/Sep/2022:14:17:54 +0000] "POST /api/v1/notes HTTP/1.1" 201 223 "-" "PostmanRuntime/7.29.2"

info: ::1 - - [02/Sep/2022:14:18:21 +0000] "POST /api/v1/notes HTTP/1.1" 201 240 "-" "PostmanRuntime/7.29.2"

info: ::1 - - [02/Sep/2022:14:18:59 +0000] "GET /api/v1/notes HTTP/1.1" 202 407 "-" "PostmanRuntime/7.29.2"

info: ::1 - - [02/Sep/2022:14:19:45 +0000] "PUT /api/v1/notes HTTP/1.1" 404 47 "-" "PostmanRuntime/7.29.2"

info: ::1 - - [02/Sep/2022:14:21:28 +0000] "PUT /api/v1/notes/631210ac98c335048d704b0c HTTP/1.1" 202 257 "-" "PostmanRuntime/7.29.2"

info: ::1 - - [02/Sep/2022:14:21:48 +0000] "DELETE /api/v1/notes/631210ac98c335048d704b0c HTTP/1.1" 200 60 "-" "PostmanRuntime/7.29.2"

