info: ::1 - - [06/Sep/2022:02:36:38 +0000] "POST /api/v1/users/login HTTP/1.1" 202 272 "-" "PostmanRuntime/7.29.2"

info: ::1 - - [06/Sep/2022:02:37:07 +0000] "POST /api/v1/notes HTTP/1.1" 500 138 "-" "PostmanRuntime/7.29.2"

info: ::1 - - [06/Sep/2022:02:38:01 +0000] "POST /api/v1/notes HTTP/1.1" 500 92 "-" "PostmanRuntime/7.29.2"

info: ::1 - - [06/Sep/2022:02:38:11 +0000] "POST /api/v1/notes HTTP/1.1" 201 219 "-" "PostmanRuntime/7.29.2"

info: ::1 - - [06/Sep/2022:02:38:36 +0000] "GET /api/v1/notes HTTP/1.1" 202 2173 "-" "PostmanRuntime/7.29.2"

info: ::1 - - [06/Sep/2022:02:39:01 +0000] "POST /api/v1/notes HTTP/1.1" 201 219 "-" "PostmanRuntime/7.29.2"

info: ::1 - - [06/Sep/2022:02:39:44 +0000] "PUT /api/v1/notes HTTP/1.1" 404 47 "-" "PostmanRuntime/7.29.2"

info: ::1 - - [06/Sep/2022:02:40:05 +0000] "POST /api/v1/notes HTTP/1.1" 201 236 "-" "PostmanRuntime/7.29.2"

info: ::1 - - [06/Sep/2022:02:40:20 +0000] "PUT /api/v1/notes/6316b304a15ea23ba9c4bffd HTTP/1.1" 202 243 "-" "PostmanRuntime/7.29.2"

info: ::1 - - [06/Sep/2022:02:40:37 +0000] "PUT /api/v1/notes/6316b304a15ea23ba9c4bffd HTTP/1.1" 202 266 "-" "PostmanRuntime/7.29.2"

info: ::1 - - [06/Sep/2022:02:41:06 +0000] "DELETE /api/v1/notes/6316b304a15ea23ba9c4bffd HTTP/1.1" 200 60 "-" "PostmanRuntime/7.29.2"

info: ::1 - - [06/Sep/2022:11:26:51 +0000] "POST /api/v1/users/login HTTP/1.1" 202 272 "-" "PostmanRuntime/7.29.2"

info: ::1 - - [06/Sep/2022:11:28:56 +0000] "POST /api/v1/notes HTTP/1.1" 500 138 "-" "PostmanRuntime/7.29.2"

info: ::1 - - [06/Sep/2022:11:30:13 +0000] "POST /api/v1/notes HTTP/1.1" 201 157 "-" "PostmanRuntime/7.29.2"

info: ::1 - - [06/Sep/2022:11:30:51 +0000] "PUT /api/v1/notes/63172f45ca3630068d37c18c/isarchive HTTP/1.1" 200 56 "-" "PostmanRuntime/7.29.2"

info: ::1 - - [06/Sep/2022:11:31:31 +0000] "PUT /api/v1/notes/63172f45ca3630068d37c18c/istrash HTTP/1.1" 200 58 "-" "PostmanRuntime/7.29.2"

info: ::1 - - [06/Sep/2022:11:33:25 +0000] "PUT /api/v1/notes/63172f45ca3630068d37c18c/isarchive HTTP/1.1" 200 56 "-" "PostmanRuntime/7.29.2"

info: ::1 - - [06/Sep/2022:11:34:30 +0000] "PUT /api/v1/notes/63172f45ca3630068d37c18c/istrash HTTP/1.1" 200 58 "-" "PostmanRuntime/7.29.2"

info: ::1 - - [06/Sep/2022:12:52:42 +0000] "PUT /api/v1/notes/63172f45ca3630068d37c18c/istrash HTTP/1.1" 200 48 "-" "PostmanRuntime/7.29.2"

info: ::1 - - [06/Sep/2022:12:53:48 +0000] "PUT /api/v1/notes/63172f45ca3630068d37c18c/isarchive HTTP/1.1" 200 46 "-" "PostmanRuntime/7.29.2"

info: ::1 - - [06/Sep/2022:12:55:02 +0000] "PUT /api/v1/notes/63172f45ca3630068d37c18c/isarchive HTTP/1.1" 500 54 "-" "PostmanRuntime/7.29.2"

info: ::1 - - [06/Sep/2022:12:55:39 +0000] "PUT /api/v1/notes/63172f45ca3630068d37c18c/isarchive HTTP/1.1" 200 46 "-" "PostmanRuntime/7.29.2"

info: ::1 - - [06/Sep/2022:13:09:14 +0000] "PUT /api/v1/notes/63172f45ca3630068d37c18c/istrash HTTP/1.1" 200 48 "-" "PostmanRuntime/7.29.2"

info: ::1 - - [06/Sep/2022:13:12:59 +0000] "PUT /api/v1/notes/63172f45ca3630068d37c18c/isarchive HTTP/1.1" 200 46 "-" "PostmanRuntime/7.29.2"

info: ::1 - - [06/Sep/2022:13:14:32 +0000] "PUT /api/v1/notes/63172f45ca3630068d37c18c/istrash HTTP/1.1" 200 48 "-" "PostmanRuntime/7.29.2"

info: ::1 - - [06/Sep/2022:13:16:59 +0000] "PUT /api/v1/notes/63172f45ca3630068d37c18c/istrash HTTP/1.1" 200 154 "-" "PostmanRuntime/7.29.2"

info: ::1 - - [06/Sep/2022:13:17:52 +0000] "PUT /api/v1/notes/63172f45ca3630068d37c18c/isarchive HTTP/1.1" 200 152 "-" "PostmanRuntime/7.29.2"

info: ::1 - - [06/Sep/2022:15:09:28 +0000] "PUT /api/v1/notes/63172f45ca3630068d37c18c/isarchive HTTP/1.1" 200 152 "-" "PostmanRuntime/7.29.2"

info: ::1 - - [06/Sep/2022:15:11:29 +0000] "PUT /api/v1/notes/63172f45ca3630068d37c18c/isarchive HTTP/1.1" 200 152 "-" "PostmanRuntime/7.29.2"

