info: ::1 - - [29/Aug/2022:02:39:18 +0000] "POST /api/v1/users HTTP/1.1" 500 59 "-" "PostmanRuntime/7.29.2"

info: ::1 - - [29/Aug/2022:02:41:06 +0000] "POST /api/v1/users HTTP/1.1" 201 121 "-" "PostmanRuntime/7.29.2"

info: ::1 - - [29/Aug/2022:02:43:45 +0000] "POST /api/v1/users HTTP/1.1" 201 121 "-" "PostmanRuntime/7.29.2"

info: ::1 - - [29/Aug/2022:07:41:13 +0000] "GET /api/v1/users HTTP/1.1" 404 47 "-" "PostmanRuntime/7.29.2"

info: ::1 - - [29/Aug/2022:07:41:30 +0000] "GET /api/v1 HTTP/1.1" 200 9 "-" "PostmanRuntime/7.29.2"

info: ::1 - - [29/Aug/2022:07:41:46 +0000] "POST /api/v1/users HTTP/1.1" 201 333 "-" "PostmanRuntime/7.29.2"

info: ::1 - - [29/Aug/2022:07:42:00 +0000] "POST /api/v1/ HTTP/1.1" 404 47 "-" "PostmanRuntime/7.29.2"

info: ::1 - - [29/Aug/2022:07:42:22 +0000] "POST /api/v1/login HTTP/1.1" 404 47 "-" "PostmanRuntime/7.29.2"

info: ::1 - - [29/Aug/2022:07:42:32 +0000] "GET /api/v1/login HTTP/1.1" 404 47 "-" "PostmanRuntime/7.29.2"

info: ::1 - - [29/Aug/2022:07:43:01 +0000] "GET /api/v1/getlogin HTTP/1.1" 404 47 "-" "PostmanRuntime/7.29.2"

info: ::1 - - [29/Aug/2022:07:44:00 +0000] "GET /api/v1/login HTTP/1.1" 404 47 "-" "PostmanRuntime/7.29.2"

info: ::1 - - [29/Aug/2022:07:44:49 +0000] "GET /api/v1/getLogin HTTP/1.1" 404 47 "-" "PostmanRuntime/7.29.2"

info: ::1 - - [29/Aug/2022:07:45:01 +0000] "GET /api/v1 HTTP/1.1" 200 9 "-" "PostmanRuntime/7.29.2"

info: ::1 - - [29/Aug/2022:07:45:09 +0000] "GET /api/v1/user HTTP/1.1" 404 47 "-" "PostmanRuntime/7.29.2"

info: ::1 - - [29/Aug/2022:07:45:16 +0000] "POST /api/v1/user HTTP/1.1" 404 47 "-" "PostmanRuntime/7.29.2"

info: ::1 - - [29/Aug/2022:07:46:10 +0000] "POST /api/v1/newuser HTTP/1.1" 404 47 "-" "PostmanRuntime/7.29.2"

info: ::1 - - [29/Aug/2022:07:46:20 +0000] "GET /api/v1/ HTTP/1.1" 200 9 "-" "PostmanRuntime/7.29.2"

info: ::1 - - [29/Aug/2022:07:46:27 +0000] "GET /api/v1/user HTTP/1.1" 404 47 "-" "PostmanRuntime/7.29.2"

info: ::1 - - [29/Aug/2022:07:46:31 +0000] "GET /api/v1/users HTTP/1.1" 404 47 "-" "PostmanRuntime/7.29.2"

info: ::1 - - [29/Aug/2022:07:46:37 +0000] "POST /api/v1/users HTTP/1.1" 400 67 "-" "PostmanRuntime/7.29.2"

info: ::1 - - [29/Aug/2022:07:46:53 +0000] "POST /api/v1/users HTTP/1.1" 400 53 "-" "PostmanRuntime/7.29.2"

info: ::1 - - [29/Aug/2022:08:04:10 +0000] "POST /api/v1/login HTTP/1.1" 404 47 "-" "PostmanRuntime/7.29.2"

info: ::1 - - [29/Aug/2022:08:14:30 +0000] "POST /api/v1/users/login HTTP/1.1" 400 64 "-" "PostmanRuntime/7.29.2"

info: ::1 - - [29/Aug/2022:08:17:11 +0000] "POST /api/v1/users/login HTTP/1.1" 400 101 "-" "PostmanRuntime/7.29.2"

info: ::1 - - [29/Aug/2022:08:18:33 +0000] "POST /api/v1/users/login HTTP/1.1" 400 64 "-" "PostmanRuntime/7.29.2"

info: ::1 - - [29/Aug/2022:15:39:23 +0000] "POST /api/v1/users/login HTTP/1.1" 202 325 "-" "PostmanRuntime/7.29.2"

