info: ::1 - - [12/Sep/2022:08:39:07 +0000] "GET /api/v1/users HTTP/1.1" 404 47 "-" "PostmanRuntime/7.29.2"

info: ::1 - - [12/Sep/2022:08:42:12 +0000] "POST /api/v1/users HTTP/1.1" 201 320 "-" "PostmanRuntime/7.29.2"

info: ::1 - - [12/Sep/2022:08:42:37 +0000] "POST /api/v1/users/login HTTP/1.1" 202 248 "-" "PostmanRuntime/7.29.2"

info: ::1 - - [12/Sep/2022:08:42:52 +0000] "POST /api/v1/users/login HTTP/1.1" 202 248 "-" "PostmanRuntime/7.29.2"

info: ::1 - - [12/Sep/2022:08:43:59 +0000] "POST /api/v1/users/forgetpassword HTTP/1.1" 400 60 "-" "PostmanRuntime/7.29.2"

info: ::1 - - [12/Sep/2022:08:51:02 +0000] "POST /api/v1/users/forgetpassword HTTP/1.1" 400 60 "-" "PostmanRuntime/7.29.2"

info: ::1 - - [12/Sep/2022:09:19:05 +0000] "POST /api/v1/users/forgetpassword HTTP/1.1" 400 60 "-" "PostmanRuntime/7.29.2"

info: ::1 - - [12/Sep/2022:09:19:41 +0000] "POST /api/v1/users/forgetpassword HTTP/1.1" 400 60 "-" "PostmanRuntime/7.29.2"

info: ::1 - - [12/Sep/2022:11:07:44 +0000] "POST /api/v1/users/forgetpassword HTTP/1.1" 400 60 "-" "PostmanRuntime/7.29.2"

info: ::1 - - [12/Sep/2022:11:19:15 +0000] "POST /api/v1/users/forgetpassword HTTP/1.1" 400 60 "-" "PostmanRuntime/7.29.2"

info: ::1 - - [12/Sep/2022:11:22:28 +0000] "POST /api/v1/users/forgetpassword HTTP/1.1" 400 60 "-" "PostmanRuntime/7.29.2"

info: ::1 - - [12/Sep/2022:11:26:11 +0000] "POST /api/v1/users/forgetpassword HTTP/1.1" 400 60 "-" "PostmanRuntime/7.29.2"

info: ::1 - - [12/Sep/2022:11:34:32 +0000] "POST /api/v1/users/forgetpassword HTTP/1.1" 200 87 "-" "PostmanRuntime/7.29.2"

info: ::1 - - [12/Sep/2022:11:44:07 +0000] "POST /api/v1/users/login HTTP/1.1" 202 251 "-" "PostmanRuntime/7.29.2"

info: ::1 - - [12/Sep/2022:11:49:19 +0000] "PUT /api/v1/notes/63184b076fff3c3519f6e74e/isarchive HTTP/1.1" 200 58 "-" "PostmanRuntime/7.29.2"

info: ::1 - - [12/Sep/2022:11:49:59 +0000] "PUT /api/v1/notes/63184b076fff3c3519f6e74e/istrash HTTP/1.1" 200 60 "-" "PostmanRuntime/7.29.2"

info: ::1 - - [12/Sep/2022:11:58:18 +0000] "PUT /api/v1/notes/631a877ca4c36567f9b70f07/isarchive HTTP/1.1" 200 293 "-" "PostmanRuntime/7.29.2"

info: ::1 - - [12/Sep/2022:12:01:34 +0000] "PUT /api/v1/notes/631a877ca4c36567f9b70f07/isarchive HTTP/1.1" 200 293 "-" "PostmanRuntime/7.29.2"

info: ::1 - - [12/Sep/2022:12:01:53 +0000] "PUT /api/v1/notes/631a877ca4c36567f9b70f07/istrash HTTP/1.1" 200 295 "-" "PostmanRuntime/7.29.2"

info: ::1 - - [12/Sep/2022:12:03:53 +0000] "POST /api/v1/users/forgetpassword HTTP/1.1" 200 104 "-" "PostmanRuntime/7.29.2"

info: ::1 - - [12/Sep/2022:12:05:14 +0000] "POST /api/v1/users/forgetpassword HTTP/1.1" 200 60 "-" "PostmanRuntime/7.29.2"

info: ::1 - - [12/Sep/2022:12:08:48 +0000] "POST /api/v1/users/login HTTP/1.1" 202 251 "-" "PostmanRuntime/7.29.2"

info: ::1 - - [12/Sep/2022:12:09:36 +0000] "POST /api/v1/users/forgetpassword HTTP/1.1" 200 60 "-" "PostmanRuntime/7.29.2"

info: ::1 - - [12/Sep/2022:12:13:27 +0000] "POST /api/v1/users/forgetpassword HTTP/1.1" 200 60 "-" "PostmanRuntime/7.29.2"

info: ::1 - - [12/Sep/2022:12:14:32 +0000] "POST /api/v1/users/forgetpassword HTTP/1.1" 200 60 "-" "PostmanRuntime/7.29.2"

info: ::1 - - [12/Sep/2022:12:16:04 +0000] "POST /api/v1/users/forgetpassword HTTP/1.1" 200 60 "-" "PostmanRuntime/7.29.2"

