info: ::1 - - [05/Sep/2022:02:41:41 +0000] "POST /api/v1/notes HTTP/1.1" 201 249 "-" "PostmanRuntime/7.29.2"

info: ::1 - - [05/Sep/2022:09:58:45 +0000] "POST /api/v1/users/login HTTP/1.1" 202 272 "-" "PostmanRuntime/7.29.2"

info: ::1 - - [05/Sep/2022:10:06:43 +0000] "GET /api/v1/users/login/ HTTP/1.1" 404 47 "-" "PostmanRuntime/7.29.2"

info: ::1 - - [05/Sep/2022:11:31:57 +0000] "POST /api/v1/users/login HTTP/1.1" 202 272 "-" "PostmanRuntime/7.29.2"

info: ::1 - - [05/Sep/2022:15:38:02 +0000] "POST /api/v1/notes/ HTTP/1.1" 201 250 "-" "PostmanRuntime/7.29.2"

info: ::1 - - [05/Sep/2022:15:39:48 +0000] "POST /api/v1/notes/ HTTP/1.1" 201 233 "-" "PostmanRuntime/7.29.2"

info: ::1 - - [05/Sep/2022:15:44:23 +0000] "POST /api/v1/notes/ HTTP/1.1" 500 138 "-" "PostmanRuntime/7.29.2"

info: ::1 - - [05/Sep/2022:15:45:04 +0000] "POST /api/v1/notes/ HTTP/1.1" 500 91 "-" "PostmanRuntime/7.29.2"

info: ::1 - - [05/Sep/2022:15:45:38 +0000] "POST /api/v1/notes/ HTTP/1.1" 201 232 "-" "PostmanRuntime/7.29.2"

info: ::1 - - [05/Sep/2022:15:51:09 +0000] "POST /api/v1/users/login HTTP/1.1" 202 272 "-" "PostmanRuntime/7.29.2"

info: ::1 - - [05/Sep/2022:15:53:16 +0000] "POST /api/v1/notes HTTP/1.1" 201 218 "-" "PostmanRuntime/7.29.2"

info: ::1 - - [05/Sep/2022:15:55:58 +0000] "PUT /api/v1/notes/630f32c17b7017d170e7e7ad HTTP/1.1" 202 70 "-" "PostmanRuntime/7.29.2"

info: ::1 - - [05/Sep/2022:15:56:45 +0000] "PUT /api/v1/notes_id/630f32c17b7017d170e7e7ad HTTP/1.1" 404 47 "-" "PostmanRuntime/7.29.2"

info: ::1 - - [05/Sep/2022:15:57:29 +0000] "PUT /api/v1/notes/6311ec45556911f1082ec9fb HTTP/1.1" 202 70 "-" "PostmanRuntime/7.29.2"

info: ::1 - - [05/Sep/2022:16:03:17 +0000] "POST /api/v1/notes HTTP/1.1" 201 218 "-" "PostmanRuntime/7.29.2"

info: ::1 - - [05/Sep/2022:16:04:42 +0000] "PUT /api/v1/notes/630f32c17b7017d170e7e7ad HTTP/1.1" 202 70 "-" "PostmanRuntime/7.29.2"

info: ::1 - - [05/Sep/2022:16:11:22 +0000] "POST /api/v1/users/login HTTP/1.1" 202 272 "-" "PostmanRuntime/7.29.2"

info: ::1 - - [05/Sep/2022:16:12:31 +0000] "POST /api/v1/notes HTTP/1.1" 201 250 "-" "PostmanRuntime/7.29.2"

info: ::1 - - [05/Sep/2022:16:12:34 +0000] "POST /api/v1/notes HTTP/1.1" 201 250 "-" "PostmanRuntime/7.29.2"

info: ::1 - - [05/Sep/2022:16:14:02 +0000] "PUT /api/v1/notes/63161ff1af7e2a1fb1d42542 HTTP/1.1" 202 233 "-" "PostmanRuntime/7.29.2"

info: ::1 - - [05/Sep/2022:16:14:58 +0000] "POST /api/v1/notes HTTP/1.1" 201 226 "-" "PostmanRuntime/7.29.2"

