info: ::1 - - [08/Sep/2022:01:21:18 +0000] "GET /api/v1/notes/6318818090c56efdf42a7b4f HTTP/1.1" 500 73 "-" "PostmanRuntime/7.29.2"

info: ::1 - - [08/Sep/2022:01:23:13 +0000] "GET /api/v1/notes/6318818090c56efdf42a7b4f/isarchive HTTP/1.1" 404 47 "-" "PostmanRuntime/7.29.2"

info: ::1 - - [08/Sep/2022:01:29:22 +0000] "GET /api/v1/notes/6318818090c56efdf42a7b4f/isarchive HTTP/1.1" 404 47 "-" "PostmanRuntime/7.29.2"

info: ::1 - - [08/Sep/2022:01:29:31 +0000] "PUT /api/v1/notes/6318818090c56efdf42a7b4f/isarchive HTTP/1.1" 200 328 "-" "PostmanRuntime/7.29.2"

info: ::1 - - [08/Sep/2022:01:29:58 +0000] "PUT /api/v1/notes/6318818090c56efdf42a7b4f HTTP/1.1" 202 340 "-" "PostmanRuntime/7.29.2"

info: ::1 - - [08/Sep/2022:01:30:19 +0000] "GET /api/v1/notes/6318818090c56efdf42a7b4f HTTP/1.1" 500 73 "-" "PostmanRuntime/7.29.2"

info: ::1 - - [08/Sep/2022:01:35:23 +0000] "PUT /api/v1/notes/6318818090c56efdf42a7b4f/istrash HTTP/1.1" 200 330 "-" "PostmanRuntime/7.29.2"

info: ::1 - - [08/Sep/2022:03:05:08 +0000] "GET /api/v1/notes/6318818090c56efdf42a7b4f/getAnote HTTP/1.1" 500 61 "-" "PostmanRuntime/7.29.2"

info: ::1 - - [08/Sep/2022:03:07:55 +0000] "GET /api/v1/notes/6318818090c56efdf42a7b4f/getAnote HTTP/1.1" 500 85 "-" "PostmanRuntime/7.29.2"

info: ::1 - - [08/Sep/2022:03:09:45 +0000] "GET /api/v1/notes/6318818090c56efdf42a7b4f/getAnote HTTP/1.1" 200 62 "-" "PostmanRuntime/7.29.2"

info: ::1 - - [08/Sep/2022:03:11:29 +0000] "GET /api/v1/notes/6318818090c56efdf42a7b4f/getAnote HTTP/1.1" 500 89 "-" "PostmanRuntime/7.29.2"

info: ::1 - - [08/Sep/2022:03:13:19 +0000] "GET /api/v1/notes HTTP/1.1" 202 335 "-" "PostmanRuntime/7.29.2"

info: ::1 - - [08/Sep/2022:07:05:56 +0000] "GET /api/v1/notes/6318818090c56efdf42a7b4f/getAnote HTTP/1.1" 500 61 "-" "PostmanRuntime/7.29.2"

info: ::1 - - [08/Sep/2022:07:07:44 +0000] "GET /api/v1/notes/6318818090c56efdf42a7b4f/getAnote HTTP/1.1" 200 332 "-" "PostmanRuntime/7.29.2"

info: ::1 - - [08/Sep/2022:07:10:50 +0000] "DELETE /api/v1/notes/6318818090c56efdf42a7b4f/delete HTTP/1.1" 200 61 "-" "PostmanRuntime/7.29.2"

info: ::1 - - [08/Sep/2022:07:11:17 +0000] "GET /api/v1/notes/6318818090c56efdf42a7b4f/getAnote HTTP/1.1" 200 62 "-" "PostmanRuntime/7.29.2"

info: ::1 - - [08/Sep/2022:07:25:42 +0000] "POST /api/v1/users HTTP/1.1" 201 323 "-" "PostmanRuntime/7.29.2"

info: ::1 - - [08/Sep/2022:07:26:36 +0000] "POST /api/v1/users/login HTTP/1.1" 202 252 "-" "PostmanRuntime/7.29.2"

info: ::1 - - [08/Sep/2022:07:28:25 +0000] "POST /api/v1/notes HTTP/1.1" 201 271 "-" "PostmanRuntime/7.29.2"

info: ::1 - - [08/Sep/2022:07:29:40 +0000] "PUT /api/v1/notes/63199998d10c8557654e41bf HTTP/1.1" 202 296 "-" "PostmanRuntime/7.29.2"

info: ::1 - - [08/Sep/2022:07:29:57 +0000] "PUT /api/v1/notes/63199998d10c8557654e41bf/isarchive HTTP/1.1" 500 83 "-" "PostmanRuntime/7.29.2"

info: ::1 - - [08/Sep/2022:07:31:11 +0000] "PUT /api/v1/notes/63199998d10c8557654e41bf/isarchive HTTP/1.1" 500 83 "-" "PostmanRuntime/7.29.2"

info: ::1 - - [08/Sep/2022:07:33:17 +0000] "PUT /api/v1/notes/63199998d10c8557654e41bf/isarchive HTTP/1.1" 200 302 "-" "PostmanRuntime/7.29.2"

info: ::1 - - [08/Sep/2022:07:33:36 +0000] "PUT /api/v1/notes/63199998d10c8557654e41bf/istrash HTTP/1.1" 200 321 "-" "PostmanRuntime/7.29.2"

info: ::1 - - [08/Sep/2022:07:34:04 +0000] "GET /api/v1/notes/63199998d10c8557654e41bf/getAnote HTTP/1.1" 200 323 "-" "PostmanRuntime/7.29.2"

info: ::1 - - [08/Sep/2022:07:34:17 +0000] "GET /api/v1/notes/63199998d10c8557654e41bf HTTP/1.1" 404 47 "-" "PostmanRuntime/7.29.2"

info: ::1 - - [08/Sep/2022:07:34:26 +0000] "GET /api/v1/notes HTTP/1.1" 202 326 "-" "PostmanRuntime/7.29.2"

info: ::1 - - [08/Sep/2022:07:38:07 +0000] "GET /api/v1/notes/63199998d10c8557654e41bf/isarchive HTTP/1.1" 404 47 "-" "PostmanRuntime/7.29.2"

info: ::1 - - [08/Sep/2022:07:38:17 +0000] "PUT /api/v1/notes/63199998d10c8557654e41bf/isarchive HTTP/1.1" 500 83 "-" "PostmanRuntime/7.29.2"

info: ::1 - - [08/Sep/2022:07:40:14 +0000] "PUT /api/v1/notes/63199998d10c8557654e41bf/isarchive HTTP/1.1" 500 83 "-" "PostmanRuntime/7.29.2"

