info: Server started at http://localhost:3000/api/v1/ {"timestamp":"2022-09-05T02:41:01.901Z"}
info: Connected to the database. {"timestamp":"2022-09-05T02:41:11.551Z"}
info: Server started at http://localhost:3000/api/v1/ {"timestamp":"2022-09-05T15:19:53.488Z"}
info: Connected to the database. {"timestamp":"2022-09-05T15:20:06.467Z"}
error: 
    status - 500 
    message - ValidationError: Notes validation failed: Description: Path `Description` is required., Title: Path `Title` is required.
    at model.Document.invalidate (D:\CPF Batch\Fandoo-Notes\FandooNotes\node_modules\mongoose\lib\document.js:2782:32)
    at D:\CPF Batch\Fandoo-Notes\FandooNotes\node_modules\mongoose\lib\document.js:2574:17
    at D:\CPF Batch\Fandoo-Notes\FandooNotes\node_modules\mongoose\lib\schematype.js:1273:9
    at processTicksAndRejections (node:internal/process/task_queues:78:11) 
    url - /api/v1/notes/ 
    method - POST 
    IP - ::1
   {"timestamp":"2022-09-05T15:44:23.642Z"}
error: 
    status - 500 
    message - Error: getaddrinfo ENOTFOUND demo-shard-00-02.aoloa.mongodb.net
    at GetAddrInfoReqWrap.onlookup [as oncomplete] (node:dns:71:26) 
    url - /api/v1/notes/ 
    method - POST 
    IP - ::1
   {"timestamp":"2022-09-05T15:45:04.168Z"}
info: Server started at http://localhost:3000/api/v1/ {"timestamp":"2022-09-05T16:00:53.734Z"}
info: Connected to the database. {"timestamp":"2022-09-05T16:02:19.687Z"}
info: Server started at http://localhost:3000/api/v1/ {"timestamp":"2022-09-05T16:07:59.124Z"}
info: Connected to the database. {"timestamp":"2022-09-05T16:08:08.790Z"}
info: Server started at http://localhost:3000/api/v1/ {"timestamp":"2022-09-05T16:08:33.038Z"}
info: Connected to the database. {"timestamp":"2022-09-05T16:08:38.571Z"}
info: Server started at http://localhost:3000/api/v1/ {"timestamp":"2022-09-05T16:10:30.141Z"}
info: Connected to the database. {"timestamp":"2022-09-05T16:10:39.190Z"}
