info: Server started at http://localhost:3000/api/v1/ {"timestamp":"2022-09-09T00:15:35.549Z"}
info: Connected to the database. {"timestamp":"2022-09-09T00:15:57.610Z"}
error: 
    status - 500 
    message - ValidationError: Notes validation failed: Description: Path `Description` is required., Title: Path `Title` is required.
    at model.Document.invalidate (D:\CPF Batch\Fandoo-Notes\FandooNotes\node_modules\mongoose\lib\document.js:2782:32)
    at D:\CPF Batch\Fandoo-Notes\FandooNotes\node_modules\mongoose\lib\document.js:2574:17
    at D:\CPF Batch\Fandoo-Notes\FandooNotes\node_modules\mongoose\lib\schematype.js:1273:9
    at processTicksAndRejections (node:internal/process/task_queues:78:11) 
    url - /api/v1/notes 
    method - POST 
    IP - ::1
   {"timestamp":"2022-09-09T00:21:37.835Z"}
info: Server started at http://localhost:3000/api/v1/ {"timestamp":"2022-09-09T09:45:17.502Z"}
info: Connected to the database. {"timestamp":"2022-09-09T09:45:26.934Z"}
error: 
    status - 500 
    message - CastError: Cast to ObjectId failed for value "{ _id: undefined, UserId: undefined }" (type Object) at path "_id" for model "Notes"
    at model.Query.exec (D:\CPF Batch\Fandoo-Notes\FandooNotes\node_modules\mongoose\lib\query.js:4498:21)
    at model.Query.Query.then (D:\CPF Batch\Fandoo-Notes\FandooNotes\node_modules\mongoose\lib\query.js:4592:15)
    at processTicksAndRejections (node:internal/process/task_queues:96:5) 
    url - /api/v1/notes/631a877ca4c36567f9b70f07/isarchive 
    method - PUT 
    IP - ::1
   {"timestamp":"2022-09-09T09:46:10.271Z"}
info: Server started at http://localhost:3000/api/v1/ {"timestamp":"2022-09-09T09:46:43.755Z"}
info: Connected to the database. {"timestamp":"2022-09-09T09:47:03.553Z"}
info: Server started at http://localhost:3000/api/v1/ {"timestamp":"2022-09-09T09:47:49.922Z"}
info: Connected to the database. {"timestamp":"2022-09-09T09:47:55.679Z"}
info: Server started at http://localhost:3000/api/v1/ {"timestamp":"2022-09-09T11:13:26.148Z"}
info: Connected to the database. {"timestamp":"2022-09-09T11:13:31.621Z"}
