info: Server started at http://localhost:3000/api/v1/ {"timestamp":"2022-09-12T06:35:42.487Z"}
info: Connected to the database. {"timestamp":"2022-09-12T06:35:51.825Z"}
info: Server started at http://localhost:3000/api/v1/ {"timestamp":"2022-09-12T08:50:01.973Z"}
info: Connected to the database. {"timestamp":"2022-09-12T08:50:05.710Z"}
error: 
    status - 500 
    message - SyntaxError: Unexpected token } in JSON at position 51
    at JSON.parse (<anonymous>)
    at parse (D:\CPF Batch\Fandoo-Notes\FandooNotes\node_modules\body-parser\lib\types\json.js:89:19)
    at D:\CPF Batch\Fandoo-Notes\FandooNotes\node_modules\body-parser\lib\read.js:128:18
    at AsyncResource.runInAsyncScope (node:async_hooks:202:9)
    at invokeCallback (D:\CPF Batch\Fandoo-Notes\FandooNotes\node_modules\raw-body\index.js:231:16)
    at done (D:\CPF Batch\Fandoo-Notes\FandooNotes\node_modules\raw-body\index.js:220:7)
    at IncomingMessage.onEnd (D:\CPF Batch\Fandoo-Notes\FandooNotes\node_modules\raw-body\index.js:280:7)
    at IncomingMessage.emit (node:events:539:35)
    at IncomingMessage.emit (node:domain:475:12)
    at endReadableNT (node:internal/streams/readable:1345:12)
    at processTicksAndRejections (node:internal/process/task_queues:83:21) 
    url - /api/v1/users/forgetpassword 
    method - POST 
    IP - ::1
   {"timestamp":"2022-09-12T08:50:53.198Z"}
info: Server started at http://localhost:3000/api/v1/ {"timestamp":"2022-09-12T09:19:33.133Z"}
info: Connected to the database. {"timestamp":"2022-09-12T09:19:36.703Z"}
info: Server started at http://localhost:3000/api/v1/ {"timestamp":"2022-09-12T11:11:04.457Z"}
info: Connected to the database. {"timestamp":"2022-09-12T11:11:12.622Z"}
info: Server started at http://localhost:3000/api/v1/ {"timestamp":"2022-09-12T11:18:59.922Z"}
info: Connected to the database. {"timestamp":"2022-09-12T11:19:08.970Z"}
info: Server started at http://localhost:3000/api/v1/ {"timestamp":"2022-09-12T11:22:19.002Z"}
info: Connected to the database. {"timestamp":"2022-09-12T11:22:22.614Z"}
info: Server started at http://localhost:3000/api/v1/ {"timestamp":"2022-09-12T11:25:58.410Z"}
info: Connected to the database. {"timestamp":"2022-09-12T11:26:07.132Z"}
info: Server started at http://localhost:3000/api/v1/ {"timestamp":"2022-09-12T11:34:14.080Z"}
info: Connected to the database. {"timestamp":"2022-09-12T11:34:22.943Z"}
info: Server started at http://localhost:3000/api/v1/ {"timestamp":"2022-09-12T11:38:17.132Z"}
info: Connected to the database. {"timestamp":"2022-09-12T11:38:26.000Z"}
info: Server started at http://localhost:3000/api/v1/ {"timestamp":"2022-09-12T11:38:40.277Z"}
info: Connected to the database. {"timestamp":"2022-09-12T11:38:48.606Z"}
info: Server started at http://localhost:3000/api/v1/ {"timestamp":"2022-09-12T11:55:59.358Z"}
info: Connected to the database. {"timestamp":"2022-09-12T11:56:08.946Z"}
info: Server started at http://localhost:3000/api/v1/ {"timestamp":"2022-09-12T12:03:33.486Z"}
info: Connected to the database. {"timestamp":"2022-09-12T12:03:42.025Z"}
info: Server started at http://localhost:3000/api/v1/ {"timestamp":"2022-09-12T12:04:47.331Z"}
info: Connected to the database. {"timestamp":"2022-09-12T12:04:51.415Z"}
info: Server started at http://localhost:3000/api/v1/ {"timestamp":"2022-09-12T12:04:55.900Z"}
info: Connected to the database. {"timestamp":"2022-09-12T12:05:04.073Z"}
info: Server started at http://localhost:3000/api/v1/ {"timestamp":"2022-09-12T12:12:30.506Z"}
info: Connected to the database. {"timestamp":"2022-09-12T12:12:39.074Z"}
info: Server started at http://localhost:3000/api/v1/ {"timestamp":"2022-09-12T12:12:54.440Z"}
info: Connected to the database. {"timestamp":"2022-09-12T12:13:02.625Z"}
info: Server started at http://localhost:3000/api/v1/ {"timestamp":"2022-09-12T12:14:20.577Z"}
info: Connected to the database. {"timestamp":"2022-09-12T12:14:24.170Z"}
info: Server started at http://localhost:3000/api/v1/ {"timestamp":"2022-09-12T12:15:48.566Z"}
info: Connected to the database. {"timestamp":"2022-09-12T12:15:58.426Z"}
info: Server started at http://localhost:3000/api/v1/ {"timestamp":"2022-09-12T12:19:22.758Z"}
info: Connected to the database. {"timestamp":"2022-09-12T12:19:31.831Z"}
info: Server started at http://localhost:3000/api/v1/ {"timestamp":"2022-09-12T12:19:46.666Z"}
