info: Server started at http://localhost:3000/api/v1/ {"timestamp":"2022-09-06T02:35:14.718Z"}
info: Connected to the database. {"timestamp":"2022-09-06T02:35:23.615Z"}
error: 
    status - 500 
    message - ValidationError: Notes validation failed: Description: Path `Description` is required., Title: Path `Title` is required.
    at model.Document.invalidate (D:\CPF Batch\Fandoo-Notes\FandooNotes\node_modules\mongoose\lib\document.js:2782:32)
    at D:\CPF Batch\Fandoo-Notes\FandooNotes\node_modules\mongoose\lib\document.js:2574:17
    at D:\CPF Batch\Fandoo-Notes\FandooNotes\node_modules\mongoose\lib\schematype.js:1273:9
    at processTicksAndRejections (node:internal/process/task_queues:78:11) 
    url - /api/v1/notes 
    method - POST 
    IP - ::1
   {"timestamp":"2022-09-06T02:37:07.014Z"}
error: 
    status - 500 
    message - ValidationError: Notes validation failed: Title: Path `Title` is required.
    at model.Document.invalidate (D:\CPF Batch\Fandoo-Notes\FandooNotes\node_modules\mongoose\lib\document.js:2782:32)
    at D:\CPF Batch\Fandoo-Notes\FandooNotes\node_modules\mongoose\lib\document.js:2574:17
    at D:\CPF Batch\Fandoo-Notes\FandooNotes\node_modules\mongoose\lib\schematype.js:1273:9
    at processTicksAndRejections (node:internal/process/task_queues:78:11) 
    url - /api/v1/notes 
    method - POST 
    IP - ::1
   {"timestamp":"2022-09-06T02:38:01.081Z"}
info: Server started at http://localhost:3000/api/v1/ {"timestamp":"2022-09-06T09:39:51.776Z"}
info: Connected to the database. {"timestamp":"2022-09-06T09:39:57.333Z"}
info: Server started at http://localhost:3000/api/v1/ {"timestamp":"2022-09-06T10:17:35.887Z"}
info: Connected to the database. {"timestamp":"2022-09-06T10:17:45.333Z"}
info: Server started at http://localhost:3000/api/v1/ {"timestamp":"2022-09-06T10:34:28.319Z"}
info: Connected to the database. {"timestamp":"2022-09-06T10:34:37.284Z"}
info: Server started at http://localhost:3000/api/v1/ {"timestamp":"2022-09-06T10:35:23.207Z"}
info: Connected to the database. {"timestamp":"2022-09-06T10:35:26.485Z"}
info: Server started at http://localhost:3000/api/v1/ {"timestamp":"2022-09-06T10:35:39.050Z"}
info: Connected to the database. {"timestamp":"2022-09-06T10:35:42.912Z"}
info: Server started at http://localhost:3000/api/v1/ {"timestamp":"2022-09-06T10:37:46.971Z"}
info: Connected to the database. {"timestamp":"2022-09-06T10:37:55.715Z"}
error: 
    status - 500 
    message - ValidationError: Notes validation failed: Description: Path `Description` is required., Title: Path `Title` is required.
    at model.Document.invalidate (D:\CPF Batch\Fandoo-Notes\FandooNotes\node_modules\mongoose\lib\document.js:2782:32)
    at D:\CPF Batch\Fandoo-Notes\FandooNotes\node_modules\mongoose\lib\document.js:2574:17
    at D:\CPF Batch\Fandoo-Notes\FandooNotes\node_modules\mongoose\lib\schematype.js:1273:9
    at processTicksAndRejections (node:internal/process/task_queues:78:11) 
    url - /api/v1/notes 
    method - POST 
    IP - ::1
   {"timestamp":"2022-09-06T11:28:56.763Z"}
info: Server started at http://localhost:3000/api/v1/ {"timestamp":"2022-09-06T11:38:09.494Z"}
info: Connected to the database. {"timestamp":"2022-09-06T11:38:20.614Z"}
info: Server started at http://localhost:3000/api/v1/ {"timestamp":"2022-09-06T12:51:22.347Z"}
info: Connected to the database. {"timestamp":"2022-09-06T12:51:31.481Z"}
info: Server started at http://localhost:3000/api/v1/ {"timestamp":"2022-09-06T12:54:21.494Z"}
info: Connected to the database. {"timestamp":"2022-09-06T12:54:31.337Z"}
error: 
    status - 500 
    message - ReferenceError: data is not defined
    at _callee6$ (D:\CPF Batch\Fandoo-Notes\FandooNotes\src\controllers\/notes.controller.js:115:18)
    at tryCatch (D:\CPF Batch\Fandoo-Notes\FandooNotes\node_modules\@babel\runtime\helpers\regeneratorRuntime.js:86:17)
    at Generator._invoke (D:\CPF Batch\Fandoo-Notes\FandooNotes\node_modules\@babel\runtime\helpers\regeneratorRuntime.js:66:24)
    at Generator.next (D:\CPF Batch\Fandoo-Notes\FandooNotes\node_modules\@babel\runtime\helpers\regeneratorRuntime.js:117:21)
    at asyncGeneratorStep (D:\CPF Batch\Fandoo-Notes\FandooNotes\node_modules\@babel\runtime\helpers\asyncToGenerator.js:3:24)
    at _next (D:\CPF Batch\Fandoo-Notes\FandooNotes\node_modules\@babel\runtime\helpers\asyncToGenerator.js:25:9)
    at processTicksAndRejections (node:internal/process/task_queues:96:5) 
    url - /api/v1/notes/63172f45ca3630068d37c18c/isarchive 
    method - PUT 
    IP - ::1
   {"timestamp":"2022-09-06T12:55:02.780Z"}
info: Server started at http://localhost:3000/api/v1/ {"timestamp":"2022-09-06T12:55:29.291Z"}
info: Connected to the database. {"timestamp":"2022-09-06T12:55:33.704Z"}
info: Server started at http://localhost:3000/api/v1/ {"timestamp":"2022-09-06T13:16:27.090Z"}
info: Connected to the database. {"timestamp":"2022-09-06T13:16:36.023Z"}
info: Server started at http://localhost:3000/api/v1/ {"timestamp":"2022-09-06T13:16:56.027Z"}
info: Connected to the database. {"timestamp":"2022-09-06T13:16:59.298Z"}
info: Server started at http://localhost:3000/api/v1/ {"timestamp":"2022-09-06T15:11:10.543Z"}
info: Connected to the database. {"timestamp":"2022-09-06T15:11:21.616Z"}
