info: Server started at http://localhost:3000/api/v1/ {"timestamp":"2022-09-16T01:29:42.674Z"}
info: Connected to the database. {"timestamp":"2022-09-16T01:29:52.452Z"}
info: Server started at http://localhost:3000/api/v1/ {"timestamp":"2022-09-16T01:42:44.085Z"}
info: Connected to the database. {"timestamp":"2022-09-16T01:42:48.537Z"}
info: Server started at http://localhost:3000/api/v1/ {"timestamp":"2022-09-16T02:42:26.461Z"}
info: Connected to the database. {"timestamp":"2022-09-16T02:42:35.075Z"}
info: Server started at http://localhost:3000/api/v1/ {"timestamp":"2022-09-16T02:50:01.765Z"}
info: Connected to the database. {"timestamp":"2022-09-16T02:50:10.404Z"}
info: Server started at http://localhost:3000/api/v1/ {"timestamp":"2022-09-16T02:50:27.549Z"}
info: Connected to the database. {"timestamp":"2022-09-16T02:50:35.788Z"}
info: Server started at http://localhost:3000/api/v1/ {"timestamp":"2022-09-16T02:51:25.986Z"}
info: Connected to the database. {"timestamp":"2022-09-16T02:51:34.483Z"}
error: 
    status - 500 
    message - TypeError: Cannot read properties of undefined (reading 'UserId')
    at _callee3$ (D:\CPF Batch\Fandoo-Notes\FandooNotes\src\services\/notes.service.js:21:63)
    at tryCatch (D:\CPF Batch\Fandoo-Notes\FandooNotes\node_modules\@babel\runtime\helpers\regeneratorRuntime.js:86:17)
    at Generator._invoke (D:\CPF Batch\Fandoo-Notes\FandooNotes\node_modules\@babel\runtime\helpers\regeneratorRuntime.js:66:24)
    at Generator.next (D:\CPF Batch\Fandoo-Notes\FandooNotes\node_modules\@babel\runtime\helpers\regeneratorRuntime.js:117:21)
    at asyncGeneratorStep (D:\CPF Batch\Fandoo-Notes\FandooNotes\node_modules\@babel\runtime\helpers\asyncToGenerator.js:3:24)
    at _next (D:\CPF Batch\Fandoo-Notes\FandooNotes\node_modules\@babel\runtime\helpers\asyncToGenerator.js:25:9)
    at D:\CPF Batch\Fandoo-Notes\FandooNotes\node_modules\@babel\runtime\helpers\asyncToGenerator.js:32:7
    at new Promise (<anonymous>)
    at Object.<anonymous> (D:\CPF Batch\Fandoo-Notes\FandooNotes\node_modules\@babel\runtime\helpers\asyncToGenerator.js:21:12)
    at Object.getANote (D:\CPF Batch\Fandoo-Notes\FandooNotes\src\services\/notes.service.js:20:22)
    at _callee3$ (D:\CPF Batch\Fandoo-Notes\FandooNotes\src\controllers\/notes.controller.js:52:41)
    at tryCatch (D:\CPF Batch\Fandoo-Notes\FandooNotes\node_modules\@babel\runtime\helpers\regeneratorRuntime.js:86:17)
    at Generator._invoke (D:\CPF Batch\Fandoo-Notes\FandooNotes\node_modules\@babel\runtime\helpers\regeneratorRuntime.js:66:24)
    at Generator.next (D:\CPF Batch\Fandoo-Notes\FandooNotes\node_modules\@babel\runtime\helpers\regeneratorRuntime.js:117:21)
    at asyncGeneratorStep (D:\CPF Batch\Fandoo-Notes\FandooNotes\node_modules\@babel\runtime\helpers\asyncToGenerator.js:3:24)
    at _next (D:\CPF Batch\Fandoo-Notes\FandooNotes\node_modules\@babel\runtime\helpers\asyncToGenerator.js:25:9) 
    url - /api/v1/notes/%7Bid%7D/getAnote 
    method - GET 
    IP - ::1
   {"timestamp":"2022-09-16T02:56:04.974Z"}
error: 
    status - 500 
    message - TypeError: Cannot read properties of undefined (reading 'UserId')
    at _callee3$ (D:\CPF Batch\Fandoo-Notes\FandooNotes\src\services\/notes.service.js:21:63)
    at tryCatch (D:\CPF Batch\Fandoo-Notes\FandooNotes\node_modules\@babel\runtime\helpers\regeneratorRuntime.js:86:17)
    at Generator._invoke (D:\CPF Batch\Fandoo-Notes\FandooNotes\node_modules\@babel\runtime\helpers\regeneratorRuntime.js:66:24)
    at Generator.next (D:\CPF Batch\Fandoo-Notes\FandooNotes\node_modules\@babel\runtime\helpers\regeneratorRuntime.js:117:21)
    at asyncGeneratorStep (D:\CPF Batch\Fandoo-Notes\FandooNotes\node_modules\@babel\runtime\helpers\asyncToGenerator.js:3:24)
    at _next (D:\CPF Batch\Fandoo-Notes\FandooNotes\node_modules\@babel\runtime\helpers\asyncToGenerator.js:25:9)
    at D:\CPF Batch\Fandoo-Notes\FandooNotes\node_modules\@babel\runtime\helpers\asyncToGenerator.js:32:7
    at new Promise (<anonymous>)
    at Object.<anonymous> (D:\CPF Batch\Fandoo-Notes\FandooNotes\node_modules\@babel\runtime\helpers\asyncToGenerator.js:21:12)
    at Object.getANote (D:\CPF Batch\Fandoo-Notes\FandooNotes\src\services\/notes.service.js:20:22)
    at _callee3$ (D:\CPF Batch\Fandoo-Notes\FandooNotes\src\controllers\/notes.controller.js:52:41)
    at tryCatch (D:\CPF Batch\Fandoo-Notes\FandooNotes\node_modules\@babel\runtime\helpers\regeneratorRuntime.js:86:17)
    at Generator._invoke (D:\CPF Batch\Fandoo-Notes\FandooNotes\node_modules\@babel\runtime\helpers\regeneratorRuntime.js:66:24)
    at Generator.next (D:\CPF Batch\Fandoo-Notes\FandooNotes\node_modules\@babel\runtime\helpers\regeneratorRuntime.js:117:21)
    at asyncGeneratorStep (D:\CPF Batch\Fandoo-Notes\FandooNotes\node_modules\@babel\runtime\helpers\asyncToGenerator.js:3:24)
    at _next (D:\CPF Batch\Fandoo-Notes\FandooNotes\node_modules\@babel\runtime\helpers\asyncToGenerator.js:25:9) 
    url - /api/v1/notes/%7Bid%7D/getAnote 
    method - GET 
    IP - ::1
   {"timestamp":"2022-09-16T02:56:56.966Z"}
error: 
    status - 500 
    message - TypeError: Cannot read properties of undefined (reading 'UserId')
    at _callee3$ (D:\CPF Batch\Fandoo-Notes\FandooNotes\src\services\/notes.service.js:21:63)
    at tryCatch (D:\CPF Batch\Fandoo-Notes\FandooNotes\node_modules\@babel\runtime\helpers\regeneratorRuntime.js:86:17)
    at Generator._invoke (D:\CPF Batch\Fandoo-Notes\FandooNotes\node_modules\@babel\runtime\helpers\regeneratorRuntime.js:66:24)
    at Generator.next (D:\CPF Batch\Fandoo-Notes\FandooNotes\node_modules\@babel\runtime\helpers\regeneratorRuntime.js:117:21)
    at asyncGeneratorStep (D:\CPF Batch\Fandoo-Notes\FandooNotes\node_modules\@babel\runtime\helpers\asyncToGenerator.js:3:24)
    at _next (D:\CPF Batch\Fandoo-Notes\FandooNotes\node_modules\@babel\runtime\helpers\asyncToGenerator.js:25:9)
    at D:\CPF Batch\Fandoo-Notes\FandooNotes\node_modules\@babel\runtime\helpers\asyncToGenerator.js:32:7
    at new Promise (<anonymous>)
    at Object.<anonymous> (D:\CPF Batch\Fandoo-Notes\FandooNotes\node_modules\@babel\runtime\helpers\asyncToGenerator.js:21:12)
    at Object.getANote (D:\CPF Batch\Fandoo-Notes\FandooNotes\src\services\/notes.service.js:20:22)
    at _callee3$ (D:\CPF Batch\Fandoo-Notes\FandooNotes\src\controllers\/notes.controller.js:52:41)
    at tryCatch (D:\CPF Batch\Fandoo-Notes\FandooNotes\node_modules\@babel\runtime\helpers\regeneratorRuntime.js:86:17)
    at Generator._invoke (D:\CPF Batch\Fandoo-Notes\FandooNotes\node_modules\@babel\runtime\helpers\regeneratorRuntime.js:66:24)
    at Generator.next (D:\CPF Batch\Fandoo-Notes\FandooNotes\node_modules\@babel\runtime\helpers\regeneratorRuntime.js:117:21)
    at asyncGeneratorStep (D:\CPF Batch\Fandoo-Notes\FandooNotes\node_modules\@babel\runtime\helpers\asyncToGenerator.js:3:24)
    at _next (D:\CPF Batch\Fandoo-Notes\FandooNotes\node_modules\@babel\runtime\helpers\asyncToGenerator.js:25:9) 
    url - /api/v1/notes/%7Bid%7D/getAnote 
    method - GET 
    IP - ::1
   {"timestamp":"2022-09-16T02:57:22.668Z"}
error: 
    status - 500 
    message - CastError: Cast to ObjectId failed for value "{ _id: '{id}', UserId: 'suman12@gmail.com' }" (type Object) at path "_id" for model "Notes"
    at model.Query.exec (D:\CPF Batch\Fandoo-Notes\FandooNotes\node_modules\mongoose\lib\query.js:4498:21)
    at model.Query.Query.then (D:\CPF Batch\Fandoo-Notes\FandooNotes\node_modules\mongoose\lib\query.js:4592:15)
    at processTicksAndRejections (node:internal/process/task_queues:96:5) 
    url - /api/v1/notes/%7Bid%7D/update 
    method - PUT 
    IP - ::1
   {"timestamp":"2022-09-16T02:58:08.156Z"}
info: Server started at http://localhost:3000/api/v1/ {"timestamp":"2022-09-16T03:01:17.118Z"}
info: Connected to the database. {"timestamp":"2022-09-16T03:01:25.899Z"}
error: 
    status - 500 
    message - TypeError: Cannot read properties of undefined (reading 'UserId')
    at _callee3$ (D:\CPF Batch\Fandoo-Notes\FandooNotes\src\services\/notes.service.js:21:63)
    at tryCatch (D:\CPF Batch\Fandoo-Notes\FandooNotes\node_modules\@babel\runtime\helpers\regeneratorRuntime.js:86:17)
    at Generator._invoke (D:\CPF Batch\Fandoo-Notes\FandooNotes\node_modules\@babel\runtime\helpers\regeneratorRuntime.js:66:24)
    at Generator.next (D:\CPF Batch\Fandoo-Notes\FandooNotes\node_modules\@babel\runtime\helpers\regeneratorRuntime.js:117:21)
    at asyncGeneratorStep (D:\CPF Batch\Fandoo-Notes\FandooNotes\node_modules\@babel\runtime\helpers\asyncToGenerator.js:3:24)
    at _next (D:\CPF Batch\Fandoo-Notes\FandooNotes\node_modules\@babel\runtime\helpers\asyncToGenerator.js:25:9)
    at D:\CPF Batch\Fandoo-Notes\FandooNotes\node_modules\@babel\runtime\helpers\asyncToGenerator.js:32:7
    at new Promise (<anonymous>)
    at Object.<anonymous> (D:\CPF Batch\Fandoo-Notes\FandooNotes\node_modules\@babel\runtime\helpers\asyncToGenerator.js:21:12)
    at Object.getANote (D:\CPF Batch\Fandoo-Notes\FandooNotes\src\services\/notes.service.js:20:22)
    at _callee3$ (D:\CPF Batch\Fandoo-Notes\FandooNotes\src\controllers\/notes.controller.js:52:41)
    at tryCatch (D:\CPF Batch\Fandoo-Notes\FandooNotes\node_modules\@babel\runtime\helpers\regeneratorRuntime.js:86:17)
    at Generator._invoke (D:\CPF Batch\Fandoo-Notes\FandooNotes\node_modules\@babel\runtime\helpers\regeneratorRuntime.js:66:24)
    at Generator.next (D:\CPF Batch\Fandoo-Notes\FandooNotes\node_modules\@babel\runtime\helpers\regeneratorRuntime.js:117:21)
    at asyncGeneratorStep (D:\CPF Batch\Fandoo-Notes\FandooNotes\node_modules\@babel\runtime\helpers\asyncToGenerator.js:3:24)
    at _next (D:\CPF Batch\Fandoo-Notes\FandooNotes\node_modules\@babel\runtime\helpers\asyncToGenerator.js:25:9) 
    url - /api/v1/notes/%7Bid%7D/getAnote 
    method - GET 
    IP - ::1
   {"timestamp":"2022-09-16T03:02:55.156Z"}
error: 
    status - 500 
    message - CastError: Cast to ObjectId failed for value "{ _id: '{id}', UserId: 'suman12@gmail.com' }" (type Object) at path "_id" for model "Notes"
    at model.Query.exec (D:\CPF Batch\Fandoo-Notes\FandooNotes\node_modules\mongoose\lib\query.js:4498:21)
    at model.Query.Query.then (D:\CPF Batch\Fandoo-Notes\FandooNotes\node_modules\mongoose\lib\query.js:4592:15)
    at processTicksAndRejections (node:internal/process/task_queues:96:5) 
    url - /api/v1/notes/%7Bid%7D/update 
    method - PUT 
    IP - ::1
   {"timestamp":"2022-09-16T03:04:01.270Z"}
error: 
    status - 500 
    message - TypeError: Cannot read properties of undefined (reading 'UserId')
    at _callee3$ (D:\CPF Batch\Fandoo-Notes\FandooNotes\src\services\/notes.service.js:21:63)
    at tryCatch (D:\CPF Batch\Fandoo-Notes\FandooNotes\node_modules\@babel\runtime\helpers\regeneratorRuntime.js:86:17)
    at Generator._invoke (D:\CPF Batch\Fandoo-Notes\FandooNotes\node_modules\@babel\runtime\helpers\regeneratorRuntime.js:66:24)
    at Generator.next (D:\CPF Batch\Fandoo-Notes\FandooNotes\node_modules\@babel\runtime\helpers\regeneratorRuntime.js:117:21)
    at asyncGeneratorStep (D:\CPF Batch\Fandoo-Notes\FandooNotes\node_modules\@babel\runtime\helpers\asyncToGenerator.js:3:24)
    at _next (D:\CPF Batch\Fandoo-Notes\FandooNotes\node_modules\@babel\runtime\helpers\asyncToGenerator.js:25:9)
    at D:\CPF Batch\Fandoo-Notes\FandooNotes\node_modules\@babel\runtime\helpers\asyncToGenerator.js:32:7
    at new Promise (<anonymous>)
    at Object.<anonymous> (D:\CPF Batch\Fandoo-Notes\FandooNotes\node_modules\@babel\runtime\helpers\asyncToGenerator.js:21:12)
    at Object.getANote (D:\CPF Batch\Fandoo-Notes\FandooNotes\src\services\/notes.service.js:20:22)
    at _callee3$ (D:\CPF Batch\Fandoo-Notes\FandooNotes\src\controllers\/notes.controller.js:52:41)
    at tryCatch (D:\CPF Batch\Fandoo-Notes\FandooNotes\node_modules\@babel\runtime\helpers\regeneratorRuntime.js:86:17)
    at Generator._invoke (D:\CPF Batch\Fandoo-Notes\FandooNotes\node_modules\@babel\runtime\helpers\regeneratorRuntime.js:66:24)
    at Generator.next (D:\CPF Batch\Fandoo-Notes\FandooNotes\node_modules\@babel\runtime\helpers\regeneratorRuntime.js:117:21)
    at asyncGeneratorStep (D:\CPF Batch\Fandoo-Notes\FandooNotes\node_modules\@babel\runtime\helpers\asyncToGenerator.js:3:24)
    at _next (D:\CPF Batch\Fandoo-Notes\FandooNotes\node_modules\@babel\runtime\helpers\asyncToGenerator.js:25:9) 
    url - /api/v1/notes/%7Bid%7D/getAnote 
    method - GET 
    IP - ::1
   {"timestamp":"2022-09-16T03:12:09.988Z"}
error: 
    status - 500 
    message - CastError: Cast to ObjectId failed for value "{ _id: '{id}', UserId: 'sharma12@gmail.com' }" (type Object) at path "_id" for model "Notes"
    at model.Query.exec (D:\CPF Batch\Fandoo-Notes\FandooNotes\node_modules\mongoose\lib\query.js:4498:21)
    at model.Query.Query.then (D:\CPF Batch\Fandoo-Notes\FandooNotes\node_modules\mongoose\lib\query.js:4592:15)
    at processTicksAndRejections (node:internal/process/task_queues:96:5) 
    url - /api/v1/notes/%7Bid%7D/update 
    method - PUT 
    IP - ::1
   {"timestamp":"2022-09-16T03:12:37.912Z"}
info: Server started at http://localhost:3000/api/v1/ {"timestamp":"2022-09-16T03:40:23.226Z"}
info: Connected to the database. {"timestamp":"2022-09-16T03:40:26.605Z"}
info: Server started at http://localhost:3000/api/v1/ {"timestamp":"2022-09-16T03:43:53.779Z"}
info: Connected to the database. {"timestamp":"2022-09-16T03:44:02.506Z"}
error: 
    status - 500 
    message - TypeError: Cannot read properties of undefined (reading 'UserId')
    at _callee3$ (D:\CPF Batch\Fandoo-Notes\FandooNotes\src\services\/notes.service.js:21:63)
    at tryCatch (D:\CPF Batch\Fandoo-Notes\FandooNotes\node_modules\@babel\runtime\helpers\regeneratorRuntime.js:86:17)
    at Generator._invoke (D:\CPF Batch\Fandoo-Notes\FandooNotes\node_modules\@babel\runtime\helpers\regeneratorRuntime.js:66:24)
    at Generator.next (D:\CPF Batch\Fandoo-Notes\FandooNotes\node_modules\@babel\runtime\helpers\regeneratorRuntime.js:117:21)
    at asyncGeneratorStep (D:\CPF Batch\Fandoo-Notes\FandooNotes\node_modules\@babel\runtime\helpers\asyncToGenerator.js:3:24)
    at _next (D:\CPF Batch\Fandoo-Notes\FandooNotes\node_modules\@babel\runtime\helpers\asyncToGenerator.js:25:9)
    at D:\CPF Batch\Fandoo-Notes\FandooNotes\node_modules\@babel\runtime\helpers\asyncToGenerator.js:32:7
    at new Promise (<anonymous>)
    at Object.<anonymous> (D:\CPF Batch\Fandoo-Notes\FandooNotes\node_modules\@babel\runtime\helpers\asyncToGenerator.js:21:12)
    at Object.getANote (D:\CPF Batch\Fandoo-Notes\FandooNotes\src\services\/notes.service.js:20:22)
    at _callee3$ (D:\CPF Batch\Fandoo-Notes\FandooNotes\src\controllers\/notes.controller.js:52:41)
    at tryCatch (D:\CPF Batch\Fandoo-Notes\FandooNotes\node_modules\@babel\runtime\helpers\regeneratorRuntime.js:86:17)
    at Generator._invoke (D:\CPF Batch\Fandoo-Notes\FandooNotes\node_modules\@babel\runtime\helpers\regeneratorRuntime.js:66:24)
    at Generator.next (D:\CPF Batch\Fandoo-Notes\FandooNotes\node_modules\@babel\runtime\helpers\regeneratorRuntime.js:117:21)
    at asyncGeneratorStep (D:\CPF Batch\Fandoo-Notes\FandooNotes\node_modules\@babel\runtime\helpers\asyncToGenerator.js:3:24)
    at _next (D:\CPF Batch\Fandoo-Notes\FandooNotes\node_modules\@babel\runtime\helpers\asyncToGenerator.js:25:9) 
    url - /api/v1/notes/%7Bid%7D/getAnote 
    method - GET 
    IP - ::1
   {"timestamp":"2022-09-16T03:47:49.377Z"}
info: Server started at http://localhost:3000/api/v1/ {"timestamp":"2022-09-16T03:50:18.136Z"}
info: Connected to the database. {"timestamp":"2022-09-16T03:50:26.301Z"}
info: Server started at http://localhost:3000/api/v1/ {"timestamp":"2022-09-16T04:07:30.287Z"}
info: Connected to the database. {"timestamp":"2022-09-16T04:07:33.627Z"}
error: 
    status - 500 
    message - TypeError: Cannot read properties of undefined (reading 'UserId')
    at _callee3$ (D:\CPF Batch\Fandoo-Notes\FandooNotes\src\services\/notes.service.js:21:63)
    at tryCatch (D:\CPF Batch\Fandoo-Notes\FandooNotes\node_modules\@babel\runtime\helpers\regeneratorRuntime.js:86:17)
    at Generator._invoke (D:\CPF Batch\Fandoo-Notes\FandooNotes\node_modules\@babel\runtime\helpers\regeneratorRuntime.js:66:24)
    at Generator.next (D:\CPF Batch\Fandoo-Notes\FandooNotes\node_modules\@babel\runtime\helpers\regeneratorRuntime.js:117:21)
    at asyncGeneratorStep (D:\CPF Batch\Fandoo-Notes\FandooNotes\node_modules\@babel\runtime\helpers\asyncToGenerator.js:3:24)
    at _next (D:\CPF Batch\Fandoo-Notes\FandooNotes\node_modules\@babel\runtime\helpers\asyncToGenerator.js:25:9)
    at D:\CPF Batch\Fandoo-Notes\FandooNotes\node_modules\@babel\runtime\helpers\asyncToGenerator.js:32:7
    at new Promise (<anonymous>)
    at Object.<anonymous> (D:\CPF Batch\Fandoo-Notes\FandooNotes\node_modules\@babel\runtime\helpers\asyncToGenerator.js:21:12)
    at Object.getANote (D:\CPF Batch\Fandoo-Notes\FandooNotes\src\services\/notes.service.js:20:22)
    at _callee3$ (D:\CPF Batch\Fandoo-Notes\FandooNotes\src\controllers\/notes.controller.js:52:41)
    at tryCatch (D:\CPF Batch\Fandoo-Notes\FandooNotes\node_modules\@babel\runtime\helpers\regeneratorRuntime.js:86:17)
    at Generator._invoke (D:\CPF Batch\Fandoo-Notes\FandooNotes\node_modules\@babel\runtime\helpers\regeneratorRuntime.js:66:24)
    at Generator.next (D:\CPF Batch\Fandoo-Notes\FandooNotes\node_modules\@babel\runtime\helpers\regeneratorRuntime.js:117:21)
    at asyncGeneratorStep (D:\CPF Batch\Fandoo-Notes\FandooNotes\node_modules\@babel\runtime\helpers\asyncToGenerator.js:3:24)
    at _next (D:\CPF Batch\Fandoo-Notes\FandooNotes\node_modules\@babel\runtime\helpers\asyncToGenerator.js:25:9) 
    url - /api/v1/notes/note%7Bid%7D/getAnote 
    method - GET 
    IP - ::1
   {"timestamp":"2022-09-16T04:12:04.017Z"}
error: 
    status - 500 
    message - CastError: Cast to ObjectId failed for value "{ _id: 'note{id}', UserId: 'sharma12@gmail.com' }" (type Object) at path "_id" for model "Notes"
    at model.Query.exec (D:\CPF Batch\Fandoo-Notes\FandooNotes\node_modules\mongoose\lib\query.js:4498:21)
    at model.Query.Query.then (D:\CPF Batch\Fandoo-Notes\FandooNotes\node_modules\mongoose\lib\query.js:4592:15)
    at processTicksAndRejections (node:internal/process/task_queues:96:5) 
    url - /api/v1/notes/note%7Bid%7D/update 
    method - PUT 
    IP - ::1
   {"timestamp":"2022-09-16T04:13:03.513Z"}
info: Server started at http://localhost:3000/api/v1/ {"timestamp":"2022-09-16T04:18:02.730Z"}
info: Connected to the database. {"timestamp":"2022-09-16T04:18:11.295Z"}
info: Server started at http://localhost:3000/api/v1/ {"timestamp":"2022-09-16T04:37:54.742Z"}
info: Connected to the database. {"timestamp":"2022-09-16T04:38:03.517Z"}
info: Server started at http://localhost:3000/api/v1/ {"timestamp":"2022-09-16T04:38:45.141Z"}
info: Connected to the database. {"timestamp":"2022-09-16T04:38:49.053Z"}
error: 
    status - 500 
    message - TypeError: Cannot read properties of undefined (reading 'UserId')
    at _callee3$ (D:\CPF Batch\Fandoo-Notes\FandooNotes\src\services\/notes.service.js:21:63)
    at tryCatch (D:\CPF Batch\Fandoo-Notes\FandooNotes\node_modules\@babel\runtime\helpers\regeneratorRuntime.js:86:17)
    at Generator._invoke (D:\CPF Batch\Fandoo-Notes\FandooNotes\node_modules\@babel\runtime\helpers\regeneratorRuntime.js:66:24)
    at Generator.next (D:\CPF Batch\Fandoo-Notes\FandooNotes\node_modules\@babel\runtime\helpers\regeneratorRuntime.js:117:21)
    at asyncGeneratorStep (D:\CPF Batch\Fandoo-Notes\FandooNotes\node_modules\@babel\runtime\helpers\asyncToGenerator.js:3:24)
    at _next (D:\CPF Batch\Fandoo-Notes\FandooNotes\node_modules\@babel\runtime\helpers\asyncToGenerator.js:25:9)
    at D:\CPF Batch\Fandoo-Notes\FandooNotes\node_modules\@babel\runtime\helpers\asyncToGenerator.js:32:7
    at new Promise (<anonymous>)
    at Object.<anonymous> (D:\CPF Batch\Fandoo-Notes\FandooNotes\node_modules\@babel\runtime\helpers\asyncToGenerator.js:21:12)
    at Object.getANote (D:\CPF Batch\Fandoo-Notes\FandooNotes\src\services\/notes.service.js:20:22)
    at _callee3$ (D:\CPF Batch\Fandoo-Notes\FandooNotes\src\controllers\/notes.controller.js:52:41)
    at tryCatch (D:\CPF Batch\Fandoo-Notes\FandooNotes\node_modules\@babel\runtime\helpers\regeneratorRuntime.js:86:17)
    at Generator._invoke (D:\CPF Batch\Fandoo-Notes\FandooNotes\node_modules\@babel\runtime\helpers\regeneratorRuntime.js:66:24)
    at Generator.next (D:\CPF Batch\Fandoo-Notes\FandooNotes\node_modules\@babel\runtime\helpers\regeneratorRuntime.js:117:21)
    at asyncGeneratorStep (D:\CPF Batch\Fandoo-Notes\FandooNotes\node_modules\@babel\runtime\helpers\asyncToGenerator.js:3:24)
    at _next (D:\CPF Batch\Fandoo-Notes\FandooNotes\node_modules\@babel\runtime\helpers\asyncToGenerator.js:25:9) 
    url - /api/v1/notes/6323fe5bbe04274b2485c6e3 
    method - GET 
    IP - ::1
   {"timestamp":"2022-09-16T04:42:05.928Z"}
info: Server started at http://localhost:3000/api/v1/ {"timestamp":"2022-09-16T05:22:14.781Z"}
info: Connected to the database. {"timestamp":"2022-09-16T05:22:24.097Z"}
error: 
    status - 500 
    message - CastError: Cast to ObjectId failed for value "{ _id: '632408fd576e8f5a901bd35', UserId: 'shweta@gmail.com' }" (type Object) at path "_id" for model "Notes"
    at model.Query.exec (D:\CPF Batch\Fandoo-Notes\FandooNotes\node_modules\mongoose\lib\query.js:4498:21)
    at model.Query.Query.then (D:\CPF Batch\Fandoo-Notes\FandooNotes\node_modules\mongoose\lib\query.js:4592:15)
    at processTicksAndRejections (node:internal/process/task_queues:96:5) 
    url - /api/v1/notes/632408fd576e8f5a901bd35 
    method - PUT 
    IP - ::1
   {"timestamp":"2022-09-16T05:28:49.030Z"}
error: 
    status - 500 
    message - TypeError: Cannot read properties of undefined (reading 'UserId')
    at _callee3$ (D:\CPF Batch\Fandoo-Notes\FandooNotes\src\services\/notes.service.js:21:63)
    at tryCatch (D:\CPF Batch\Fandoo-Notes\FandooNotes\node_modules\@babel\runtime\helpers\regeneratorRuntime.js:86:17)
    at Generator._invoke (D:\CPF Batch\Fandoo-Notes\FandooNotes\node_modules\@babel\runtime\helpers\regeneratorRuntime.js:66:24)
    at Generator.next (D:\CPF Batch\Fandoo-Notes\FandooNotes\node_modules\@babel\runtime\helpers\regeneratorRuntime.js:117:21)
    at asyncGeneratorStep (D:\CPF Batch\Fandoo-Notes\FandooNotes\node_modules\@babel\runtime\helpers\asyncToGenerator.js:3:24)
    at _next (D:\CPF Batch\Fandoo-Notes\FandooNotes\node_modules\@babel\runtime\helpers\asyncToGenerator.js:25:9)
    at D:\CPF Batch\Fandoo-Notes\FandooNotes\node_modules\@babel\runtime\helpers\asyncToGenerator.js:32:7
    at new Promise (<anonymous>)
    at Object.<anonymous> (D:\CPF Batch\Fandoo-Notes\FandooNotes\node_modules\@babel\runtime\helpers\asyncToGenerator.js:21:12)
    at Object.getANote (D:\CPF Batch\Fandoo-Notes\FandooNotes\src\services\/notes.service.js:20:22)
    at _callee3$ (D:\CPF Batch\Fandoo-Notes\FandooNotes\src\controllers\/notes.controller.js:52:41)
    at tryCatch (D:\CPF Batch\Fandoo-Notes\FandooNotes\node_modules\@babel\runtime\helpers\regeneratorRuntime.js:86:17)
    at Generator._invoke (D:\CPF Batch\Fandoo-Notes\FandooNotes\node_modules\@babel\runtime\helpers\regeneratorRuntime.js:66:24)
    at Generator.next (D:\CPF Batch\Fandoo-Notes\FandooNotes\node_modules\@babel\runtime\helpers\regeneratorRuntime.js:117:21)
    at asyncGeneratorStep (D:\CPF Batch\Fandoo-Notes\FandooNotes\node_modules\@babel\runtime\helpers\asyncToGenerator.js:3:24)
    at _next (D:\CPF Batch\Fandoo-Notes\FandooNotes\node_modules\@babel\runtime\helpers\asyncToGenerator.js:25:9) 
    url - /api/v1/notes/632408fd576e8f5a901bd35 
    method - GET 
    IP - ::1
   {"timestamp":"2022-09-16T05:30:12.475Z"}
error: 
    status - 500 
    message - TypeError: Cannot read properties of undefined (reading 'UserId')
    at _callee3$ (D:\CPF Batch\Fandoo-Notes\FandooNotes\src\services\/notes.service.js:21:63)
    at tryCatch (D:\CPF Batch\Fandoo-Notes\FandooNotes\node_modules\@babel\runtime\helpers\regeneratorRuntime.js:86:17)
    at Generator._invoke (D:\CPF Batch\Fandoo-Notes\FandooNotes\node_modules\@babel\runtime\helpers\regeneratorRuntime.js:66:24)
    at Generator.next (D:\CPF Batch\Fandoo-Notes\FandooNotes\node_modules\@babel\runtime\helpers\regeneratorRuntime.js:117:21)
    at asyncGeneratorStep (D:\CPF Batch\Fandoo-Notes\FandooNotes\node_modules\@babel\runtime\helpers\asyncToGenerator.js:3:24)
    at _next (D:\CPF Batch\Fandoo-Notes\FandooNotes\node_modules\@babel\runtime\helpers\asyncToGenerator.js:25:9)
    at D:\CPF Batch\Fandoo-Notes\FandooNotes\node_modules\@babel\runtime\helpers\asyncToGenerator.js:32:7
    at new Promise (<anonymous>)
    at Object.<anonymous> (D:\CPF Batch\Fandoo-Notes\FandooNotes\node_modules\@babel\runtime\helpers\asyncToGenerator.js:21:12)
    at Object.getANote (D:\CPF Batch\Fandoo-Notes\FandooNotes\src\services\/notes.service.js:20:22)
    at _callee3$ (D:\CPF Batch\Fandoo-Notes\FandooNotes\src\controllers\/notes.controller.js:52:41)
    at tryCatch (D:\CPF Batch\Fandoo-Notes\FandooNotes\node_modules\@babel\runtime\helpers\regeneratorRuntime.js:86:17)
    at Generator._invoke (D:\CPF Batch\Fandoo-Notes\FandooNotes\node_modules\@babel\runtime\helpers\regeneratorRuntime.js:66:24)
    at Generator.next (D:\CPF Batch\Fandoo-Notes\FandooNotes\node_modules\@babel\runtime\helpers\regeneratorRuntime.js:117:21)
    at asyncGeneratorStep (D:\CPF Batch\Fandoo-Notes\FandooNotes\node_modules\@babel\runtime\helpers\asyncToGenerator.js:3:24)
    at _next (D:\CPF Batch\Fandoo-Notes\FandooNotes\node_modules\@babel\runtime\helpers\asyncToGenerator.js:25:9) 
    url - /api/v1/notes/632408fd576e8f5a901bd35e 
    method - GET 
    IP - ::1
   {"timestamp":"2022-09-16T05:31:03.773Z"}
error: 
    status - 500 
    message - ValidationError: Notes validation failed: Description: Path `Description` is required., Title: Path `Title` is required.
    at model.Document.invalidate (D:\CPF Batch\Fandoo-Notes\FandooNotes\node_modules\mongoose\lib\document.js:2782:32)
    at D:\CPF Batch\Fandoo-Notes\FandooNotes\node_modules\mongoose\lib\document.js:2574:17
    at D:\CPF Batch\Fandoo-Notes\FandooNotes\node_modules\mongoose\lib\schematype.js:1273:9
    at processTicksAndRejections (node:internal/process/task_queues:78:11) 
    url - /api/v1/notes 
    method - POST 
    IP - ::1
   {"timestamp":"2022-09-16T05:34:04.181Z"}
error: 
    status - 500 
    message - TypeError: Cannot read properties of undefined (reading 'UserId')
    at _callee3$ (D:\CPF Batch\Fandoo-Notes\FandooNotes\src\services\/notes.service.js:21:63)
    at tryCatch (D:\CPF Batch\Fandoo-Notes\FandooNotes\node_modules\@babel\runtime\helpers\regeneratorRuntime.js:86:17)
    at Generator._invoke (D:\CPF Batch\Fandoo-Notes\FandooNotes\node_modules\@babel\runtime\helpers\regeneratorRuntime.js:66:24)
    at Generator.next (D:\CPF Batch\Fandoo-Notes\FandooNotes\node_modules\@babel\runtime\helpers\regeneratorRuntime.js:117:21)
    at asyncGeneratorStep (D:\CPF Batch\Fandoo-Notes\FandooNotes\node_modules\@babel\runtime\helpers\asyncToGenerator.js:3:24)
    at _next (D:\CPF Batch\Fandoo-Notes\FandooNotes\node_modules\@babel\runtime\helpers\asyncToGenerator.js:25:9)
    at D:\CPF Batch\Fandoo-Notes\FandooNotes\node_modules\@babel\runtime\helpers\asyncToGenerator.js:32:7
    at new Promise (<anonymous>)
    at Object.<anonymous> (D:\CPF Batch\Fandoo-Notes\FandooNotes\node_modules\@babel\runtime\helpers\asyncToGenerator.js:21:12)
    at Object.getANote (D:\CPF Batch\Fandoo-Notes\FandooNotes\src\services\/notes.service.js:20:22)
    at _callee3$ (D:\CPF Batch\Fandoo-Notes\FandooNotes\src\controllers\/notes.controller.js:52:41)
    at tryCatch (D:\CPF Batch\Fandoo-Notes\FandooNotes\node_modules\@babel\runtime\helpers\regeneratorRuntime.js:86:17)
    at Generator._invoke (D:\CPF Batch\Fandoo-Notes\FandooNotes\node_modules\@babel\runtime\helpers\regeneratorRuntime.js:66:24)
    at Generator.next (D:\CPF Batch\Fandoo-Notes\FandooNotes\node_modules\@babel\runtime\helpers\regeneratorRuntime.js:117:21)
    at asyncGeneratorStep (D:\CPF Batch\Fandoo-Notes\FandooNotes\node_modules\@babel\runtime\helpers\asyncToGenerator.js:3:24)
    at _next (D:\CPF Batch\Fandoo-Notes\FandooNotes\node_modules\@babel\runtime\helpers\asyncToGenerator.js:25:9) 
    url - /api/v1/notes/63240b19576e8f5a901bd364 
    method - GET 
    IP - ::1
   {"timestamp":"2022-09-16T05:36:07.003Z"}
info: Server started at http://localhost:3000/api/v1/ {"timestamp":"2022-09-16T11:28:19.929Z"}
info: Connected to the database. {"timestamp":"2022-09-16T11:28:30.013Z"}
error: 
    status - 500 
    message - ValidationError: Notes validation failed: Description: Path `Description` is required., Title: Path `Title` is required.
    at model.Document.invalidate (D:\CPF Batch\Fandoo-Notes\FandooNotes\node_modules\mongoose\lib\document.js:2782:32)
    at D:\CPF Batch\Fandoo-Notes\FandooNotes\node_modules\mongoose\lib\document.js:2574:17
    at D:\CPF Batch\Fandoo-Notes\FandooNotes\node_modules\mongoose\lib\schematype.js:1273:9
    at processTicksAndRejections (node:internal/process/task_queues:78:11) 
    url - /api/v1/notes 
    method - POST 
    IP - ::1
   {"timestamp":"2022-09-16T11:37:16.754Z"}
error: 
    status - 500 
    message - TypeError: Cannot read properties of undefined (reading 'UserId')
    at _callee3$ (D:\CPF Batch\Fandoo-Notes\FandooNotes\src\services\/notes.service.js:21:63)
    at tryCatch (D:\CPF Batch\Fandoo-Notes\FandooNotes\node_modules\@babel\runtime\helpers\regeneratorRuntime.js:86:17)
    at Generator._invoke (D:\CPF Batch\Fandoo-Notes\FandooNotes\node_modules\@babel\runtime\helpers\regeneratorRuntime.js:66:24)
    at Generator.next (D:\CPF Batch\Fandoo-Notes\FandooNotes\node_modules\@babel\runtime\helpers\regeneratorRuntime.js:117:21)
    at asyncGeneratorStep (D:\CPF Batch\Fandoo-Notes\FandooNotes\node_modules\@babel\runtime\helpers\asyncToGenerator.js:3:24)
    at _next (D:\CPF Batch\Fandoo-Notes\FandooNotes\node_modules\@babel\runtime\helpers\asyncToGenerator.js:25:9)
    at D:\CPF Batch\Fandoo-Notes\FandooNotes\node_modules\@babel\runtime\helpers\asyncToGenerator.js:32:7
    at new Promise (<anonymous>)
    at Object.<anonymous> (D:\CPF Batch\Fandoo-Notes\FandooNotes\node_modules\@babel\runtime\helpers\asyncToGenerator.js:21:12)
    at Object.getANote (D:\CPF Batch\Fandoo-Notes\FandooNotes\src\services\/notes.service.js:20:22)
    at _callee3$ (D:\CPF Batch\Fandoo-Notes\FandooNotes\src\controllers\/notes.controller.js:52:41)
    at tryCatch (D:\CPF Batch\Fandoo-Notes\FandooNotes\node_modules\@babel\runtime\helpers\regeneratorRuntime.js:86:17)
    at Generator._invoke (D:\CPF Batch\Fandoo-Notes\FandooNotes\node_modules\@babel\runtime\helpers\regeneratorRuntime.js:66:24)
    at Generator.next (D:\CPF Batch\Fandoo-Notes\FandooNotes\node_modules\@babel\runtime\helpers\regeneratorRuntime.js:117:21)
    at asyncGeneratorStep (D:\CPF Batch\Fandoo-Notes\FandooNotes\node_modules\@babel\runtime\helpers\asyncToGenerator.js:3:24)
    at _next (D:\CPF Batch\Fandoo-Notes\FandooNotes\node_modules\@babel\runtime\helpers\asyncToGenerator.js:25:9) 
    url - /api/v1/notes/63245ffe88ceaf63442b349b 
    method - GET 
    IP - ::1
   {"timestamp":"2022-09-16T11:37:55.619Z"}
info: Server started at http://localhost:3000/api/v1/ {"timestamp":"2022-09-16T11:40:09.586Z"}
info: Connected to the database. {"timestamp":"2022-09-16T11:40:17.825Z"}
info: Server started at http://localhost:3000/api/v1/ {"timestamp":"2022-09-16T11:40:27.178Z"}
info: Connected to the database. {"timestamp":"2022-09-16T11:40:36.702Z"}
info: Server started at http://localhost:3000/api/v1/ {"timestamp":"2022-09-16T11:41:26.794Z"}
info: Connected to the database. {"timestamp":"2022-09-16T11:41:35.311Z"}
