info: Server started at http://localhost:3000/api/v1/ {"timestamp":"2022-09-20T02:32:40.995Z"}
info: Server started at http://localhost:3000/api/v1/ {"timestamp":"2022-09-20T02:38:37.196Z"}
info: Server started at http://localhost:3000/api/v1/ {"timestamp":"2022-09-20T02:40:36.970Z"}
info: Server started at http://localhost:3000/api/v1/ {"timestamp":"2022-09-20T02:44:46.537Z"}
info: Server started at http://localhost:3000/api/v1/ {"timestamp":"2022-09-20T02:45:44.529Z"}
info: Server started at http://localhost:3000/api/v1/ {"timestamp":"2022-09-20T02:47:23.548Z"}
info: Server started at http://localhost:3000/api/v1/ {"timestamp":"2022-09-20T02:48:10.833Z"}
info: Server started at http://localhost:3000/api/v1/ {"timestamp":"2022-09-20T02:48:42.186Z"}
info: Server started at http://localhost:3000/api/v1/ {"timestamp":"2022-09-20T02:49:19.163Z"}
info: Server started at http://localhost:3000/api/v1/ {"timestamp":"2022-09-20T02:49:55.982Z"}
info: Server started at http://localhost:3000/api/v1/ {"timestamp":"2022-09-20T04:22:20.749Z"}
info: Server started at http://localhost:3000/api/v1/ {"timestamp":"2022-09-20T04:22:48.904Z"}
info: Server started at http://localhost:3000/api/v1/ {"timestamp":"2022-09-20T04:25:16.675Z"}
info: Server started at http://localhost:3000/api/v1/ {"timestamp":"2022-09-20T04:27:42.062Z"}
info: Server started at http://localhost:3000/api/v1/ {"timestamp":"2022-09-20T04:29:40.274Z"}
info: Server started at http://localhost:3000/api/v1/ {"timestamp":"2022-09-20T04:45:17.756Z"}
info: Connected to the database. {"timestamp":"2022-09-20T04:45:21.956Z"}
info: Server started at http://localhost:3000/api/v1/ {"timestamp":"2022-09-20T04:45:56.749Z"}
info: Server started at http://localhost:3000/api/v1/ {"timestamp":"2022-09-20T05:00:24.892Z"}
info: Server started at http://localhost:3000/api/v1/ {"timestamp":"2022-09-20T05:01:59.166Z"}
info: Server started at http://localhost:3000/api/v1/ {"timestamp":"2022-09-20T07:15:05.935Z"}
info: Server started at http://localhost:3000/api/v1/ {"timestamp":"2022-09-20T07:21:28.093Z"}
info: Server started at http://localhost:3000/api/v1/ {"timestamp":"2022-09-20T07:33:00.135Z"}
info: Server started at http://localhost:3000/api/v1/ {"timestamp":"2022-09-20T07:35:15.542Z"}
info: Server started at http://localhost:3000/api/v1/ {"timestamp":"2022-09-20T07:37:24.531Z"}
info: Server started at http://localhost:3000/api/v1/ {"timestamp":"2022-09-20T07:38:09.763Z"}
info: Server started at http://localhost:3000/api/v1/ {"timestamp":"2022-09-20T07:40:05.602Z"}
info: Server started at http://localhost:3000/api/v1/ {"timestamp":"2022-09-20T07:48:28.031Z"}
info: Server started at http://localhost:3000/api/v1/ {"timestamp":"2022-09-20T07:49:12.425Z"}
info: Server started at http://localhost:3000/api/v1/ {"timestamp":"2022-09-20T07:51:58.390Z"}
info: Server started at http://localhost:3000/api/v1/ {"timestamp":"2022-09-20T07:54:36.119Z"}
info: Server started at http://localhost:3000/api/v1/ {"timestamp":"2022-09-20T07:54:55.718Z"}
info: Server started at http://localhost:3000/api/v1/ {"timestamp":"2022-09-20T08:16:36.935Z"}
info: Server started at http://localhost:3000/api/v1/ {"timestamp":"2022-09-20T08:28:19.053Z"}
info: Server started at http://localhost:3000/api/v1/ {"timestamp":"2022-09-20T09:54:31.636Z"}
info: Server started at http://localhost:3000/api/v1/ {"timestamp":"2022-09-20T10:19:01.971Z"}
info: Server started at http://localhost:3000/api/v1/ {"timestamp":"2022-09-20T10:20:35.228Z"}
info: Server started at http://localhost:3000/api/v1/ {"timestamp":"2022-09-20T10:22:47.069Z"}
info: Server started at http://localhost:3000/api/v1/ {"timestamp":"2022-09-20T10:24:59.547Z"}
info: Server started at http://localhost:3000/api/v1/ {"timestamp":"2022-09-20T10:43:05.890Z"}
info: Server started at http://localhost:3000/api/v1/ {"timestamp":"2022-09-20T10:44:57.988Z"}
info: Server started at http://localhost:3000/api/v1/ {"timestamp":"2022-09-20T10:45:44.643Z"}
info: Server started at http://localhost:3000/api/v1/ {"timestamp":"2022-09-20T11:33:42.590Z"}
info: Server started at http://localhost:3000/api/v1/ {"timestamp":"2022-09-20T11:34:46.662Z"}
info: Server started at http://localhost:3000/api/v1/ {"timestamp":"2022-09-20T11:35:38.614Z"}
info: Server started at http://localhost:3000/api/v1/ {"timestamp":"2022-09-20T11:36:55.858Z"}
info: Server started at http://localhost:3000/api/v1/ {"timestamp":"2022-09-20T11:40:01.087Z"}
info: Connected to the database. {"timestamp":"2022-09-20T11:40:09.568Z"}
info: Server started at http://localhost:3000/api/v1/ {"timestamp":"2022-09-20T11:43:16.967Z"}
info: Connected to the database. {"timestamp":"2022-09-20T11:43:20.481Z"}
info: Server started at http://localhost:3000/api/v1/ {"timestamp":"2022-09-20T11:43:43.047Z"}
info: Server started at http://localhost:3000/api/v1/ {"timestamp":"2022-09-20T11:46:54.410Z"}
info: Server started at http://localhost:3000/api/v1/ {"timestamp":"2022-09-20T11:51:17.250Z"}
info: Connected to the database. {"timestamp":"2022-09-20T11:51:25.841Z"}
info: Server started at http://localhost:3000/api/v1/ {"timestamp":"2022-09-20T11:53:01.294Z"}
info: Server started at http://localhost:3000/api/v1/ {"timestamp":"2022-09-20T11:54:04.890Z"}
info: Server started at http://localhost:3000/api/v1/ {"timestamp":"2022-09-20T11:55:18.365Z"}
info: Server started at http://localhost:3000/api/v1/ {"timestamp":"2022-09-20T11:55:58.854Z"}
info: Server started at http://localhost:3000/api/v1/ {"timestamp":"2022-09-20T11:56:29.178Z"}
info: Server started at http://localhost:3000/api/v1/ {"timestamp":"2022-09-20T11:58:38.058Z"}
info: Connected to the database. {"timestamp":"2022-09-20T11:58:47.273Z"}
info: Server started at http://localhost:3000/api/v1/ {"timestamp":"2022-09-20T12:01:11.296Z"}
info: Server started at http://localhost:3000/api/v1/ {"timestamp":"2022-09-20T12:02:59.698Z"}
info: Server started at http://localhost:3000/api/v1/ {"timestamp":"2022-09-20T12:03:22.356Z"}
info: Server started at http://localhost:3000/api/v1/ {"timestamp":"2022-09-20T12:05:47.116Z"}
info: Connected to the database. {"timestamp":"2022-09-20T12:05:55.683Z"}
info: Server started at http://localhost:3000/api/v1/ {"timestamp":"2022-09-20T12:06:10.376Z"}
info: Server started at http://localhost:3000/api/v1/ {"timestamp":"2022-09-20T12:08:47.104Z"}
info: Connected to the database. {"timestamp":"2022-09-20T12:08:55.511Z"}
info: Server started at http://localhost:3000/api/v1/ {"timestamp":"2022-09-20T12:09:13.522Z"}
info: Server started at http://localhost:3000/api/v1/ {"timestamp":"2022-09-20T12:13:39.950Z"}
info: Connected to the database. {"timestamp":"2022-09-20T12:13:48.537Z"}
info: Server started at http://localhost:3000/api/v1/ {"timestamp":"2022-09-20T12:15:09.212Z"}
info: Connected to the database. {"timestamp":"2022-09-20T12:15:12.738Z"}
info: Server started at http://localhost:3000/api/v1/ {"timestamp":"2022-09-20T12:15:32.732Z"}
info: Connected to the database. {"timestamp":"2022-09-20T12:15:32.780Z"}
info: Server started at http://localhost:3000/api/v1/ {"timestamp":"2022-09-20T12:17:04.702Z"}
info: Connected to the database. {"timestamp":"2022-09-20T12:17:04.731Z"}
info: Server started at http://localhost:3000/api/v1/ {"timestamp":"2022-09-20T15:08:53.591Z"}
info: Connected to the database. {"timestamp":"2022-09-20T15:08:53.619Z"}
info: Server started at http://localhost:3000/api/v1/ {"timestamp":"2022-09-20T15:15:06.757Z"}
info: Connected to the database. {"timestamp":"2022-09-20T15:15:06.790Z"}
info: Server started at http://localhost:3000/api/v1/ {"timestamp":"2022-09-20T15:17:18.411Z"}
info: Connected to the database. {"timestamp":"2022-09-20T15:17:18.457Z"}
info: Server started at http://localhost:3000/api/v1/ {"timestamp":"2022-09-20T15:18:29.667Z"}
info: Connected to the database. {"timestamp":"2022-09-20T15:18:29.713Z"}
info: Server started at http://localhost:3000/api/v1/ {"timestamp":"2022-09-20T16:13:49.892Z"}
info: Connected to the database. {"timestamp":"2022-09-20T16:13:49.955Z"}
info: Server started at http://localhost:3000/api/v1/ {"timestamp":"2022-09-20T16:18:51.612Z"}
info: Connected to the database. {"timestamp":"2022-09-20T16:18:51.657Z"}
info: Server started at http://localhost:3000/api/v1/ {"timestamp":"2022-09-20T16:53:01.993Z"}
info: Connected to the database. {"timestamp":"2022-09-20T16:53:02.035Z"}
error: 
    status - 500 
    message - CastError: Cast to ObjectId failed for value "{ _id: 'undefined', UserId: 'singhchinkikumari@gmail.com' }" (type Object) at path "_id" for model "Notes"
    at model.Query.exec (D:\CPF Batch\Fandoo-Notes\FandooNotes\node_modules\mongoose\lib\query.js:4498:21)
    at model.Query.Query.then (D:\CPF Batch\Fandoo-Notes\FandooNotes\node_modules\mongoose\lib\query.js:4592:15)
    at processTicksAndRejections (node:internal/process/task_queues:96:5) 
    url - /api/v1/notes/undefined 
    method - GET 
    IP - ::ffff:127.0.0.1
   {"timestamp":"2022-09-20T16:53:02.484Z"}
info: Server started at http://localhost:3000/api/v1/ {"timestamp":"2022-09-20T16:59:02.658Z"}
info: Connected to the database. {"timestamp":"2022-09-20T16:59:02.689Z"}
info: Server started at http://localhost:3000/api/v1/ {"timestamp":"2022-09-20T17:02:54.648Z"}
info: Connected to the database. {"timestamp":"2022-09-20T17:02:54.686Z"}
info: Server started at http://localhost:3000/api/v1/ {"timestamp":"2022-09-20T17:03:44.394Z"}
info: Connected to the database. {"timestamp":"2022-09-20T17:03:44.436Z"}
info: Server started at http://localhost:3000/api/v1/ {"timestamp":"2022-09-20T17:04:25.612Z"}
info: Connected to the database. {"timestamp":"2022-09-20T17:04:25.679Z"}
info: Server started at http://localhost:3000/api/v1/ {"timestamp":"2022-09-20T17:05:27.693Z"}
info: Connected to the database. {"timestamp":"2022-09-20T17:05:27.724Z"}
info: Server started at http://localhost:3000/api/v1/ {"timestamp":"2022-09-20T17:05:56.121Z"}
info: Connected to the database. {"timestamp":"2022-09-20T17:05:56.162Z"}
info: Server started at http://localhost:3000/api/v1/ {"timestamp":"2022-09-20T17:07:30.611Z"}
info: Connected to the database. {"timestamp":"2022-09-20T17:07:30.676Z"}
info: Server started at http://localhost:3000/api/v1/ {"timestamp":"2022-09-20T17:09:42.939Z"}
info: Connected to the database. {"timestamp":"2022-09-20T17:09:42.981Z"}
info: Server started at http://localhost:3000/api/v1/ {"timestamp":"2022-09-20T17:12:56.094Z"}
info: Connected to the database. {"timestamp":"2022-09-20T17:12:56.129Z"}
info: Server started at http://localhost:3000/api/v1/ {"timestamp":"2022-09-20T17:15:54.285Z"}
info: Connected to the database. {"timestamp":"2022-09-20T17:15:54.362Z"}
info: Server started at http://localhost:3000/api/v1/ {"timestamp":"2022-09-20T17:18:01.681Z"}
info: Connected to the database. {"timestamp":"2022-09-20T17:18:01.721Z"}
error: 
    status - 500 
    message - CastError: Cast to ObjectId failed for value "{ _id: 'undefined', UserId: 'singhchinkikumari@gmail.com' }" (type Object) at path "_id" for model "Notes"
    at model.Query.exec (D:\CPF Batch\Fandoo-Notes\FandooNotes\node_modules\mongoose\lib\query.js:4498:21)
    at model.Query.Query.then (D:\CPF Batch\Fandoo-Notes\FandooNotes\node_modules\mongoose\lib\query.js:4592:15)
    at processTicksAndRejections (node:internal/process/task_queues:96:5) 
    url - /api/v1/notes/undefined 
    method - PUT 
    IP - ::ffff:127.0.0.1
   {"timestamp":"2022-09-20T17:18:02.199Z"}
info: Server started at http://localhost:3000/api/v1/ {"timestamp":"2022-09-20T17:19:45.424Z"}
info: Connected to the database. {"timestamp":"2022-09-20T17:19:45.451Z"}
error: 
    status - 500 
    message - CastError: Cast to ObjectId failed for value "{ _id: 'undefined', UserId: 'singhchinkikumari@gmail.com' }" (type Object) at path "_id" for model "Notes"
    at model.Query.exec (D:\CPF Batch\Fandoo-Notes\FandooNotes\node_modules\mongoose\lib\query.js:4498:21)
    at model.Query.Query.then (D:\CPF Batch\Fandoo-Notes\FandooNotes\node_modules\mongoose\lib\query.js:4592:15)
    at processTicksAndRejections (node:internal/process/task_queues:96:5) 
    url - /api/v1/notes/undefined 
    method - PUT 
    IP - ::ffff:127.0.0.1
   {"timestamp":"2022-09-20T17:19:45.894Z"}
info: Server started at http://localhost:3000/api/v1/ {"timestamp":"2022-09-20T17:42:07.440Z"}
info: Connected to the database. {"timestamp":"2022-09-20T17:42:07.469Z"}
error: 
    status - 500 
    message - CastError: Cast to ObjectId failed for value "{ _id: 'undefined', UserId: 'singhchinkikumari@gmail.com' }" (type Object) at path "_id" for model "Notes"
    at model.Query.exec (D:\CPF Batch\Fandoo-Notes\FandooNotes\node_modules\mongoose\lib\query.js:4498:21)
    at model.Query.Query.then (D:\CPF Batch\Fandoo-Notes\FandooNotes\node_modules\mongoose\lib\query.js:4592:15)
    at processTicksAndRejections (node:internal/process/task_queues:96:5) 
    url - /api/v1/notes/undefined 
    method - DELETE 
    IP - ::ffff:127.0.0.1
   {"timestamp":"2022-09-20T17:42:07.817Z"}
info: Server started at http://localhost:3000/api/v1/ {"timestamp":"2022-09-20T17:48:18.097Z"}
info: Connected to the database. {"timestamp":"2022-09-20T17:48:18.125Z"}
error: 
    status - 500 
    message - CastError: Cast to ObjectId failed for value "{ _id: 'undefined', UserId: 'singhchinkikumari@gmail.com' }" (type Object) at path "_id" for model "Notes"
    at model.Query.exec (D:\CPF Batch\Fandoo-Notes\FandooNotes\node_modules\mongoose\lib\query.js:4498:21)
    at model.Query.Query.then (D:\CPF Batch\Fandoo-Notes\FandooNotes\node_modules\mongoose\lib\query.js:4592:15)
    at processTicksAndRejections (node:internal/process/task_queues:96:5) 
    url - /api/v1/notes/undefined 
    method - DELETE 
    IP - ::ffff:127.0.0.1
   {"timestamp":"2022-09-20T17:48:18.443Z"}
info: Server started at http://localhost:3000/api/v1/ {"timestamp":"2022-09-20T17:49:17.034Z"}
info: Connected to the database. {"timestamp":"2022-09-20T17:49:17.063Z"}
info: Server started at http://localhost:3000/api/v1/ {"timestamp":"2022-09-20T17:52:18.797Z"}
info: Connected to the database. {"timestamp":"2022-09-20T17:52:18.831Z"}
error: 
    status - 500 
    message - CastError: Cast to ObjectId failed for value "{ _id: 'undefined', UserId: 'singhchinkikumari@gmail.com' }" (type Object) at path "_id" for model "Notes"
    at model.Query.exec (D:\CPF Batch\Fandoo-Notes\FandooNotes\node_modules\mongoose\lib\query.js:4498:21)
    at model.Query.Query.then (D:\CPF Batch\Fandoo-Notes\FandooNotes\node_modules\mongoose\lib\query.js:4592:15)
    at processTicksAndRejections (node:internal/process/task_queues:96:5) 
    url - /api/v1/notes/undefined 
    method - GET 
    IP - ::ffff:127.0.0.1
   {"timestamp":"2022-09-20T17:52:19.133Z"}
info: Server started at http://localhost:3000/api/v1/ {"timestamp":"2022-09-20T17:53:11.511Z"}
info: Connected to the database. {"timestamp":"2022-09-20T17:53:11.560Z"}
error: 
    status - 500 
    message - CastError: Cast to ObjectId failed for value "{ _id: 'undefined', UserId: 'singhchinkikumari@gmail.com' }" (type Object) at path "_id" for model "Notes"
    at model.Query.exec (D:\CPF Batch\Fandoo-Notes\FandooNotes\node_modules\mongoose\lib\query.js:4498:21)
    at model.Query.Query.then (D:\CPF Batch\Fandoo-Notes\FandooNotes\node_modules\mongoose\lib\query.js:4592:15)
    at processTicksAndRejections (node:internal/process/task_queues:96:5) 
    url - /api/v1/notes/undefined 
    method - GET 
    IP - ::ffff:127.0.0.1
   {"timestamp":"2022-09-20T17:53:11.855Z"}
info: Server started at http://localhost:3000/api/v1/ {"timestamp":"2022-09-20T17:54:17.908Z"}
info: Connected to the database. {"timestamp":"2022-09-20T17:54:17.937Z"}
