info: Server started at http://localhost:3000/api/v1/ {"timestamp":"2022-08-26T11:45:19.697Z"}
info: Connected to the database. {"timestamp":"2022-08-26T11:46:01.350Z"}
info: Server started at http://localhost:3000/api/v1/ {"timestamp":"2022-08-26T11:47:59.907Z"}
info: Connected to the database. {"timestamp":"2022-08-26T11:48:15.841Z"}
info: Server started at http://localhost:3000/api/v1/ {"timestamp":"2022-08-26T14:32:46.335Z"}
info: Connected to the database. {"timestamp":"2022-08-26T14:32:59.685Z"}
info: Server started at http://localhost:3000/api/v1/ {"timestamp":"2022-08-26T14:34:07.127Z"}
info: Server started at http://localhost:3000/api/v1/ {"timestamp":"2022-08-26T14:34:22.574Z"}
info: Connected to the database. {"timestamp":"2022-08-26T14:34:36.537Z"}
info: Server started at http://localhost:3000/api/v1/ {"timestamp":"2022-08-26T14:40:42.007Z"}
info: Connected to the database. {"timestamp":"2022-08-26T14:40:49.603Z"}
info: Server started at http://localhost:3000/api/v1/ {"timestamp":"2022-08-26T14:47:44.426Z"}
info: Connected to the database. {"timestamp":"2022-08-26T14:47:54.104Z"}
error: 
    status - 500 
    message - ValidationError: "FirstName" is required 
    url - /api/v1/users 
    method - POST 
    IP - ::1
   {"timestamp":"2022-08-26T14:52:40.153Z"}
error: 
    status - 500 
    message - ValidationError: "FirstName" is required 
    url - /api/v1/users 
    method - POST 
    IP - ::1
   {"timestamp":"2022-08-26T14:52:54.309Z"}
info: Server started at http://localhost:3000/api/v1/ {"timestamp":"2022-08-26T15:03:32.682Z"}
info: Server started at http://localhost:3000/api/v1/ {"timestamp":"2022-08-26T15:03:54.564Z"}
info: Connected to the database. {"timestamp":"2022-08-26T15:04:12.465Z"}
error: 
    status - 500 
    message - ValidationError: "FirstName" is required 
    url - /api/v1/users 
    method - POST 
    IP - ::1
   {"timestamp":"2022-08-26T15:04:13.531Z"}
