info: Server started at http://localhost:3000/api/v1/ {"timestamp":"2022-08-26T11:45:19.697Z"}
info: Connected to the database. {"timestamp":"2022-08-26T11:46:01.350Z"}
info: Server started at http://localhost:3000/api/v1/ {"timestamp":"2022-08-26T11:47:59.907Z"}
info: Connected to the database. {"timestamp":"2022-08-26T11:48:15.841Z"}
info: Server started at http://localhost:3000/api/v1/ {"timestamp":"2022-08-26T14:32:46.335Z"}
info: Connected to the database. {"timestamp":"2022-08-26T14:32:59.685Z"}
info: Server started at http://localhost:3000/api/v1/ {"timestamp":"2022-08-26T14:34:07.127Z"}
info: Server started at http://localhost:3000/api/v1/ {"timestamp":"2022-08-26T14:34:22.574Z"}
info: Connected to the database. {"timestamp":"2022-08-26T14:34:36.537Z"}
info: Server started at http://localhost:3000/api/v1/ {"timestamp":"2022-08-26T14:40:42.007Z"}
info: Connected to the database. {"timestamp":"2022-08-26T14:40:49.603Z"}
info: Server started at http://localhost:3000/api/v1/ {"timestamp":"2022-08-26T14:47:44.426Z"}
info: Connected to the database. {"timestamp":"2022-08-26T14:47:54.104Z"}
error: 
    status - 500 
    message - ValidationError: "FirstName" is required 
    url - /api/v1/users 
    method - POST 
    IP - ::1
   {"timestamp":"2022-08-26T14:52:40.153Z"}
error: 
    status - 500 
    message - ValidationError: "FirstName" is required 
    url - /api/v1/users 
    method - POST 
    IP - ::1
   {"timestamp":"2022-08-26T14:52:54.309Z"}
info: Server started at http://localhost:3000/api/v1/ {"timestamp":"2022-08-26T15:03:32.682Z"}
info: Server started at http://localhost:3000/api/v1/ {"timestamp":"2022-08-26T15:03:54.564Z"}
info: Connected to the database. {"timestamp":"2022-08-26T15:04:12.465Z"}
error: 
    status - 500 
    message - ValidationError: "FirstName" is required 
    url - /api/v1/users 
    method - POST 
    IP - ::1
   {"timestamp":"2022-08-26T15:04:13.531Z"}
error: 
    status - 500 
    message - ValidationError: "FirstName" is required 
    url - /api/v1/users 
    method - POST 
    IP - ::1
   {"timestamp":"2022-08-27T00:43:11.651Z"}
info: Server started at http://localhost:3000/api/v1/ {"timestamp":"2022-08-27T00:59:31.678Z"}
info: Server started at http://localhost:3000/api/v1/ {"timestamp":"2022-08-27T00:59:34.199Z"}
info: Connected to the database. {"timestamp":"2022-08-27T00:59:37.657Z"}
info: Server started at http://localhost:3000/api/v1/ {"timestamp":"2022-08-28T07:55:27.554Z"}
info: Connected to the database. {"timestamp":"2022-08-28T07:55:33.047Z"}
error: 
    status - 500 
    message - ValidationError: "FirstName" is required 
    url - /api/v1/users 
    method - POST 
    IP - ::1
   {"timestamp":"2022-08-28T07:58:56.665Z"}
info: Server started at http://localhost:3000/api/v1/ {"timestamp":"2022-08-28T08:05:41.510Z"}
info: Connected to the database. {"timestamp":"2022-08-28T08:06:09.641Z"}
info: Server started at http://localhost:3000/api/v1/ {"timestamp":"2022-08-28T08:07:52.562Z"}
info: Connected to the database. {"timestamp":"2022-08-28T08:08:01.999Z"}
info: Server started at http://localhost:3000/api/v1/ {"timestamp":"2022-08-28T08:13:55.522Z"}
info: Connected to the database. {"timestamp":"2022-08-28T08:14:05.080Z"}
error: 
    status - 500 
    message - ValidationError: "LastName" is required 
    url - /api/v1/users 
    method - POST 
    IP - ::1
   {"timestamp":"2022-08-29T02:39:18.943Z"}
info: Server started at http://localhost:3000/api/v1/ {"timestamp":"2022-08-29T02:47:02.000Z"}
info: Connected to the database. {"timestamp":"2022-08-29T02:47:13.719Z"}
info: Server started at http://localhost:3000/api/v1/ {"timestamp":"2022-08-29T02:49:19.599Z"}
info: Connected to the database. {"timestamp":"2022-08-29T02:49:37.461Z"}
info: Server started at http://localhost:3000/api/v1/ {"timestamp":"2022-08-29T02:59:05.382Z"}
info: Connected to the database. {"timestamp":"2022-08-29T02:59:08.383Z"}
info: Server started at http://localhost:3000/api/v1/ {"timestamp":"2022-08-29T02:59:13.711Z"}
info: Server started at http://localhost:3000/api/v1/ {"timestamp":"2022-08-29T02:59:18.331Z"}
info: Connected to the database. {"timestamp":"2022-08-29T02:59:21.138Z"}
info: Server started at http://localhost:3000/api/v1/ {"timestamp":"2022-08-29T02:59:27.335Z"}
info: Connected to the database. {"timestamp":"2022-08-29T02:59:30.217Z"}
info: Server started at http://localhost:3000/api/v1/ {"timestamp":"2022-08-29T03:06:30.741Z"}
info: Connected to the database. {"timestamp":"2022-08-29T03:06:33.696Z"}
info: Server started at http://localhost:3000/api/v1/ {"timestamp":"2022-08-29T05:38:35.218Z"}
info: Connected to the database. {"timestamp":"2022-08-29T05:38:44.060Z"}
info: Server started at http://localhost:3000/api/v1/ {"timestamp":"2022-08-29T05:39:38.495Z"}
info: Connected to the database. {"timestamp":"2022-08-29T05:39:47.499Z"}
info: Server started at http://localhost:3000/api/v1/ {"timestamp":"2022-08-29T06:36:52.912Z"}
info: Connected to the database. {"timestamp":"2022-08-29T06:37:01.716Z"}
info: Server started at http://localhost:3000/api/v1/ {"timestamp":"2022-08-29T07:40:45.191Z"}
info: Connected to the database. {"timestamp":"2022-08-29T07:40:58.117Z"}
info: Server started at http://localhost:3000/api/v1/ {"timestamp":"2022-08-29T08:16:44.868Z"}
info: Connected to the database. {"timestamp":"2022-08-29T08:17:13.393Z"}
info: Server started at http://localhost:3000/api/v1/ {"timestamp":"2022-08-29T08:18:02.479Z"}
info: Connected to the database. {"timestamp":"2022-08-29T08:18:30.727Z"}
info: Server started at http://localhost:3000/api/v1/ {"timestamp":"2022-08-29T15:39:05.941Z"}
info: Connected to the database. {"timestamp":"2022-08-29T15:39:15.742Z"}
info: Server started at http://localhost:3000/api/v1/ {"timestamp":"2022-08-29T15:45:34.545Z"}
info: Connected to the database. {"timestamp":"2022-08-29T15:45:38.714Z"}
info: Server started at http://localhost:3000/api/v1/ {"timestamp":"2022-08-31T09:59:00.344Z"}
info: Connected to the database. {"timestamp":"2022-08-31T09:59:15.341Z"}
info: Server started at http://localhost:3000/api/v1/ {"timestamp":"2022-08-31T11:09:05.527Z"}
info: Server started at http://localhost:3000/api/v1/ {"timestamp":"2022-08-31T11:09:09.828Z"}
info: Connected to the database. {"timestamp":"2022-08-31T11:09:19.364Z"}
info: Server started at http://localhost:3000/api/v1/ {"timestamp":"2022-09-01T01:28:29.648Z"}
info: Connected to the database. {"timestamp":"2022-09-01T01:28:44.099Z"}
info: Server started at http://localhost:3000/api/v1/ {"timestamp":"2022-09-01T01:29:32.051Z"}
info: Connected to the database. {"timestamp":"2022-09-01T01:29:48.097Z"}
info: Server started at http://localhost:3000/api/v1/ {"timestamp":"2022-09-01T02:29:31.055Z"}
info: Connected to the database. {"timestamp":"2022-09-01T02:29:59.215Z"}
info: Server started at http://localhost:3000/api/v1/ {"timestamp":"2022-09-01T02:39:19.772Z"}
info: Connected to the database. {"timestamp":"2022-09-01T02:39:28.730Z"}
info: Server started at http://localhost:3000/api/v1/ {"timestamp":"2022-09-01T02:47:38.124Z"}
info: Connected to the database. {"timestamp":"2022-09-01T02:47:47.003Z"}
