info: ::1 - - [26/Aug/2022:14:49:23 +0000] "GET /api/v1/ HTTP/1.1" 200 9 "-" "PostmanRuntime/7.29.2"

info: ::1 - - [26/Aug/2022:14:49:35 +0000] "GET /api/v1/users HTTP/1.1" 200 65 "-" "PostmanRuntime/7.29.2"

info: ::1 - - [26/Aug/2022:14:52:40 +0000] "POST /api/v1/users HTTP/1.1" 500 60 "-" "PostmanRuntime/7.29.2"

info: ::1 - - [26/Aug/2022:14:52:54 +0000] "POST /api/v1/users HTTP/1.1" 500 60 "-" "PostmanRuntime/7.29.2"

info: ::1 - - [26/Aug/2022:15:04:13 +0000] "POST /api/v1/users HTTP/1.1" 500 60 "-" "PostmanRuntime/7.29.2"

info: ::1 - - [27/Aug/2022:00:43:11 +0000] "POST /api/v1/users HTTP/1.1" 500 60 "-" "PostmanRuntime/7.29.2"

info: ::1 - - [28/Aug/2022:07:57:41 +0000] "GET /api/v1/ HTTP/1.1" 200 9 "-" "PostmanRuntime/7.29.2"

info: ::1 - - [28/Aug/2022:07:57:53 +0000] "GET /api/v1/users HTTP/1.1" 200 65 "-" "PostmanRuntime/7.29.2"

info: ::1 - - [28/Aug/2022:07:58:56 +0000] "POST /api/v1/users HTTP/1.1" 500 60 "-" "PostmanRuntime/7.29.2"

info: ::1 - - [29/Aug/2022:02:39:18 +0000] "POST /api/v1/users HTTP/1.1" 500 59 "-" "PostmanRuntime/7.29.2"

info: ::1 - - [29/Aug/2022:02:41:06 +0000] "POST /api/v1/users HTTP/1.1" 201 121 "-" "PostmanRuntime/7.29.2"

info: ::1 - - [29/Aug/2022:02:43:45 +0000] "POST /api/v1/users HTTP/1.1" 201 121 "-" "PostmanRuntime/7.29.2"

info: ::1 - - [29/Aug/2022:07:41:13 +0000] "GET /api/v1/users HTTP/1.1" 404 47 "-" "PostmanRuntime/7.29.2"

info: ::1 - - [29/Aug/2022:07:41:30 +0000] "GET /api/v1 HTTP/1.1" 200 9 "-" "PostmanRuntime/7.29.2"

info: ::1 - - [29/Aug/2022:07:41:46 +0000] "POST /api/v1/users HTTP/1.1" 201 333 "-" "PostmanRuntime/7.29.2"

info: ::1 - - [29/Aug/2022:07:42:00 +0000] "POST /api/v1/ HTTP/1.1" 404 47 "-" "PostmanRuntime/7.29.2"

info: ::1 - - [29/Aug/2022:07:42:22 +0000] "POST /api/v1/login HTTP/1.1" 404 47 "-" "PostmanRuntime/7.29.2"

info: ::1 - - [29/Aug/2022:07:42:32 +0000] "GET /api/v1/login HTTP/1.1" 404 47 "-" "PostmanRuntime/7.29.2"

info: ::1 - - [29/Aug/2022:07:43:01 +0000] "GET /api/v1/getlogin HTTP/1.1" 404 47 "-" "PostmanRuntime/7.29.2"

info: ::1 - - [29/Aug/2022:07:44:00 +0000] "GET /api/v1/login HTTP/1.1" 404 47 "-" "PostmanRuntime/7.29.2"

info: ::1 - - [29/Aug/2022:07:44:49 +0000] "GET /api/v1/getLogin HTTP/1.1" 404 47 "-" "PostmanRuntime/7.29.2"

info: ::1 - - [29/Aug/2022:07:45:01 +0000] "GET /api/v1 HTTP/1.1" 200 9 "-" "PostmanRuntime/7.29.2"

info: ::1 - - [29/Aug/2022:07:45:09 +0000] "GET /api/v1/user HTTP/1.1" 404 47 "-" "PostmanRuntime/7.29.2"

info: ::1 - - [29/Aug/2022:07:45:16 +0000] "POST /api/v1/user HTTP/1.1" 404 47 "-" "PostmanRuntime/7.29.2"

info: ::1 - - [29/Aug/2022:07:46:10 +0000] "POST /api/v1/newuser HTTP/1.1" 404 47 "-" "PostmanRuntime/7.29.2"

info: ::1 - - [29/Aug/2022:07:46:20 +0000] "GET /api/v1/ HTTP/1.1" 200 9 "-" "PostmanRuntime/7.29.2"

info: ::1 - - [29/Aug/2022:07:46:27 +0000] "GET /api/v1/user HTTP/1.1" 404 47 "-" "PostmanRuntime/7.29.2"

info: ::1 - - [29/Aug/2022:07:46:31 +0000] "GET /api/v1/users HTTP/1.1" 404 47 "-" "PostmanRuntime/7.29.2"

info: ::1 - - [29/Aug/2022:07:46:37 +0000] "POST /api/v1/users HTTP/1.1" 400 67 "-" "PostmanRuntime/7.29.2"

info: ::1 - - [29/Aug/2022:07:46:53 +0000] "POST /api/v1/users HTTP/1.1" 400 53 "-" "PostmanRuntime/7.29.2"

info: ::1 - - [29/Aug/2022:08:04:10 +0000] "POST /api/v1/login HTTP/1.1" 404 47 "-" "PostmanRuntime/7.29.2"

info: ::1 - - [29/Aug/2022:08:14:30 +0000] "POST /api/v1/users/login HTTP/1.1" 400 64 "-" "PostmanRuntime/7.29.2"

info: ::1 - - [29/Aug/2022:08:17:11 +0000] "POST /api/v1/users/login HTTP/1.1" 400 101 "-" "PostmanRuntime/7.29.2"

info: ::1 - - [29/Aug/2022:08:18:33 +0000] "POST /api/v1/users/login HTTP/1.1" 400 64 "-" "PostmanRuntime/7.29.2"

info: ::1 - - [29/Aug/2022:15:39:23 +0000] "POST /api/v1/users/login HTTP/1.1" 202 325 "-" "PostmanRuntime/7.29.2"

info: ::1 - - [31/Aug/2022:10:02:00 +0000] "GET /api/v1/users HTTP/1.1" 404 47 "-" "PostmanRuntime/7.29.2"

info: ::1 - - [31/Aug/2022:10:06:58 +0000] "POST /api/v1/users HTTP/1.1" 201 326 "-" "PostmanRuntime/7.29.2"

info: ::1 - - [31/Aug/2022:10:08:00 +0000] "POST /api/v1/users HTTP/1.1" 201 328 "-" "PostmanRuntime/7.29.2"

info: ::1 - - [31/Aug/2022:10:08:22 +0000] "POST /api/v1/users HTTP/1.1" 201 329 "-" "PostmanRuntime/7.29.2"

info: ::1 - - [31/Aug/2022:10:08:43 +0000] "POST /api/v1/users/login HTTP/1.1" 202 173 "-" "PostmanRuntime/7.29.2"

info: ::1 - - [31/Aug/2022:10:08:55 +0000] "POST /api/v1/users/login HTTP/1.1" 400 48 "-" "PostmanRuntime/7.29.2"

info: ::1 - - [31/Aug/2022:10:09:07 +0000] "POST /api/v1/users/login HTTP/1.1" 400 48 "-" "PostmanRuntime/7.29.2"

info: ::1 - - [31/Aug/2022:10:20:40 +0000] "POST /api/v1/users/login HTTP/1.1" 202 173 "-" "PostmanRuntime/7.29.2"

info: ::1 - - [01/Sep/2022:02:33:53 +0000] "POST /api/v1/users/login HTTP/1.1" 400 68 "-" "PostmanRuntime/7.29.2"

info: ::1 - - [01/Sep/2022:02:39:57 +0000] "POST /api/v1/users/login HTTP/1.1" 202 260 "-" "PostmanRuntime/7.29.2"

info: ::1 - - [02/Sep/2022:01:49:13 +0000] "GET /api/v1/users/ HTTP/1.1" 404 47 "-" "PostmanRuntime/7.29.2"

info: ::1 - - [02/Sep/2022:01:49:24 +0000] "GET /api/v1/ HTTP/1.1" 200 9 "-" "PostmanRuntime/7.29.2"

info: ::1 - - [02/Sep/2022:01:50:23 +0000] "GET /api/v1/:note_id HTTP/1.1" 404 47 "-" "PostmanRuntime/7.29.2"

info: ::1 - - [02/Sep/2022:01:50:33 +0000] "PUT /api/v1/:note_id HTTP/1.1" 404 47 "-" "PostmanRuntime/7.29.2"

info: ::1 - - [02/Sep/2022:01:58:39 +0000] "POST /api/v1/user HTTP/1.1" 404 47 "-" "PostmanRuntime/7.29.2"

info: ::1 - - [02/Sep/2022:02:50:11 +0000] "POST /api/v1/users HTTP/1.1" 400 67 "-" "PostmanRuntime/7.29.2"

info: ::1 - - [02/Sep/2022:04:14:04 +0000] "POST /api/v1/notes HTTP/1.1" 400 56 "-" "PostmanRuntime/7.29.2"

info: ::1 - - [02/Sep/2022:04:14:22 +0000] "PUT /api/v1/notes HTTP/1.1" 404 47 "-" "PostmanRuntime/7.29.2"

info: ::1 - - [02/Sep/2022:08:59:59 +0000] "GET /api/v1/notes HTTP/1.1" 400 56 "-" "PostmanRuntime/7.29.2"

info: ::1 - - [02/Sep/2022:09:00:14 +0000] "GET /api/v1/users HTTP/1.1" 404 47 "-" "PostmanRuntime/7.29.2"

info: ::1 - - [02/Sep/2022:09:00:56 +0000] "GET /api/v1/ HTTP/1.1" 200 9 "-" "PostmanRuntime/7.29.2"

info: ::1 - - [02/Sep/2022:09:01:08 +0000] "GET /api/v1/users HTTP/1.1" 404 47 "-" "PostmanRuntime/7.29.2"

info: ::1 - - [02/Sep/2022:09:01:18 +0000] "GET /api/v1/notes HTTP/1.1" 400 56 "-" "PostmanRuntime/7.29.2"

info: ::1 - - [02/Sep/2022:09:04:20 +0000] "POST /api/v1/users HTTP/1.1" 201 338 "-" "PostmanRuntime/7.29.2"

info: ::1 - - [02/Sep/2022:09:05:35 +0000] "POST /api/v1/login HTTP/1.1" 404 47 "-" "PostmanRuntime/7.29.2"

info: ::1 - - [02/Sep/2022:09:06:45 +0000] "POST /api/v1/users/login HTTP/1.1" 202 272 "-" "PostmanRuntime/7.29.2"

info: ::1 - - [02/Sep/2022:09:07:49 +0000] "POST /api/v1/users/login HTTP/1.1" 202 272 "-" "PostmanRuntime/7.29.2"

info: ::1 - - [02/Sep/2022:09:21:23 +0000] "POST /api/v1/users/login HTTP/1.1" 202 272 "-" "PostmanRuntime/7.29.2"

info: ::1 - - [02/Sep/2022:09:25:58 +0000] "POST /api/v1/notes HTTP/1.1" 500 52 "-" "PostmanRuntime/7.29.2"

info: ::1 - - [02/Sep/2022:09:27:07 +0000] "GET /api/v1/notes HTTP/1.1" 500 52 "-" "PostmanRuntime/7.29.2"

info: ::1 - - [02/Sep/2022:09:27:52 +0000] "GET /api/v1/notes/note_id HTTP/1.1" 500 52 "-" "PostmanRuntime/7.29.2"

info: ::1 - - [02/Sep/2022:09:29:25 +0000] "POST /api/v1/notes HTTP/1.1" 500 52 "-" "PostmanRuntime/7.29.2"

info: ::1 - - [02/Sep/2022:09:33:21 +0000] "GET /api/v1/note_id HTTP/1.1" 404 47 "-" "PostmanRuntime/7.29.2"

info: ::1 - - [02/Sep/2022:10:38:39 +0000] "GET /api/v1/notes HTTP/1.1" 500 52 "-" "PostmanRuntime/7.29.2"

info: ::1 - - [02/Sep/2022:10:42:02 +0000] "GET /api/v1/notes HTTP/1.1" 500 52 "-" "PostmanRuntime/7.29.2"

info: ::1 - - [02/Sep/2022:10:42:23 +0000] "GET /api/v1/notes HTTP/1.1" 500 52 "-" "PostmanRuntime/7.29.2"

info: ::1 - - [02/Sep/2022:11:35:50 +0000] "GET /api/v1/notes HTTP/1.1" 500 61 "-" "PostmanRuntime/7.29.2"

info: ::1 - - [02/Sep/2022:11:38:39 +0000] "GET /api/v1/notes HTTP/1.1" 500 61 "-" "PostmanRuntime/7.29.2"

info: ::1 - - [02/Sep/2022:11:40:42 +0000] "GET /api/v1/notes HTTP/1.1" 202 61 "-" "PostmanRuntime/7.29.2"

info: ::1 - - [02/Sep/2022:11:43:02 +0000] "POST /api/v1/notes HTTP/1.1" 201 219 "-" "PostmanRuntime/7.29.2"

info: ::1 - - [02/Sep/2022:11:44:13 +0000] "PUT /api/v1/notes/note_id HTTP/1.1" 500 141 "-" "PostmanRuntime/7.29.2"

info: ::1 - - [02/Sep/2022:11:49:49 +0000] "PUT /api/v1/notes/6311ec45556911f1082ec9fb HTTP/1.1" 500 141 "-" "PostmanRuntime/7.29.2"

info: ::1 - - [02/Sep/2022:11:53:29 +0000] "PUT /api/v1/notes/6311ec45556911f1082ec9fb HTTP/1.1" 202 237 "-" "PostmanRuntime/7.29.2"

info: ::1 - - [02/Sep/2022:11:54:39 +0000] "PUT /api/v1/notes/6311ec45556911f1082ec9fb HTTP/1.1" 202 257 "-" "PostmanRuntime/7.29.2"

info: ::1 - - [02/Sep/2022:11:55:42 +0000] "DELETE /api/v1/notes/6311ec45556911f1082ec9fb HTTP/1.1" 200 60 "-" "PostmanRuntime/7.29.2"

info: ::1 - - [02/Sep/2022:14:17:54 +0000] "POST /api/v1/notes HTTP/1.1" 201 223 "-" "PostmanRuntime/7.29.2"

info: ::1 - - [02/Sep/2022:14:18:21 +0000] "POST /api/v1/notes HTTP/1.1" 201 240 "-" "PostmanRuntime/7.29.2"

info: ::1 - - [02/Sep/2022:14:18:59 +0000] "GET /api/v1/notes HTTP/1.1" 202 407 "-" "PostmanRuntime/7.29.2"

info: ::1 - - [02/Sep/2022:14:19:45 +0000] "PUT /api/v1/notes HTTP/1.1" 404 47 "-" "PostmanRuntime/7.29.2"

info: ::1 - - [02/Sep/2022:14:21:28 +0000] "PUT /api/v1/notes/631210ac98c335048d704b0c HTTP/1.1" 202 257 "-" "PostmanRuntime/7.29.2"

info: ::1 - - [02/Sep/2022:14:21:48 +0000] "DELETE /api/v1/notes/631210ac98c335048d704b0c HTTP/1.1" 200 60 "-" "PostmanRuntime/7.29.2"

info: ::1 - - [03/Sep/2022:02:26:33 +0000] "POST /api/v1/notes HTTP/1.1" 201 240 "-" "PostmanRuntime/7.29.2"

info: ::1 - - [03/Sep/2022:03:26:09 +0000] "PUT /api/v1/notes/6312108798c335048d704b0a HTTP/1.1" 202 255 "-" "PostmanRuntime/7.29.2"

info: ::1 - - [05/Sep/2022:02:41:41 +0000] "POST /api/v1/notes HTTP/1.1" 201 249 "-" "PostmanRuntime/7.29.2"

info: ::1 - - [05/Sep/2022:09:58:45 +0000] "POST /api/v1/users/login HTTP/1.1" 202 272 "-" "PostmanRuntime/7.29.2"

info: ::1 - - [05/Sep/2022:10:06:43 +0000] "GET /api/v1/users/login/ HTTP/1.1" 404 47 "-" "PostmanRuntime/7.29.2"

info: ::1 - - [05/Sep/2022:11:31:57 +0000] "POST /api/v1/users/login HTTP/1.1" 202 272 "-" "PostmanRuntime/7.29.2"

info: ::1 - - [05/Sep/2022:15:38:02 +0000] "POST /api/v1/notes/ HTTP/1.1" 201 250 "-" "PostmanRuntime/7.29.2"

info: ::1 - - [05/Sep/2022:15:39:48 +0000] "POST /api/v1/notes/ HTTP/1.1" 201 233 "-" "PostmanRuntime/7.29.2"

info: ::1 - - [05/Sep/2022:15:44:23 +0000] "POST /api/v1/notes/ HTTP/1.1" 500 138 "-" "PostmanRuntime/7.29.2"

info: ::1 - - [05/Sep/2022:15:45:04 +0000] "POST /api/v1/notes/ HTTP/1.1" 500 91 "-" "PostmanRuntime/7.29.2"

info: ::1 - - [05/Sep/2022:15:45:38 +0000] "POST /api/v1/notes/ HTTP/1.1" 201 232 "-" "PostmanRuntime/7.29.2"

info: ::1 - - [05/Sep/2022:15:51:09 +0000] "POST /api/v1/users/login HTTP/1.1" 202 272 "-" "PostmanRuntime/7.29.2"

info: ::1 - - [05/Sep/2022:15:53:16 +0000] "POST /api/v1/notes HTTP/1.1" 201 218 "-" "PostmanRuntime/7.29.2"

info: ::1 - - [05/Sep/2022:15:55:58 +0000] "PUT /api/v1/notes/630f32c17b7017d170e7e7ad HTTP/1.1" 202 70 "-" "PostmanRuntime/7.29.2"

info: ::1 - - [05/Sep/2022:15:56:45 +0000] "PUT /api/v1/notes_id/630f32c17b7017d170e7e7ad HTTP/1.1" 404 47 "-" "PostmanRuntime/7.29.2"

info: ::1 - - [05/Sep/2022:15:57:29 +0000] "PUT /api/v1/notes/6311ec45556911f1082ec9fb HTTP/1.1" 202 70 "-" "PostmanRuntime/7.29.2"

info: ::1 - - [05/Sep/2022:16:03:17 +0000] "POST /api/v1/notes HTTP/1.1" 201 218 "-" "PostmanRuntime/7.29.2"

info: ::1 - - [05/Sep/2022:16:04:42 +0000] "PUT /api/v1/notes/630f32c17b7017d170e7e7ad HTTP/1.1" 202 70 "-" "PostmanRuntime/7.29.2"

error: uncaughtException: This error originated either by throwing inside of an async function without a catch block, or by rejecting a promise which was not handled with .catch(). The promise rejected with the reason "#<Object>".
UnhandledPromiseRejection: This error originated either by throwing inside of an async function without a catch block, or by rejecting a promise which was not handled with .catch(). The promise rejected with the reason "#<Object>". {"date":"Mon Sep 05 2022 21:35:47 GMT+0530 (India Standard Time)","error":{"code":"ERR_UNHANDLED_REJECTION"},"exception":true,"os":{"loadavg":[0,0,0],"uptime":1611067},"process":{"argv":["node","D:\\CPF Batch\\Fandoo-Notes\\FandooNotes\\src\\index.js"],"cwd":"D:\\CPF Batch\\Fandoo-Notes\\FandooNotes","execPath":"C:\\Program Files\\nodejs\\node.exe","gid":null,"memoryUsage":{"arrayBuffers":18334129,"external":20110078,"heapTotal":49569792,"heapUsed":45586880,"rss":86069248},"pid":79148,"uid":null,"version":"v16.15.1"},"stack":"UnhandledPromiseRejection: This error originated either by throwing inside of an async function without a catch block, or by rejecting a promise which was not handled with .catch(). The promise rejected with the reason \"#<Object>\".","trace":[]}
error: uncaughtException: write EPIPE
Error: write EPIPE
    at afterWriteDispatched (node:internal/stream_base_commons:160:15)
    at writeGeneric (node:internal/stream_base_commons:151:3)
    at WriteStream.Socket._writeGeneric (node:net:817:11)
    at WriteStream.Socket._write (node:net:829:8)
    at writeOrBuffer (node:internal/streams/writable:389:12)
    at _write (node:internal/streams/writable:330:10)
    at WriteStream.Writable.write (node:internal/streams/writable:334:10)
    at Console.log (D:\CPF Batch\Fandoo-Notes\FandooNotes\node_modules\winston\lib\winston\transports\console.js:79:23)
    at Console._write (D:\CPF Batch\Fandoo-Notes\FandooNotes\node_modules\winston-transport\index.js:82:19)
    at doWrite (D:\CPF Batch\Fandoo-Notes\FandooNotes\node_modules\winston-transport\node_modules\readable-stream\lib\_stream_writable.js:409:139)
    at writeOrBuffer (D:\CPF Batch\Fandoo-Notes\FandooNotes\node_modules\winston-transport\node_modules\readable-stream\lib\_stream_writable.js:398:5)
    at Console.Writable.write (D:\CPF Batch\Fandoo-Notes\FandooNotes\node_modules\winston-transport\node_modules\readable-stream\lib\_stream_writable.js:307:11)
    at DerivedLogger.ondata (D:\CPF Batch\Fandoo-Notes\FandooNotes\node_modules\winston\node_modules\readable-stream\lib\_stream_readable.js:681:20)
    at DerivedLogger.emit (node:events:539:35)
    at DerivedLogger.emit (node:domain:475:12)
    at addChunk (D:\CPF Batch\Fandoo-Notes\FandooNotes\node_modules\winston\node_modules\readable-stream\lib\_stream_readable.js:298:12) {"date":"Mon Sep 05 2022 21:38:08 GMT+0530 (India Standard Time)","error":{"code":"EPIPE","errno":-4047,"syscall":"write"},"exception":true,"os":{"loadavg":[0,0,0],"uptime":1611208},"process":{"argv":["node","D:\\CPF Batch\\Fandoo-Notes\\FandooNotes\\src\\index.js"],"cwd":"D:\\CPF Batch\\Fandoo-Notes\\FandooNotes","execPath":"C:\\Program Files\\nodejs\\node.exe","gid":null,"memoryUsage":{"arrayBuffers":18444889,"external":22304444,"heapTotal":81813504,"heapUsed":46986040,"rss":117821440},"pid":77816,"uid":null,"version":"v16.15.1"},"stack":"Error: write EPIPE\n    at afterWriteDispatched (node:internal/stream_base_commons:160:15)\n    at writeGeneric (node:internal/stream_base_commons:151:3)\n    at WriteStream.Socket._writeGeneric (node:net:817:11)\n    at WriteStream.Socket._write (node:net:829:8)\n    at writeOrBuffer (node:internal/streams/writable:389:12)\n    at _write (node:internal/streams/writable:330:10)\n    at WriteStream.Writable.write (node:internal/streams/writable:334:10)\n    at Console.log (D:\\CPF Batch\\Fandoo-Notes\\FandooNotes\\node_modules\\winston\\lib\\winston\\transports\\console.js:79:23)\n    at Console._write (D:\\CPF Batch\\Fandoo-Notes\\FandooNotes\\node_modules\\winston-transport\\index.js:82:19)\n    at doWrite (D:\\CPF Batch\\Fandoo-Notes\\FandooNotes\\node_modules\\winston-transport\\node_modules\\readable-stream\\lib\\_stream_writable.js:409:139)\n    at writeOrBuffer (D:\\CPF Batch\\Fandoo-Notes\\FandooNotes\\node_modules\\winston-transport\\node_modules\\readable-stream\\lib\\_stream_writable.js:398:5)\n    at Console.Writable.write (D:\\CPF Batch\\Fandoo-Notes\\FandooNotes\\node_modules\\winston-transport\\node_modules\\readable-stream\\lib\\_stream_writable.js:307:11)\n    at DerivedLogger.ondata (D:\\CPF Batch\\Fandoo-Notes\\FandooNotes\\node_modules\\winston\\node_modules\\readable-stream\\lib\\_stream_readable.js:681:20)\n    at DerivedLogger.emit (node:events:539:35)\n    at DerivedLogger.emit (node:domain:475:12)\n    at addChunk (D:\\CPF Batch\\Fandoo-Notes\\FandooNotes\\node_modules\\winston\\node_modules\\readable-stream\\lib\\_stream_readable.js:298:12)","trace":[{"column":15,"file":"node:internal/stream_base_commons","function":"afterWriteDispatched","line":160,"method":null,"native":false},{"column":3,"file":"node:internal/stream_base_commons","function":"writeGeneric","line":151,"method":null,"native":false},{"column":11,"file":"node:net","function":"WriteStream.Socket._writeGeneric","line":817,"method":"_writeGeneric","native":false},{"column":8,"file":"node:net","function":"WriteStream.Socket._write","line":829,"method":"_write","native":false},{"column":12,"file":"node:internal/streams/writable","function":"writeOrBuffer","line":389,"method":null,"native":false},{"column":10,"file":"node:internal/streams/writable","function":"_write","line":330,"method":null,"native":false},{"column":10,"file":"node:internal/streams/writable","function":"WriteStream.Writable.write","line":334,"method":"write","native":false},{"column":23,"file":"D:\\CPF Batch\\Fandoo-Notes\\FandooNotes\\node_modules\\winston\\lib\\winston\\transports\\console.js","function":"Console.log","line":79,"method":"log","native":false},{"column":19,"file":"D:\\CPF Batch\\Fandoo-Notes\\FandooNotes\\node_modules\\winston-transport\\index.js","function":"Console._write","line":82,"method":"_write","native":false},{"column":139,"file":"D:\\CPF Batch\\Fandoo-Notes\\FandooNotes\\node_modules\\winston-transport\\node_modules\\readable-stream\\lib\\_stream_writable.js","function":"doWrite","line":409,"method":null,"native":false},{"column":5,"file":"D:\\CPF Batch\\Fandoo-Notes\\FandooNotes\\node_modules\\winston-transport\\node_modules\\readable-stream\\lib\\_stream_writable.js","function":"writeOrBuffer","line":398,"method":null,"native":false},{"column":11,"file":"D:\\CPF Batch\\Fandoo-Notes\\FandooNotes\\node_modules\\winston-transport\\node_modules\\readable-stream\\lib\\_stream_writable.js","function":"Console.Writable.write","line":307,"method":"write","native":false},{"column":20,"file":"D:\\CPF Batch\\Fandoo-Notes\\FandooNotes\\node_modules\\winston\\node_modules\\readable-stream\\lib\\_stream_readable.js","function":"DerivedLogger.ondata","line":681,"method":"ondata","native":false},{"column":35,"file":"node:events","function":"DerivedLogger.emit","line":539,"method":"emit","native":false},{"column":12,"file":"node:domain","function":"DerivedLogger.emit","line":475,"method":"emit","native":false},{"column":12,"file":"D:\\CPF Batch\\Fandoo-Notes\\FandooNotes\\node_modules\\winston\\node_modules\\readable-stream\\lib\\_stream_readable.js","function":"addChunk","line":298,"method":null,"native":false}]}
error: uncaughtException: write EPIPE
Error: write EPIPE
    at afterWriteDispatched (node:internal/stream_base_commons:160:15)
    at writeGeneric (node:internal/stream_base_commons:151:3)
    at WriteStream.Socket._writeGeneric (node:net:817:11)
    at WriteStream.Socket._write (node:net:829:8)
    at writeOrBuffer (node:internal/streams/writable:389:12)
    at _write (node:internal/streams/writable:330:10)
    at WriteStream.Writable.write (node:internal/streams/writable:334:10)
    at Console.log (D:\CPF Batch\Fandoo-Notes\FandooNotes\node_modules\winston\lib\winston\transports\console.js:79:23)
    at Console._write (D:\CPF Batch\Fandoo-Notes\FandooNotes\node_modules\winston-transport\index.js:82:19)
    at doWrite (D:\CPF Batch\Fandoo-Notes\FandooNotes\node_modules\winston-transport\node_modules\readable-stream\lib\_stream_writable.js:409:139)
    at writeOrBuffer (D:\CPF Batch\Fandoo-Notes\FandooNotes\node_modules\winston-transport\node_modules\readable-stream\lib\_stream_writable.js:398:5)
    at Console.Writable.write (D:\CPF Batch\Fandoo-Notes\FandooNotes\node_modules\winston-transport\node_modules\readable-stream\lib\_stream_writable.js:307:11)
    at DerivedLogger.ondata (D:\CPF Batch\Fandoo-Notes\FandooNotes\node_modules\winston\node_modules\readable-stream\lib\_stream_readable.js:681:20)
    at DerivedLogger.emit (node:events:539:35)
    at DerivedLogger.emit (node:domain:475:12)
    at addChunk (D:\CPF Batch\Fandoo-Notes\FandooNotes\node_modules\winston\node_modules\readable-stream\lib\_stream_readable.js:298:12) {"date":"Mon Sep 05 2022 21:38:08 GMT+0530 (India Standard Time)","error":{"code":"EPIPE","errno":-4047,"syscall":"write"},"exception":true,"os":{"loadavg":[0,0,0],"uptime":1611208},"process":{"argv":["node","D:\\CPF Batch\\Fandoo-Notes\\FandooNotes\\src\\index.js"],"cwd":"D:\\CPF Batch\\Fandoo-Notes\\FandooNotes","execPath":"C:\\Program Files\\nodejs\\node.exe","gid":null,"memoryUsage":{"arrayBuffers":18463738,"external":22323293,"heapTotal":81813504,"heapUsed":47318752,"rss":117846016},"pid":77816,"uid":null,"version":"v16.15.1"},"stack":"Error: write EPIPE\n    at afterWriteDispatched (node:internal/stream_base_commons:160:15)\n    at writeGeneric (node:internal/stream_base_commons:151:3)\n    at WriteStream.Socket._writeGeneric (node:net:817:11)\n    at WriteStream.Socket._write (node:net:829:8)\n    at writeOrBuffer (node:internal/streams/writable:389:12)\n    at _write (node:internal/streams/writable:330:10)\n    at WriteStream.Writable.write (node:internal/streams/writable:334:10)\n    at Console.log (D:\\CPF Batch\\Fandoo-Notes\\FandooNotes\\node_modules\\winston\\lib\\winston\\transports\\console.js:79:23)\n    at Console._write (D:\\CPF Batch\\Fandoo-Notes\\FandooNotes\\node_modules\\winston-transport\\index.js:82:19)\n    at doWrite (D:\\CPF Batch\\Fandoo-Notes\\FandooNotes\\node_modules\\winston-transport\\node_modules\\readable-stream\\lib\\_stream_writable.js:409:139)\n    at writeOrBuffer (D:\\CPF Batch\\Fandoo-Notes\\FandooNotes\\node_modules\\winston-transport\\node_modules\\readable-stream\\lib\\_stream_writable.js:398:5)\n    at Console.Writable.write (D:\\CPF Batch\\Fandoo-Notes\\FandooNotes\\node_modules\\winston-transport\\node_modules\\readable-stream\\lib\\_stream_writable.js:307:11)\n    at DerivedLogger.ondata (D:\\CPF Batch\\Fandoo-Notes\\FandooNotes\\node_modules\\winston\\node_modules\\readable-stream\\lib\\_stream_readable.js:681:20)\n    at DerivedLogger.emit (node:events:539:35)\n    at DerivedLogger.emit (node:domain:475:12)\n    at addChunk (D:\\CPF Batch\\Fandoo-Notes\\FandooNotes\\node_modules\\winston\\node_modules\\readable-stream\\lib\\_stream_readable.js:298:12)","trace":[{"column":15,"file":"node:internal/stream_base_commons","function":"afterWriteDispatched","line":160,"method":null,"native":false},{"column":3,"file":"node:internal/stream_base_commons","function":"writeGeneric","line":151,"method":null,"native":false},{"column":11,"file":"node:net","function":"WriteStream.Socket._writeGeneric","line":817,"method":"_writeGeneric","native":false},{"column":8,"file":"node:net","function":"WriteStream.Socket._write","line":829,"method":"_write","native":false},{"column":12,"file":"node:internal/streams/writable","function":"writeOrBuffer","line":389,"method":null,"native":false},{"column":10,"file":"node:internal/streams/writable","function":"_write","line":330,"method":null,"native":false},{"column":10,"file":"node:internal/streams/writable","function":"WriteStream.Writable.write","line":334,"method":"write","native":false},{"column":23,"file":"D:\\CPF Batch\\Fandoo-Notes\\FandooNotes\\node_modules\\winston\\lib\\winston\\transports\\console.js","function":"Console.log","line":79,"method":"log","native":false},{"column":19,"file":"D:\\CPF Batch\\Fandoo-Notes\\FandooNotes\\node_modules\\winston-transport\\index.js","function":"Console._write","line":82,"method":"_write","native":false},{"column":139,"file":"D:\\CPF Batch\\Fandoo-Notes\\FandooNotes\\node_modules\\winston-transport\\node_modules\\readable-stream\\lib\\_stream_writable.js","function":"doWrite","line":409,"method":null,"native":false},{"column":5,"file":"D:\\CPF Batch\\Fandoo-Notes\\FandooNotes\\node_modules\\winston-transport\\node_modules\\readable-stream\\lib\\_stream_writable.js","function":"writeOrBuffer","line":398,"method":null,"native":false},{"column":11,"file":"D:\\CPF Batch\\Fandoo-Notes\\FandooNotes\\node_modules\\winston-transport\\node_modules\\readable-stream\\lib\\_stream_writable.js","function":"Console.Writable.write","line":307,"method":"write","native":false},{"column":20,"file":"D:\\CPF Batch\\Fandoo-Notes\\FandooNotes\\node_modules\\winston\\node_modules\\readable-stream\\lib\\_stream_readable.js","function":"DerivedLogger.ondata","line":681,"method":"ondata","native":false},{"column":35,"file":"node:events","function":"DerivedLogger.emit","line":539,"method":"emit","native":false},{"column":12,"file":"node:domain","function":"DerivedLogger.emit","line":475,"method":"emit","native":false},{"column":12,"file":"D:\\CPF Batch\\Fandoo-Notes\\FandooNotes\\node_modules\\winston\\node_modules\\readable-stream\\lib\\_stream_readable.js","function":"addChunk","line":298,"method":null,"native":false}]}
error: uncaughtException: write EPIPE
Error: write EPIPE
    at afterWriteDispatched (node:internal/stream_base_commons:160:15)
    at writeGeneric (node:internal/stream_base_commons:151:3)
    at WriteStream.Socket._writeGeneric (node:net:817:11)
    at WriteStream.Socket._write (node:net:829:8)
    at writeOrBuffer (node:internal/streams/writable:389:12)
    at _write (node:internal/streams/writable:330:10)
    at WriteStream.Writable.write (node:internal/streams/writable:334:10)
    at Console.log (D:\CPF Batch\Fandoo-Notes\FandooNotes\node_modules\winston\lib\winston\transports\console.js:79:23)
    at Console._write (D:\CPF Batch\Fandoo-Notes\FandooNotes\node_modules\winston-transport\index.js:82:19)
    at doWrite (D:\CPF Batch\Fandoo-Notes\FandooNotes\node_modules\winston-transport\node_modules\readable-stream\lib\_stream_writable.js:409:139)
    at writeOrBuffer (D:\CPF Batch\Fandoo-Notes\FandooNotes\node_modules\winston-transport\node_modules\readable-stream\lib\_stream_writable.js:398:5)
    at Console.Writable.write (D:\CPF Batch\Fandoo-Notes\FandooNotes\node_modules\winston-transport\node_modules\readable-stream\lib\_stream_writable.js:307:11)
    at DerivedLogger.ondata (D:\CPF Batch\Fandoo-Notes\FandooNotes\node_modules\winston\node_modules\readable-stream\lib\_stream_readable.js:681:20)
    at DerivedLogger.emit (node:events:539:35)
    at DerivedLogger.emit (node:domain:475:12)
    at addChunk (D:\CPF Batch\Fandoo-Notes\FandooNotes\node_modules\winston\node_modules\readable-stream\lib\_stream_readable.js:298:12) {"date":"Mon Sep 05 2022 21:38:08 GMT+0530 (India Standard Time)","error":{"code":"EPIPE","errno":-4047,"syscall":"write"},"exception":true,"os":{"loadavg":[0,0,0],"uptime":1611208},"process":{"argv":["node","D:\\CPF Batch\\Fandoo-Notes\\FandooNotes\\src\\index.js"],"cwd":"D:\\CPF Batch\\Fandoo-Notes\\FandooNotes","execPath":"C:\\Program Files\\nodejs\\node.exe","gid":null,"memoryUsage":{"arrayBuffers":18482587,"external":22342142,"heapTotal":81813504,"heapUsed":47660944,"rss":117846016},"pid":77816,"uid":null,"version":"v16.15.1"},"stack":"Error: write EPIPE\n    at afterWriteDispatched (node:internal/stream_base_commons:160:15)\n    at writeGeneric (node:internal/stream_base_commons:151:3)\n    at WriteStream.Socket._writeGeneric (node:net:817:11)\n    at WriteStream.Socket._write (node:net:829:8)\n    at writeOrBuffer (node:internal/streams/writable:389:12)\n    at _write (node:internal/streams/writable:330:10)\n    at WriteStream.Writable.write (node:internal/streams/writable:334:10)\n    at Console.log (D:\\CPF Batch\\Fandoo-Notes\\FandooNotes\\node_modules\\winston\\lib\\winston\\transports\\console.js:79:23)\n    at Console._write (D:\\CPF Batch\\Fandoo-Notes\\FandooNotes\\node_modules\\winston-transport\\index.js:82:19)\n    at doWrite (D:\\CPF Batch\\Fandoo-Notes\\FandooNotes\\node_modules\\winston-transport\\node_modules\\readable-stream\\lib\\_stream_writable.js:409:139)\n    at writeOrBuffer (D:\\CPF Batch\\Fandoo-Notes\\FandooNotes\\node_modules\\winston-transport\\node_modules\\readable-stream\\lib\\_stream_writable.js:398:5)\n    at Console.Writable.write (D:\\CPF Batch\\Fandoo-Notes\\FandooNotes\\node_modules\\winston-transport\\node_modules\\readable-stream\\lib\\_stream_writable.js:307:11)\n    at DerivedLogger.ondata (D:\\CPF Batch\\Fandoo-Notes\\FandooNotes\\node_modules\\winston\\node_modules\\readable-stream\\lib\\_stream_readable.js:681:20)\n    at DerivedLogger.emit (node:events:539:35)\n    at DerivedLogger.emit (node:domain:475:12)\n    at addChunk (D:\\CPF Batch\\Fandoo-Notes\\FandooNotes\\node_modules\\winston\\node_modules\\readable-stream\\lib\\_stream_readable.js:298:12)","trace":[{"column":15,"file":"node:internal/stream_base_commons","function":"afterWriteDispatched","line":160,"method":null,"native":false},{"column":3,"file":"node:internal/stream_base_commons","function":"writeGeneric","line":151,"method":null,"native":false},{"column":11,"file":"node:net","function":"WriteStream.Socket._writeGeneric","line":817,"method":"_writeGeneric","native":false},{"column":8,"file":"node:net","function":"WriteStream.Socket._write","line":829,"method":"_write","native":false},{"column":12,"file":"node:internal/streams/writable","function":"writeOrBuffer","line":389,"method":null,"native":false},{"column":10,"file":"node:internal/streams/writable","function":"_write","line":330,"method":null,"native":false},{"column":10,"file":"node:internal/streams/writable","function":"WriteStream.Writable.write","line":334,"method":"write","native":false},{"column":23,"file":"D:\\CPF Batch\\Fandoo-Notes\\FandooNotes\\node_modules\\winston\\lib\\winston\\transports\\console.js","function":"Console.log","line":79,"method":"log","native":false},{"column":19,"file":"D:\\CPF Batch\\Fandoo-Notes\\FandooNotes\\node_modules\\winston-transport\\index.js","function":"Console._write","line":82,"method":"_write","native":false},{"column":139,"file":"D:\\CPF Batch\\Fandoo-Notes\\FandooNotes\\node_modules\\winston-transport\\node_modules\\readable-stream\\lib\\_stream_writable.js","function":"doWrite","line":409,"method":null,"native":false},{"column":5,"file":"D:\\CPF Batch\\Fandoo-Notes\\FandooNotes\\node_modules\\winston-transport\\node_modules\\readable-stream\\lib\\_stream_writable.js","function":"writeOrBuffer","line":398,"method":null,"native":false},{"column":11,"file":"D:\\CPF Batch\\Fandoo-Notes\\FandooNotes\\node_modules\\winston-transport\\node_modules\\readable-stream\\lib\\_stream_writable.js","function":"Console.Writable.write","line":307,"method":"write","native":false},{"column":20,"file":"D:\\CPF Batch\\Fandoo-Notes\\FandooNotes\\node_modules\\winston\\node_modules\\readable-stream\\lib\\_stream_readable.js","function":"DerivedLogger.ondata","line":681,"method":"ondata","native":false},{"column":35,"file":"node:events","function":"DerivedLogger.emit","line":539,"method":"emit","native":false},{"column":12,"file":"node:domain","function":"DerivedLogger.emit","line":475,"method":"emit","native":false},{"column":12,"file":"D:\\CPF Batch\\Fandoo-Notes\\FandooNotes\\node_modules\\winston\\node_modules\\readable-stream\\lib\\_stream_readable.js","function":"addChunk","line":298,"method":null,"native":false}]}
error: uncaughtException: write EPIPE
Error: write EPIPE
    at afterWriteDispatched (node:internal/stream_base_commons:160:15)
    at writeGeneric (node:internal/stream_base_commons:151:3)
    at WriteStream.Socket._writeGeneric (node:net:817:11)
    at WriteStream.Socket._write (node:net:829:8)
    at writeOrBuffer (node:internal/streams/writable:389:12)
    at _write (node:internal/streams/writable:330:10)
    at WriteStream.Writable.write (node:internal/streams/writable:334:10)
    at Console.log (D:\CPF Batch\Fandoo-Notes\FandooNotes\node_modules\winston\lib\winston\transports\console.js:79:23)
    at Console._write (D:\CPF Batch\Fandoo-Notes\FandooNotes\node_modules\winston-transport\index.js:82:19)
    at doWrite (D:\CPF Batch\Fandoo-Notes\FandooNotes\node_modules\winston-transport\node_modules\readable-stream\lib\_stream_writable.js:409:139)
    at writeOrBuffer (D:\CPF Batch\Fandoo-Notes\FandooNotes\node_modules\winston-transport\node_modules\readable-stream\lib\_stream_writable.js:398:5)
    at Console.Writable.write (D:\CPF Batch\Fandoo-Notes\FandooNotes\node_modules\winston-transport\node_modules\readable-stream\lib\_stream_writable.js:307:11)
    at DerivedLogger.ondata (D:\CPF Batch\Fandoo-Notes\FandooNotes\node_modules\winston\node_modules\readable-stream\lib\_stream_readable.js:681:20)
    at DerivedLogger.emit (node:events:539:35)
    at DerivedLogger.emit (node:domain:475:12)
    at addChunk (D:\CPF Batch\Fandoo-Notes\FandooNotes\node_modules\winston\node_modules\readable-stream\lib\_stream_readable.js:298:12) {"date":"Mon Sep 05 2022 21:38:08 GMT+0530 (India Standard Time)","error":{"code":"EPIPE","errno":-4047,"syscall":"write"},"exception":true,"os":{"loadavg":[0,0,0],"uptime":1611208},"process":{"argv":["node","D:\\CPF Batch\\Fandoo-Notes\\FandooNotes\\src\\index.js"],"cwd":"D:\\CPF Batch\\Fandoo-Notes\\FandooNotes","execPath":"C:\\Program Files\\nodejs\\node.exe","gid":null,"memoryUsage":{"arrayBuffers":18495140,"external":22354695,"heapTotal":82075648,"heapUsed":48225952,"rss":117862400},"pid":77816,"uid":null,"version":"v16.15.1"},"stack":"Error: write EPIPE\n    at afterWriteDispatched (node:internal/stream_base_commons:160:15)\n    at writeGeneric (node:internal/stream_base_commons:151:3)\n    at WriteStream.Socket._writeGeneric (node:net:817:11)\n    at WriteStream.Socket._write (node:net:829:8)\n    at writeOrBuffer (node:internal/streams/writable:389:12)\n    at _write (node:internal/streams/writable:330:10)\n    at WriteStream.Writable.write (node:internal/streams/writable:334:10)\n    at Console.log (D:\\CPF Batch\\Fandoo-Notes\\FandooNotes\\node_modules\\winston\\lib\\winston\\transports\\console.js:79:23)\n    at Console._write (D:\\CPF Batch\\Fandoo-Notes\\FandooNotes\\node_modules\\winston-transport\\index.js:82:19)\n    at doWrite (D:\\CPF Batch\\Fandoo-Notes\\FandooNotes\\node_modules\\winston-transport\\node_modules\\readable-stream\\lib\\_stream_writable.js:409:139)\n    at writeOrBuffer (D:\\CPF Batch\\Fandoo-Notes\\FandooNotes\\node_modules\\winston-transport\\node_modules\\readable-stream\\lib\\_stream_writable.js:398:5)\n    at Console.Writable.write (D:\\CPF Batch\\Fandoo-Notes\\FandooNotes\\node_modules\\winston-transport\\node_modules\\readable-stream\\lib\\_stream_writable.js:307:11)\n    at DerivedLogger.ondata (D:\\CPF Batch\\Fandoo-Notes\\FandooNotes\\node_modules\\winston\\node_modules\\readable-stream\\lib\\_stream_readable.js:681:20)\n    at DerivedLogger.emit (node:events:539:35)\n    at DerivedLogger.emit (node:domain:475:12)\n    at addChunk (D:\\CPF Batch\\Fandoo-Notes\\FandooNotes\\node_modules\\winston\\node_modules\\readable-stream\\lib\\_stream_readable.js:298:12)","trace":[{"column":15,"file":"node:internal/stream_base_commons","function":"afterWriteDispatched","line":160,"method":null,"native":false},{"column":3,"file":"node:internal/stream_base_commons","function":"writeGeneric","line":151,"method":null,"native":false},{"column":11,"file":"node:net","function":"WriteStream.Socket._writeGeneric","line":817,"method":"_writeGeneric","native":false},{"column":8,"file":"node:net","function":"WriteStream.Socket._write","line":829,"method":"_write","native":false},{"column":12,"file":"node:internal/streams/writable","function":"writeOrBuffer","line":389,"method":null,"native":false},{"column":10,"file":"node:internal/streams/writable","function":"_write","line":330,"method":null,"native":false},{"column":10,"file":"node:internal/streams/writable","function":"WriteStream.Writable.write","line":334,"method":"write","native":false},{"column":23,"file":"D:\\CPF Batch\\Fandoo-Notes\\FandooNotes\\node_modules\\winston\\lib\\winston\\transports\\console.js","function":"Console.log","line":79,"method":"log","native":false},{"column":19,"file":"D:\\CPF Batch\\Fandoo-Notes\\FandooNotes\\node_modules\\winston-transport\\index.js","function":"Console._write","line":82,"method":"_write","native":false},{"column":139,"file":"D:\\CPF Batch\\Fandoo-Notes\\FandooNotes\\node_modules\\winston-transport\\node_modules\\readable-stream\\lib\\_stream_writable.js","function":"doWrite","line":409,"method":null,"native":false},{"column":5,"file":"D:\\CPF Batch\\Fandoo-Notes\\FandooNotes\\node_modules\\winston-transport\\node_modules\\readable-stream\\lib\\_stream_writable.js","function":"writeOrBuffer","line":398,"method":null,"native":false},{"column":11,"file":"D:\\CPF Batch\\Fandoo-Notes\\FandooNotes\\node_modules\\winston-transport\\node_modules\\readable-stream\\lib\\_stream_writable.js","function":"Console.Writable.write","line":307,"method":"write","native":false},{"column":20,"file":"D:\\CPF Batch\\Fandoo-Notes\\FandooNotes\\node_modules\\winston\\node_modules\\readable-stream\\lib\\_stream_readable.js","function":"DerivedLogger.ondata","line":681,"method":"ondata","native":false},{"column":35,"file":"node:events","function":"DerivedLogger.emit","line":539,"method":"emit","native":false},{"column":12,"file":"node:domain","function":"DerivedLogger.emit","line":475,"method":"emit","native":false},{"column":12,"file":"D:\\CPF Batch\\Fandoo-Notes\\FandooNotes\\node_modules\\winston\\node_modules\\readable-stream\\lib\\_stream_readable.js","function":"addChunk","line":298,"method":null,"native":false}]}
error: uncaughtException: This error originated either by throwing inside of an async function without a catch block, or by rejecting a promise which was not handled with .catch(). The promise rejected with the reason "#<Object>".
UnhandledPromiseRejection: This error originated either by throwing inside of an async function without a catch block, or by rejecting a promise which was not handled with .catch(). The promise rejected with the reason "#<Object>". {"date":"Mon Sep 05 2022 21:38:48 GMT+0530 (India Standard Time)","error":{"code":"ERR_UNHANDLED_REJECTION"},"exception":true,"os":{"loadavg":[0,0,0],"uptime":1611247},"process":{"argv":["node","D:\\CPF Batch\\Fandoo-Notes\\FandooNotes\\src\\index.js"],"cwd":"D:\\CPF Batch\\Fandoo-Notes\\FandooNotes","execPath":"C:\\Program Files\\nodejs\\node.exe","gid":null,"memoryUsage":{"arrayBuffers":18464120,"external":22678768,"heapTotal":82599936,"heapUsed":48009000,"rss":118415360},"pid":78412,"uid":null,"version":"v16.15.1"},"stack":"UnhandledPromiseRejection: This error originated either by throwing inside of an async function without a catch block, or by rejecting a promise which was not handled with .catch(). The promise rejected with the reason \"#<Object>\".","trace":[]}
info: ::1 - - [05/Sep/2022:16:11:22 +0000] "POST /api/v1/users/login HTTP/1.1" 202 272 "-" "PostmanRuntime/7.29.2"

info: ::1 - - [05/Sep/2022:16:12:31 +0000] "POST /api/v1/notes HTTP/1.1" 201 250 "-" "PostmanRuntime/7.29.2"

info: ::1 - - [05/Sep/2022:16:12:34 +0000] "POST /api/v1/notes HTTP/1.1" 201 250 "-" "PostmanRuntime/7.29.2"

info: ::1 - - [05/Sep/2022:16:14:02 +0000] "PUT /api/v1/notes/63161ff1af7e2a1fb1d42542 HTTP/1.1" 202 233 "-" "PostmanRuntime/7.29.2"

info: ::1 - - [05/Sep/2022:16:14:58 +0000] "POST /api/v1/notes HTTP/1.1" 201 226 "-" "PostmanRuntime/7.29.2"

info: ::1 - - [06/Sep/2022:02:36:38 +0000] "POST /api/v1/users/login HTTP/1.1" 202 272 "-" "PostmanRuntime/7.29.2"

info: ::1 - - [06/Sep/2022:02:37:07 +0000] "POST /api/v1/notes HTTP/1.1" 500 138 "-" "PostmanRuntime/7.29.2"

info: ::1 - - [06/Sep/2022:02:38:01 +0000] "POST /api/v1/notes HTTP/1.1" 500 92 "-" "PostmanRuntime/7.29.2"

info: ::1 - - [06/Sep/2022:02:38:11 +0000] "POST /api/v1/notes HTTP/1.1" 201 219 "-" "PostmanRuntime/7.29.2"

info: ::1 - - [06/Sep/2022:02:38:36 +0000] "GET /api/v1/notes HTTP/1.1" 202 2173 "-" "PostmanRuntime/7.29.2"

info: ::1 - - [06/Sep/2022:02:39:01 +0000] "POST /api/v1/notes HTTP/1.1" 201 219 "-" "PostmanRuntime/7.29.2"

info: ::1 - - [06/Sep/2022:02:39:44 +0000] "PUT /api/v1/notes HTTP/1.1" 404 47 "-" "PostmanRuntime/7.29.2"

info: ::1 - - [06/Sep/2022:02:40:05 +0000] "POST /api/v1/notes HTTP/1.1" 201 236 "-" "PostmanRuntime/7.29.2"

info: ::1 - - [06/Sep/2022:02:40:20 +0000] "PUT /api/v1/notes/6316b304a15ea23ba9c4bffd HTTP/1.1" 202 243 "-" "PostmanRuntime/7.29.2"

info: ::1 - - [06/Sep/2022:02:40:37 +0000] "PUT /api/v1/notes/6316b304a15ea23ba9c4bffd HTTP/1.1" 202 266 "-" "PostmanRuntime/7.29.2"

info: ::1 - - [06/Sep/2022:02:41:06 +0000] "DELETE /api/v1/notes/6316b304a15ea23ba9c4bffd HTTP/1.1" 200 60 "-" "PostmanRuntime/7.29.2"

error: uncaughtException: listen EADDRINUSE: address already in use :::3000
Error: listen EADDRINUSE: address already in use :::3000
    at Server.setupListenHandle [as _listen2] (node:net:1372:16)
    at listenInCluster (node:net:1420:12)
    at Server.listen (node:net:1508:7)
    at Function.listen (D:\CPF Batch\Fandoo-Notes\FandooNotes\node_modules\express\lib\application.js:635:24)
    at Object.<anonymous> (D:\CPF Batch\Fandoo-Notes\FandooNotes\src\/index.js:37:5)
    at Module._compile (node:internal/modules/cjs/loader:1105:14)
    at Module._compile (D:\CPF Batch\Fandoo-Notes\FandooNotes\node_modules\pirates\lib\index.js:136:24)
    at Module._extensions..js (node:internal/modules/cjs/loader:1159:10)
    at Object.newLoader [as .js] (D:\CPF Batch\Fandoo-Notes\FandooNotes\node_modules\pirates\lib\index.js:141:7)
    at Module.load (node:internal/modules/cjs/loader:981:32)
    at Function.Module._load (node:internal/modules/cjs/loader:822:12)
    at Function.executeUserEntryPoint [as runMain] (node:internal/modules/run_main:77:12)
    at Object.<anonymous> (D:\CPF Batch\Fandoo-Notes\FandooNotes\node_modules\@babel\node\lib\_babel-node.js:176:21)
    at Module._compile (node:internal/modules/cjs/loader:1105:14)
    at Object.Module._extensions..js (node:internal/modules/cjs/loader:1159:10)
    at Module.load (node:internal/modules/cjs/loader:981:32) {"date":"Tue Sep 06 2022 16:04:44 GMT+0530 (India Standard Time)","error":{"address":"::","code":"EADDRINUSE","errno":-4091,"port":3000,"syscall":"listen"},"exception":true,"os":{"loadavg":[0,0,0],"uptime":1677603},"process":{"argv":["node","D:\\CPF Batch\\Fandoo-Notes\\FandooNotes\\src\\index.js"],"cwd":"D:\\CPF Batch\\Fandoo-Notes\\FandooNotes","execPath":"C:\\Program Files\\nodejs\\node.exe","gid":null,"memoryUsage":{"arrayBuffers":18325555,"external":22566209,"heapTotal":82075648,"heapUsed":44990048,"rss":116699136},"pid":78680,"uid":null,"version":"v16.15.1"},"stack":"Error: listen EADDRINUSE: address already in use :::3000\n    at Server.setupListenHandle [as _listen2] (node:net:1372:16)\n    at listenInCluster (node:net:1420:12)\n    at Server.listen (node:net:1508:7)\n    at Function.listen (D:\\CPF Batch\\Fandoo-Notes\\FandooNotes\\node_modules\\express\\lib\\application.js:635:24)\n    at Object.<anonymous> (D:\\CPF Batch\\Fandoo-Notes\\FandooNotes\\src\\/index.js:37:5)\n    at Module._compile (node:internal/modules/cjs/loader:1105:14)\n    at Module._compile (D:\\CPF Batch\\Fandoo-Notes\\FandooNotes\\node_modules\\pirates\\lib\\index.js:136:24)\n    at Module._extensions..js (node:internal/modules/cjs/loader:1159:10)\n    at Object.newLoader [as .js] (D:\\CPF Batch\\Fandoo-Notes\\FandooNotes\\node_modules\\pirates\\lib\\index.js:141:7)\n    at Module.load (node:internal/modules/cjs/loader:981:32)\n    at Function.Module._load (node:internal/modules/cjs/loader:822:12)\n    at Function.executeUserEntryPoint [as runMain] (node:internal/modules/run_main:77:12)\n    at Object.<anonymous> (D:\\CPF Batch\\Fandoo-Notes\\FandooNotes\\node_modules\\@babel\\node\\lib\\_babel-node.js:176:21)\n    at Module._compile (node:internal/modules/cjs/loader:1105:14)\n    at Object.Module._extensions..js (node:internal/modules/cjs/loader:1159:10)\n    at Module.load (node:internal/modules/cjs/loader:981:32)","trace":[{"column":16,"file":"node:net","function":"Server.setupListenHandle [as _listen2]","line":1372,"method":"setupListenHandle [as _listen2]","native":false},{"column":12,"file":"node:net","function":"listenInCluster","line":1420,"method":null,"native":false},{"column":7,"file":"node:net","function":"Server.listen","line":1508,"method":"listen","native":false},{"column":24,"file":"D:\\CPF Batch\\Fandoo-Notes\\FandooNotes\\node_modules\\express\\lib\\application.js","function":"Function.listen","line":635,"method":"listen","native":false},{"column":5,"file":"D:\\CPF Batch\\Fandoo-Notes\\FandooNotes\\src\\/index.js","function":null,"line":37,"method":null,"native":false},{"column":14,"file":"node:internal/modules/cjs/loader","function":"Module._compile","line":1105,"method":"_compile","native":false},{"column":24,"file":"D:\\CPF Batch\\Fandoo-Notes\\FandooNotes\\node_modules\\pirates\\lib\\index.js","function":"Module._compile","line":136,"method":"_compile","native":false},{"column":10,"file":"node:internal/modules/cjs/loader","function":"Module._extensions..js","line":1159,"method":".js","native":false},{"column":7,"file":"D:\\CPF Batch\\Fandoo-Notes\\FandooNotes\\node_modules\\pirates\\lib\\index.js","function":"Object.newLoader [as .js]","line":141,"method":"js]","native":false},{"column":32,"file":"node:internal/modules/cjs/loader","function":"Module.load","line":981,"method":"load","native":false},{"column":12,"file":"node:internal/modules/cjs/loader","function":"Module._load","line":822,"method":"_load","native":false},{"column":12,"file":"node:internal/modules/run_main","function":"Function.executeUserEntryPoint [as runMain]","line":77,"method":"executeUserEntryPoint [as runMain]","native":false},{"column":21,"file":"D:\\CPF Batch\\Fandoo-Notes\\FandooNotes\\node_modules\\@babel\\node\\lib\\_babel-node.js","function":null,"line":176,"method":null,"native":false},{"column":14,"file":"node:internal/modules/cjs/loader","function":"Module._compile","line":1105,"method":"_compile","native":false},{"column":10,"file":"node:internal/modules/cjs/loader","function":"Module._extensions..js","line":1159,"method":".js","native":false},{"column":32,"file":"node:internal/modules/cjs/loader","function":"Module.load","line":981,"method":"load","native":false}]}
error: uncaughtException: listen EADDRINUSE: address already in use :::3000
Error: listen EADDRINUSE: address already in use :::3000
    at Server.setupListenHandle [as _listen2] (node:net:1372:16)
    at listenInCluster (node:net:1420:12)
    at Server.listen (node:net:1508:7)
    at Function.listen (D:\CPF Batch\Fandoo-Notes\FandooNotes\node_modules\express\lib\application.js:635:24)
    at Object.<anonymous> (D:\CPF Batch\Fandoo-Notes\FandooNotes\src\/index.js:37:5)
    at Module._compile (node:internal/modules/cjs/loader:1105:14)
    at Module._compile (D:\CPF Batch\Fandoo-Notes\FandooNotes\node_modules\pirates\lib\index.js:136:24)
    at Module._extensions..js (node:internal/modules/cjs/loader:1159:10)
    at Object.newLoader [as .js] (D:\CPF Batch\Fandoo-Notes\FandooNotes\node_modules\pirates\lib\index.js:141:7)
    at Module.load (node:internal/modules/cjs/loader:981:32)
    at Function.Module._load (node:internal/modules/cjs/loader:822:12)
    at Function.executeUserEntryPoint [as runMain] (node:internal/modules/run_main:77:12)
    at Object.<anonymous> (D:\CPF Batch\Fandoo-Notes\FandooNotes\node_modules\@babel\node\lib\_babel-node.js:176:21)
    at Module._compile (node:internal/modules/cjs/loader:1105:14)
    at Object.Module._extensions..js (node:internal/modules/cjs/loader:1159:10)
    at Module.load (node:internal/modules/cjs/loader:981:32) {"date":"Tue Sep 06 2022 16:05:18 GMT+0530 (India Standard Time)","error":{"address":"::","code":"EADDRINUSE","errno":-4091,"port":3000,"syscall":"listen"},"exception":true,"os":{"loadavg":[0,0,0],"uptime":1677637},"process":{"argv":["node","D:\\CPF Batch\\Fandoo-Notes\\FandooNotes\\src\\index.js"],"cwd":"D:\\CPF Batch\\Fandoo-Notes\\FandooNotes","execPath":"C:\\Program Files\\nodejs\\node.exe","gid":null,"memoryUsage":{"arrayBuffers":18346383,"external":22597581,"heapTotal":82075648,"heapUsed":44995920,"rss":116617216},"pid":59780,"uid":null,"version":"v16.15.1"},"stack":"Error: listen EADDRINUSE: address already in use :::3000\n    at Server.setupListenHandle [as _listen2] (node:net:1372:16)\n    at listenInCluster (node:net:1420:12)\n    at Server.listen (node:net:1508:7)\n    at Function.listen (D:\\CPF Batch\\Fandoo-Notes\\FandooNotes\\node_modules\\express\\lib\\application.js:635:24)\n    at Object.<anonymous> (D:\\CPF Batch\\Fandoo-Notes\\FandooNotes\\src\\/index.js:37:5)\n    at Module._compile (node:internal/modules/cjs/loader:1105:14)\n    at Module._compile (D:\\CPF Batch\\Fandoo-Notes\\FandooNotes\\node_modules\\pirates\\lib\\index.js:136:24)\n    at Module._extensions..js (node:internal/modules/cjs/loader:1159:10)\n    at Object.newLoader [as .js] (D:\\CPF Batch\\Fandoo-Notes\\FandooNotes\\node_modules\\pirates\\lib\\index.js:141:7)\n    at Module.load (node:internal/modules/cjs/loader:981:32)\n    at Function.Module._load (node:internal/modules/cjs/loader:822:12)\n    at Function.executeUserEntryPoint [as runMain] (node:internal/modules/run_main:77:12)\n    at Object.<anonymous> (D:\\CPF Batch\\Fandoo-Notes\\FandooNotes\\node_modules\\@babel\\node\\lib\\_babel-node.js:176:21)\n    at Module._compile (node:internal/modules/cjs/loader:1105:14)\n    at Object.Module._extensions..js (node:internal/modules/cjs/loader:1159:10)\n    at Module.load (node:internal/modules/cjs/loader:981:32)","trace":[{"column":16,"file":"node:net","function":"Server.setupListenHandle [as _listen2]","line":1372,"method":"setupListenHandle [as _listen2]","native":false},{"column":12,"file":"node:net","function":"listenInCluster","line":1420,"method":null,"native":false},{"column":7,"file":"node:net","function":"Server.listen","line":1508,"method":"listen","native":false},{"column":24,"file":"D:\\CPF Batch\\Fandoo-Notes\\FandooNotes\\node_modules\\express\\lib\\application.js","function":"Function.listen","line":635,"method":"listen","native":false},{"column":5,"file":"D:\\CPF Batch\\Fandoo-Notes\\FandooNotes\\src\\/index.js","function":null,"line":37,"method":null,"native":false},{"column":14,"file":"node:internal/modules/cjs/loader","function":"Module._compile","line":1105,"method":"_compile","native":false},{"column":24,"file":"D:\\CPF Batch\\Fandoo-Notes\\FandooNotes\\node_modules\\pirates\\lib\\index.js","function":"Module._compile","line":136,"method":"_compile","native":false},{"column":10,"file":"node:internal/modules/cjs/loader","function":"Module._extensions..js","line":1159,"method":".js","native":false},{"column":7,"file":"D:\\CPF Batch\\Fandoo-Notes\\FandooNotes\\node_modules\\pirates\\lib\\index.js","function":"Object.newLoader [as .js]","line":141,"method":"js]","native":false},{"column":32,"file":"node:internal/modules/cjs/loader","function":"Module.load","line":981,"method":"load","native":false},{"column":12,"file":"node:internal/modules/cjs/loader","function":"Module._load","line":822,"method":"_load","native":false},{"column":12,"file":"node:internal/modules/run_main","function":"Function.executeUserEntryPoint [as runMain]","line":77,"method":"executeUserEntryPoint [as runMain]","native":false},{"column":21,"file":"D:\\CPF Batch\\Fandoo-Notes\\FandooNotes\\node_modules\\@babel\\node\\lib\\_babel-node.js","function":null,"line":176,"method":null,"native":false},{"column":14,"file":"node:internal/modules/cjs/loader","function":"Module._compile","line":1105,"method":"_compile","native":false},{"column":10,"file":"node:internal/modules/cjs/loader","function":"Module._extensions..js","line":1159,"method":".js","native":false},{"column":32,"file":"node:internal/modules/cjs/loader","function":"Module.load","line":981,"method":"load","native":false}]}
error: uncaughtException: write EPIPE
Error: write EPIPE
    at afterWriteDispatched (node:internal/stream_base_commons:160:15)
    at writeGeneric (node:internal/stream_base_commons:151:3)
    at WriteStream.Socket._writeGeneric (node:net:817:11)
    at WriteStream.Socket._write (node:net:829:8)
    at writeOrBuffer (node:internal/streams/writable:389:12)
    at _write (node:internal/streams/writable:330:10)
    at WriteStream.Writable.write (node:internal/streams/writable:334:10)
    at Console.log (D:\CPF Batch\Fandoo-Notes\FandooNotes\node_modules\winston\lib\winston\transports\console.js:79:23)
    at Console._write (D:\CPF Batch\Fandoo-Notes\FandooNotes\node_modules\winston-transport\index.js:82:19)
    at doWrite (D:\CPF Batch\Fandoo-Notes\FandooNotes\node_modules\winston-transport\node_modules\readable-stream\lib\_stream_writable.js:409:139)
    at writeOrBuffer (D:\CPF Batch\Fandoo-Notes\FandooNotes\node_modules\winston-transport\node_modules\readable-stream\lib\_stream_writable.js:398:5)
    at Console.Writable.write (D:\CPF Batch\Fandoo-Notes\FandooNotes\node_modules\winston-transport\node_modules\readable-stream\lib\_stream_writable.js:307:11)
    at DerivedLogger.ondata (D:\CPF Batch\Fandoo-Notes\FandooNotes\node_modules\winston\node_modules\readable-stream\lib\_stream_readable.js:681:20)
    at DerivedLogger.emit (node:events:539:35)
    at DerivedLogger.emit (node:domain:475:12)
    at addChunk (D:\CPF Batch\Fandoo-Notes\FandooNotes\node_modules\winston\node_modules\readable-stream\lib\_stream_readable.js:298:12) {"date":"Tue Sep 06 2022 16:05:26 GMT+0530 (India Standard Time)","error":{"code":"EPIPE","errno":-4047,"syscall":"write"},"exception":true,"os":{"loadavg":[0,0,0],"uptime":1677646},"process":{"argv":["node","D:\\CPF Batch\\Fandoo-Notes\\FandooNotes\\src\\index.js"],"cwd":"D:\\CPF Batch\\Fandoo-Notes\\FandooNotes","execPath":"C:\\Program Files\\nodejs\\node.exe","gid":null,"memoryUsage":{"arrayBuffers":18429901,"external":22657242,"heapTotal":81813504,"heapUsed":46722736,"rss":118312960},"pid":71968,"uid":null,"version":"v16.15.1"},"stack":"Error: write EPIPE\n    at afterWriteDispatched (node:internal/stream_base_commons:160:15)\n    at writeGeneric (node:internal/stream_base_commons:151:3)\n    at WriteStream.Socket._writeGeneric (node:net:817:11)\n    at WriteStream.Socket._write (node:net:829:8)\n    at writeOrBuffer (node:internal/streams/writable:389:12)\n    at _write (node:internal/streams/writable:330:10)\n    at WriteStream.Writable.write (node:internal/streams/writable:334:10)\n    at Console.log (D:\\CPF Batch\\Fandoo-Notes\\FandooNotes\\node_modules\\winston\\lib\\winston\\transports\\console.js:79:23)\n    at Console._write (D:\\CPF Batch\\Fandoo-Notes\\FandooNotes\\node_modules\\winston-transport\\index.js:82:19)\n    at doWrite (D:\\CPF Batch\\Fandoo-Notes\\FandooNotes\\node_modules\\winston-transport\\node_modules\\readable-stream\\lib\\_stream_writable.js:409:139)\n    at writeOrBuffer (D:\\CPF Batch\\Fandoo-Notes\\FandooNotes\\node_modules\\winston-transport\\node_modules\\readable-stream\\lib\\_stream_writable.js:398:5)\n    at Console.Writable.write (D:\\CPF Batch\\Fandoo-Notes\\FandooNotes\\node_modules\\winston-transport\\node_modules\\readable-stream\\lib\\_stream_writable.js:307:11)\n    at DerivedLogger.ondata (D:\\CPF Batch\\Fandoo-Notes\\FandooNotes\\node_modules\\winston\\node_modules\\readable-stream\\lib\\_stream_readable.js:681:20)\n    at DerivedLogger.emit (node:events:539:35)\n    at DerivedLogger.emit (node:domain:475:12)\n    at addChunk (D:\\CPF Batch\\Fandoo-Notes\\FandooNotes\\node_modules\\winston\\node_modules\\readable-stream\\lib\\_stream_readable.js:298:12)","trace":[{"column":15,"file":"node:internal/stream_base_commons","function":"afterWriteDispatched","line":160,"method":null,"native":false},{"column":3,"file":"node:internal/stream_base_commons","function":"writeGeneric","line":151,"method":null,"native":false},{"column":11,"file":"node:net","function":"WriteStream.Socket._writeGeneric","line":817,"method":"_writeGeneric","native":false},{"column":8,"file":"node:net","function":"WriteStream.Socket._write","line":829,"method":"_write","native":false},{"column":12,"file":"node:internal/streams/writable","function":"writeOrBuffer","line":389,"method":null,"native":false},{"column":10,"file":"node:internal/streams/writable","function":"_write","line":330,"method":null,"native":false},{"column":10,"file":"node:internal/streams/writable","function":"WriteStream.Writable.write","line":334,"method":"write","native":false},{"column":23,"file":"D:\\CPF Batch\\Fandoo-Notes\\FandooNotes\\node_modules\\winston\\lib\\winston\\transports\\console.js","function":"Console.log","line":79,"method":"log","native":false},{"column":19,"file":"D:\\CPF Batch\\Fandoo-Notes\\FandooNotes\\node_modules\\winston-transport\\index.js","function":"Console._write","line":82,"method":"_write","native":false},{"column":139,"file":"D:\\CPF Batch\\Fandoo-Notes\\FandooNotes\\node_modules\\winston-transport\\node_modules\\readable-stream\\lib\\_stream_writable.js","function":"doWrite","line":409,"method":null,"native":false},{"column":5,"file":"D:\\CPF Batch\\Fandoo-Notes\\FandooNotes\\node_modules\\winston-transport\\node_modules\\readable-stream\\lib\\_stream_writable.js","function":"writeOrBuffer","line":398,"method":null,"native":false},{"column":11,"file":"D:\\CPF Batch\\Fandoo-Notes\\FandooNotes\\node_modules\\winston-transport\\node_modules\\readable-stream\\lib\\_stream_writable.js","function":"Console.Writable.write","line":307,"method":"write","native":false},{"column":20,"file":"D:\\CPF Batch\\Fandoo-Notes\\FandooNotes\\node_modules\\winston\\node_modules\\readable-stream\\lib\\_stream_readable.js","function":"DerivedLogger.ondata","line":681,"method":"ondata","native":false},{"column":35,"file":"node:events","function":"DerivedLogger.emit","line":539,"method":"emit","native":false},{"column":12,"file":"node:domain","function":"DerivedLogger.emit","line":475,"method":"emit","native":false},{"column":12,"file":"D:\\CPF Batch\\Fandoo-Notes\\FandooNotes\\node_modules\\winston\\node_modules\\readable-stream\\lib\\_stream_readable.js","function":"addChunk","line":298,"method":null,"native":false}]}
error: uncaughtException: write EPIPE
Error: write EPIPE
    at afterWriteDispatched (node:internal/stream_base_commons:160:15)
    at writeGeneric (node:internal/stream_base_commons:151:3)
    at WriteStream.Socket._writeGeneric (node:net:817:11)
    at WriteStream.Socket._write (node:net:829:8)
    at writeOrBuffer (node:internal/streams/writable:389:12)
    at _write (node:internal/streams/writable:330:10)
    at WriteStream.Writable.write (node:internal/streams/writable:334:10)
    at Console.log (D:\CPF Batch\Fandoo-Notes\FandooNotes\node_modules\winston\lib\winston\transports\console.js:79:23)
    at Console._write (D:\CPF Batch\Fandoo-Notes\FandooNotes\node_modules\winston-transport\index.js:82:19)
    at doWrite (D:\CPF Batch\Fandoo-Notes\FandooNotes\node_modules\winston-transport\node_modules\readable-stream\lib\_stream_writable.js:409:139)
    at writeOrBuffer (D:\CPF Batch\Fandoo-Notes\FandooNotes\node_modules\winston-transport\node_modules\readable-stream\lib\_stream_writable.js:398:5)
    at Console.Writable.write (D:\CPF Batch\Fandoo-Notes\FandooNotes\node_modules\winston-transport\node_modules\readable-stream\lib\_stream_writable.js:307:11)
    at DerivedLogger.ondata (D:\CPF Batch\Fandoo-Notes\FandooNotes\node_modules\winston\node_modules\readable-stream\lib\_stream_readable.js:681:20)
    at DerivedLogger.emit (node:events:539:35)
    at DerivedLogger.emit (node:domain:475:12)
    at addChunk (D:\CPF Batch\Fandoo-Notes\FandooNotes\node_modules\winston\node_modules\readable-stream\lib\_stream_readable.js:298:12) {"date":"Tue Sep 06 2022 16:05:26 GMT+0530 (India Standard Time)","error":{"code":"EPIPE","errno":-4047,"syscall":"write"},"exception":true,"os":{"loadavg":[0,0,0],"uptime":1677646},"process":{"argv":["node","D:\\CPF Batch\\Fandoo-Notes\\FandooNotes\\src\\index.js"],"cwd":"D:\\CPF Batch\\Fandoo-Notes\\FandooNotes","execPath":"C:\\Program Files\\nodejs\\node.exe","gid":null,"memoryUsage":{"arrayBuffers":18448750,"external":22676091,"heapTotal":82075648,"heapUsed":47313240,"rss":118345728},"pid":71968,"uid":null,"version":"v16.15.1"},"stack":"Error: write EPIPE\n    at afterWriteDispatched (node:internal/stream_base_commons:160:15)\n    at writeGeneric (node:internal/stream_base_commons:151:3)\n    at WriteStream.Socket._writeGeneric (node:net:817:11)\n    at WriteStream.Socket._write (node:net:829:8)\n    at writeOrBuffer (node:internal/streams/writable:389:12)\n    at _write (node:internal/streams/writable:330:10)\n    at WriteStream.Writable.write (node:internal/streams/writable:334:10)\n    at Console.log (D:\\CPF Batch\\Fandoo-Notes\\FandooNotes\\node_modules\\winston\\lib\\winston\\transports\\console.js:79:23)\n    at Console._write (D:\\CPF Batch\\Fandoo-Notes\\FandooNotes\\node_modules\\winston-transport\\index.js:82:19)\n    at doWrite (D:\\CPF Batch\\Fandoo-Notes\\FandooNotes\\node_modules\\winston-transport\\node_modules\\readable-stream\\lib\\_stream_writable.js:409:139)\n    at writeOrBuffer (D:\\CPF Batch\\Fandoo-Notes\\FandooNotes\\node_modules\\winston-transport\\node_modules\\readable-stream\\lib\\_stream_writable.js:398:5)\n    at Console.Writable.write (D:\\CPF Batch\\Fandoo-Notes\\FandooNotes\\node_modules\\winston-transport\\node_modules\\readable-stream\\lib\\_stream_writable.js:307:11)\n    at DerivedLogger.ondata (D:\\CPF Batch\\Fandoo-Notes\\FandooNotes\\node_modules\\winston\\node_modules\\readable-stream\\lib\\_stream_readable.js:681:20)\n    at DerivedLogger.emit (node:events:539:35)\n    at DerivedLogger.emit (node:domain:475:12)\n    at addChunk (D:\\CPF Batch\\Fandoo-Notes\\FandooNotes\\node_modules\\winston\\node_modules\\readable-stream\\lib\\_stream_readable.js:298:12)","trace":[{"column":15,"file":"node:internal/stream_base_commons","function":"afterWriteDispatched","line":160,"method":null,"native":false},{"column":3,"file":"node:internal/stream_base_commons","function":"writeGeneric","line":151,"method":null,"native":false},{"column":11,"file":"node:net","function":"WriteStream.Socket._writeGeneric","line":817,"method":"_writeGeneric","native":false},{"column":8,"file":"node:net","function":"WriteStream.Socket._write","line":829,"method":"_write","native":false},{"column":12,"file":"node:internal/streams/writable","function":"writeOrBuffer","line":389,"method":null,"native":false},{"column":10,"file":"node:internal/streams/writable","function":"_write","line":330,"method":null,"native":false},{"column":10,"file":"node:internal/streams/writable","function":"WriteStream.Writable.write","line":334,"method":"write","native":false},{"column":23,"file":"D:\\CPF Batch\\Fandoo-Notes\\FandooNotes\\node_modules\\winston\\lib\\winston\\transports\\console.js","function":"Console.log","line":79,"method":"log","native":false},{"column":19,"file":"D:\\CPF Batch\\Fandoo-Notes\\FandooNotes\\node_modules\\winston-transport\\index.js","function":"Console._write","line":82,"method":"_write","native":false},{"column":139,"file":"D:\\CPF Batch\\Fandoo-Notes\\FandooNotes\\node_modules\\winston-transport\\node_modules\\readable-stream\\lib\\_stream_writable.js","function":"doWrite","line":409,"method":null,"native":false},{"column":5,"file":"D:\\CPF Batch\\Fandoo-Notes\\FandooNotes\\node_modules\\winston-transport\\node_modules\\readable-stream\\lib\\_stream_writable.js","function":"writeOrBuffer","line":398,"method":null,"native":false},{"column":11,"file":"D:\\CPF Batch\\Fandoo-Notes\\FandooNotes\\node_modules\\winston-transport\\node_modules\\readable-stream\\lib\\_stream_writable.js","function":"Console.Writable.write","line":307,"method":"write","native":false},{"column":20,"file":"D:\\CPF Batch\\Fandoo-Notes\\FandooNotes\\node_modules\\winston\\node_modules\\readable-stream\\lib\\_stream_readable.js","function":"DerivedLogger.ondata","line":681,"method":"ondata","native":false},{"column":35,"file":"node:events","function":"DerivedLogger.emit","line":539,"method":"emit","native":false},{"column":12,"file":"node:domain","function":"DerivedLogger.emit","line":475,"method":"emit","native":false},{"column":12,"file":"D:\\CPF Batch\\Fandoo-Notes\\FandooNotes\\node_modules\\winston\\node_modules\\readable-stream\\lib\\_stream_readable.js","function":"addChunk","line":298,"method":null,"native":false}]}
error: uncaughtException: write EPIPE
Error: write EPIPE
    at afterWriteDispatched (node:internal/stream_base_commons:160:15)
    at writeGeneric (node:internal/stream_base_commons:151:3)
    at WriteStream.Socket._writeGeneric (node:net:817:11)
    at WriteStream.Socket._write (node:net:829:8)
    at writeOrBuffer (node:internal/streams/writable:389:12)
    at _write (node:internal/streams/writable:330:10)
    at WriteStream.Writable.write (node:internal/streams/writable:334:10)
    at Console.log (D:\CPF Batch\Fandoo-Notes\FandooNotes\node_modules\winston\lib\winston\transports\console.js:79:23)
    at Console._write (D:\CPF Batch\Fandoo-Notes\FandooNotes\node_modules\winston-transport\index.js:82:19)
    at doWrite (D:\CPF Batch\Fandoo-Notes\FandooNotes\node_modules\winston-transport\node_modules\readable-stream\lib\_stream_writable.js:409:139)
    at writeOrBuffer (D:\CPF Batch\Fandoo-Notes\FandooNotes\node_modules\winston-transport\node_modules\readable-stream\lib\_stream_writable.js:398:5)
    at Console.Writable.write (D:\CPF Batch\Fandoo-Notes\FandooNotes\node_modules\winston-transport\node_modules\readable-stream\lib\_stream_writable.js:307:11)
    at DerivedLogger.ondata (D:\CPF Batch\Fandoo-Notes\FandooNotes\node_modules\winston\node_modules\readable-stream\lib\_stream_readable.js:681:20)
    at DerivedLogger.emit (node:events:539:35)
    at DerivedLogger.emit (node:domain:475:12)
    at addChunk (D:\CPF Batch\Fandoo-Notes\FandooNotes\node_modules\winston\node_modules\readable-stream\lib\_stream_readable.js:298:12) {"date":"Tue Sep 06 2022 16:05:26 GMT+0530 (India Standard Time)","error":{"code":"EPIPE","errno":-4047,"syscall":"write"},"exception":true,"os":{"loadavg":[0,0,0],"uptime":1677646},"process":{"argv":["node","D:\\CPF Batch\\Fandoo-Notes\\FandooNotes\\src\\index.js"],"cwd":"D:\\CPF Batch\\Fandoo-Notes\\FandooNotes","execPath":"C:\\Program Files\\nodejs\\node.exe","gid":null,"memoryUsage":{"arrayBuffers":18467599,"external":22694940,"heapTotal":82075648,"heapUsed":47655424,"rss":118345728},"pid":71968,"uid":null,"version":"v16.15.1"},"stack":"Error: write EPIPE\n    at afterWriteDispatched (node:internal/stream_base_commons:160:15)\n    at writeGeneric (node:internal/stream_base_commons:151:3)\n    at WriteStream.Socket._writeGeneric (node:net:817:11)\n    at WriteStream.Socket._write (node:net:829:8)\n    at writeOrBuffer (node:internal/streams/writable:389:12)\n    at _write (node:internal/streams/writable:330:10)\n    at WriteStream.Writable.write (node:internal/streams/writable:334:10)\n    at Console.log (D:\\CPF Batch\\Fandoo-Notes\\FandooNotes\\node_modules\\winston\\lib\\winston\\transports\\console.js:79:23)\n    at Console._write (D:\\CPF Batch\\Fandoo-Notes\\FandooNotes\\node_modules\\winston-transport\\index.js:82:19)\n    at doWrite (D:\\CPF Batch\\Fandoo-Notes\\FandooNotes\\node_modules\\winston-transport\\node_modules\\readable-stream\\lib\\_stream_writable.js:409:139)\n    at writeOrBuffer (D:\\CPF Batch\\Fandoo-Notes\\FandooNotes\\node_modules\\winston-transport\\node_modules\\readable-stream\\lib\\_stream_writable.js:398:5)\n    at Console.Writable.write (D:\\CPF Batch\\Fandoo-Notes\\FandooNotes\\node_modules\\winston-transport\\node_modules\\readable-stream\\lib\\_stream_writable.js:307:11)\n    at DerivedLogger.ondata (D:\\CPF Batch\\Fandoo-Notes\\FandooNotes\\node_modules\\winston\\node_modules\\readable-stream\\lib\\_stream_readable.js:681:20)\n    at DerivedLogger.emit (node:events:539:35)\n    at DerivedLogger.emit (node:domain:475:12)\n    at addChunk (D:\\CPF Batch\\Fandoo-Notes\\FandooNotes\\node_modules\\winston\\node_modules\\readable-stream\\lib\\_stream_readable.js:298:12)","trace":[{"column":15,"file":"node:internal/stream_base_commons","function":"afterWriteDispatched","line":160,"method":null,"native":false},{"column":3,"file":"node:internal/stream_base_commons","function":"writeGeneric","line":151,"method":null,"native":false},{"column":11,"file":"node:net","function":"WriteStream.Socket._writeGeneric","line":817,"method":"_writeGeneric","native":false},{"column":8,"file":"node:net","function":"WriteStream.Socket._write","line":829,"method":"_write","native":false},{"column":12,"file":"node:internal/streams/writable","function":"writeOrBuffer","line":389,"method":null,"native":false},{"column":10,"file":"node:internal/streams/writable","function":"_write","line":330,"method":null,"native":false},{"column":10,"file":"node:internal/streams/writable","function":"WriteStream.Writable.write","line":334,"method":"write","native":false},{"column":23,"file":"D:\\CPF Batch\\Fandoo-Notes\\FandooNotes\\node_modules\\winston\\lib\\winston\\transports\\console.js","function":"Console.log","line":79,"method":"log","native":false},{"column":19,"file":"D:\\CPF Batch\\Fandoo-Notes\\FandooNotes\\node_modules\\winston-transport\\index.js","function":"Console._write","line":82,"method":"_write","native":false},{"column":139,"file":"D:\\CPF Batch\\Fandoo-Notes\\FandooNotes\\node_modules\\winston-transport\\node_modules\\readable-stream\\lib\\_stream_writable.js","function":"doWrite","line":409,"method":null,"native":false},{"column":5,"file":"D:\\CPF Batch\\Fandoo-Notes\\FandooNotes\\node_modules\\winston-transport\\node_modules\\readable-stream\\lib\\_stream_writable.js","function":"writeOrBuffer","line":398,"method":null,"native":false},{"column":11,"file":"D:\\CPF Batch\\Fandoo-Notes\\FandooNotes\\node_modules\\winston-transport\\node_modules\\readable-stream\\lib\\_stream_writable.js","function":"Console.Writable.write","line":307,"method":"write","native":false},{"column":20,"file":"D:\\CPF Batch\\Fandoo-Notes\\FandooNotes\\node_modules\\winston\\node_modules\\readable-stream\\lib\\_stream_readable.js","function":"DerivedLogger.ondata","line":681,"method":"ondata","native":false},{"column":35,"file":"node:events","function":"DerivedLogger.emit","line":539,"method":"emit","native":false},{"column":12,"file":"node:domain","function":"DerivedLogger.emit","line":475,"method":"emit","native":false},{"column":12,"file":"D:\\CPF Batch\\Fandoo-Notes\\FandooNotes\\node_modules\\winston\\node_modules\\readable-stream\\lib\\_stream_readable.js","function":"addChunk","line":298,"method":null,"native":false}]}
error: uncaughtException: write EPIPE
Error: write EPIPE
    at afterWriteDispatched (node:internal/stream_base_commons:160:15)
    at writeGeneric (node:internal/stream_base_commons:151:3)
    at WriteStream.Socket._writeGeneric (node:net:817:11)
    at WriteStream.Socket._write (node:net:829:8)
    at writeOrBuffer (node:internal/streams/writable:389:12)
    at _write (node:internal/streams/writable:330:10)
    at WriteStream.Writable.write (node:internal/streams/writable:334:10)
    at Console.log (D:\CPF Batch\Fandoo-Notes\FandooNotes\node_modules\winston\lib\winston\transports\console.js:79:23)
    at Console._write (D:\CPF Batch\Fandoo-Notes\FandooNotes\node_modules\winston-transport\index.js:82:19)
    at doWrite (D:\CPF Batch\Fandoo-Notes\FandooNotes\node_modules\winston-transport\node_modules\readable-stream\lib\_stream_writable.js:409:139)
    at writeOrBuffer (D:\CPF Batch\Fandoo-Notes\FandooNotes\node_modules\winston-transport\node_modules\readable-stream\lib\_stream_writable.js:398:5)
    at Console.Writable.write (D:\CPF Batch\Fandoo-Notes\FandooNotes\node_modules\winston-transport\node_modules\readable-stream\lib\_stream_writable.js:307:11)
    at DerivedLogger.ondata (D:\CPF Batch\Fandoo-Notes\FandooNotes\node_modules\winston\node_modules\readable-stream\lib\_stream_readable.js:681:20)
    at DerivedLogger.emit (node:events:539:35)
    at DerivedLogger.emit (node:domain:475:12)
    at addChunk (D:\CPF Batch\Fandoo-Notes\FandooNotes\node_modules\winston\node_modules\readable-stream\lib\_stream_readable.js:298:12) {"date":"Tue Sep 06 2022 16:05:26 GMT+0530 (India Standard Time)","error":{"code":"EPIPE","errno":-4047,"syscall":"write"},"exception":true,"os":{"loadavg":[0,0,0],"uptime":1677646},"process":{"argv":["node","D:\\CPF Batch\\Fandoo-Notes\\FandooNotes\\src\\index.js"],"cwd":"D:\\CPF Batch\\Fandoo-Notes\\FandooNotes","execPath":"C:\\Program Files\\nodejs\\node.exe","gid":null,"memoryUsage":{"arrayBuffers":18480152,"external":22707493,"heapTotal":82337792,"heapUsed":48222208,"rss":118362112},"pid":71968,"uid":null,"version":"v16.15.1"},"stack":"Error: write EPIPE\n    at afterWriteDispatched (node:internal/stream_base_commons:160:15)\n    at writeGeneric (node:internal/stream_base_commons:151:3)\n    at WriteStream.Socket._writeGeneric (node:net:817:11)\n    at WriteStream.Socket._write (node:net:829:8)\n    at writeOrBuffer (node:internal/streams/writable:389:12)\n    at _write (node:internal/streams/writable:330:10)\n    at WriteStream.Writable.write (node:internal/streams/writable:334:10)\n    at Console.log (D:\\CPF Batch\\Fandoo-Notes\\FandooNotes\\node_modules\\winston\\lib\\winston\\transports\\console.js:79:23)\n    at Console._write (D:\\CPF Batch\\Fandoo-Notes\\FandooNotes\\node_modules\\winston-transport\\index.js:82:19)\n    at doWrite (D:\\CPF Batch\\Fandoo-Notes\\FandooNotes\\node_modules\\winston-transport\\node_modules\\readable-stream\\lib\\_stream_writable.js:409:139)\n    at writeOrBuffer (D:\\CPF Batch\\Fandoo-Notes\\FandooNotes\\node_modules\\winston-transport\\node_modules\\readable-stream\\lib\\_stream_writable.js:398:5)\n    at Console.Writable.write (D:\\CPF Batch\\Fandoo-Notes\\FandooNotes\\node_modules\\winston-transport\\node_modules\\readable-stream\\lib\\_stream_writable.js:307:11)\n    at DerivedLogger.ondata (D:\\CPF Batch\\Fandoo-Notes\\FandooNotes\\node_modules\\winston\\node_modules\\readable-stream\\lib\\_stream_readable.js:681:20)\n    at DerivedLogger.emit (node:events:539:35)\n    at DerivedLogger.emit (node:domain:475:12)\n    at addChunk (D:\\CPF Batch\\Fandoo-Notes\\FandooNotes\\node_modules\\winston\\node_modules\\readable-stream\\lib\\_stream_readable.js:298:12)","trace":[{"column":15,"file":"node:internal/stream_base_commons","function":"afterWriteDispatched","line":160,"method":null,"native":false},{"column":3,"file":"node:internal/stream_base_commons","function":"writeGeneric","line":151,"method":null,"native":false},{"column":11,"file":"node:net","function":"WriteStream.Socket._writeGeneric","line":817,"method":"_writeGeneric","native":false},{"column":8,"file":"node:net","function":"WriteStream.Socket._write","line":829,"method":"_write","native":false},{"column":12,"file":"node:internal/streams/writable","function":"writeOrBuffer","line":389,"method":null,"native":false},{"column":10,"file":"node:internal/streams/writable","function":"_write","line":330,"method":null,"native":false},{"column":10,"file":"node:internal/streams/writable","function":"WriteStream.Writable.write","line":334,"method":"write","native":false},{"column":23,"file":"D:\\CPF Batch\\Fandoo-Notes\\FandooNotes\\node_modules\\winston\\lib\\winston\\transports\\console.js","function":"Console.log","line":79,"method":"log","native":false},{"column":19,"file":"D:\\CPF Batch\\Fandoo-Notes\\FandooNotes\\node_modules\\winston-transport\\index.js","function":"Console._write","line":82,"method":"_write","native":false},{"column":139,"file":"D:\\CPF Batch\\Fandoo-Notes\\FandooNotes\\node_modules\\winston-transport\\node_modules\\readable-stream\\lib\\_stream_writable.js","function":"doWrite","line":409,"method":null,"native":false},{"column":5,"file":"D:\\CPF Batch\\Fandoo-Notes\\FandooNotes\\node_modules\\winston-transport\\node_modules\\readable-stream\\lib\\_stream_writable.js","function":"writeOrBuffer","line":398,"method":null,"native":false},{"column":11,"file":"D:\\CPF Batch\\Fandoo-Notes\\FandooNotes\\node_modules\\winston-transport\\node_modules\\readable-stream\\lib\\_stream_writable.js","function":"Console.Writable.write","line":307,"method":"write","native":false},{"column":20,"file":"D:\\CPF Batch\\Fandoo-Notes\\FandooNotes\\node_modules\\winston\\node_modules\\readable-stream\\lib\\_stream_readable.js","function":"DerivedLogger.ondata","line":681,"method":"ondata","native":false},{"column":35,"file":"node:events","function":"DerivedLogger.emit","line":539,"method":"emit","native":false},{"column":12,"file":"node:domain","function":"DerivedLogger.emit","line":475,"method":"emit","native":false},{"column":12,"file":"D:\\CPF Batch\\Fandoo-Notes\\FandooNotes\\node_modules\\winston\\node_modules\\readable-stream\\lib\\_stream_readable.js","function":"addChunk","line":298,"method":null,"native":false}]}
info: ::1 - - [06/Sep/2022:11:26:51 +0000] "POST /api/v1/users/login HTTP/1.1" 202 272 "-" "PostmanRuntime/7.29.2"

info: ::1 - - [06/Sep/2022:11:28:56 +0000] "POST /api/v1/notes HTTP/1.1" 500 138 "-" "PostmanRuntime/7.29.2"

info: ::1 - - [06/Sep/2022:11:30:13 +0000] "POST /api/v1/notes HTTP/1.1" 201 157 "-" "PostmanRuntime/7.29.2"

info: ::1 - - [06/Sep/2022:11:30:51 +0000] "PUT /api/v1/notes/63172f45ca3630068d37c18c/isarchive HTTP/1.1" 200 56 "-" "PostmanRuntime/7.29.2"

info: ::1 - - [06/Sep/2022:11:31:31 +0000] "PUT /api/v1/notes/63172f45ca3630068d37c18c/istrash HTTP/1.1" 200 58 "-" "PostmanRuntime/7.29.2"

info: ::1 - - [06/Sep/2022:11:33:25 +0000] "PUT /api/v1/notes/63172f45ca3630068d37c18c/isarchive HTTP/1.1" 200 56 "-" "PostmanRuntime/7.29.2"

info: ::1 - - [06/Sep/2022:11:34:30 +0000] "PUT /api/v1/notes/63172f45ca3630068d37c18c/istrash HTTP/1.1" 200 58 "-" "PostmanRuntime/7.29.2"

info: ::1 - - [06/Sep/2022:12:52:42 +0000] "PUT /api/v1/notes/63172f45ca3630068d37c18c/istrash HTTP/1.1" 200 48 "-" "PostmanRuntime/7.29.2"

info: ::1 - - [06/Sep/2022:12:53:48 +0000] "PUT /api/v1/notes/63172f45ca3630068d37c18c/isarchive HTTP/1.1" 200 46 "-" "PostmanRuntime/7.29.2"

info: ::1 - - [06/Sep/2022:12:55:02 +0000] "PUT /api/v1/notes/63172f45ca3630068d37c18c/isarchive HTTP/1.1" 500 54 "-" "PostmanRuntime/7.29.2"

info: ::1 - - [06/Sep/2022:12:55:39 +0000] "PUT /api/v1/notes/63172f45ca3630068d37c18c/isarchive HTTP/1.1" 200 46 "-" "PostmanRuntime/7.29.2"

info: ::1 - - [06/Sep/2022:13:09:14 +0000] "PUT /api/v1/notes/63172f45ca3630068d37c18c/istrash HTTP/1.1" 200 48 "-" "PostmanRuntime/7.29.2"

info: ::1 - - [06/Sep/2022:13:12:59 +0000] "PUT /api/v1/notes/63172f45ca3630068d37c18c/isarchive HTTP/1.1" 200 46 "-" "PostmanRuntime/7.29.2"

info: ::1 - - [06/Sep/2022:13:14:32 +0000] "PUT /api/v1/notes/63172f45ca3630068d37c18c/istrash HTTP/1.1" 200 48 "-" "PostmanRuntime/7.29.2"

info: ::1 - - [06/Sep/2022:13:16:59 +0000] "PUT /api/v1/notes/63172f45ca3630068d37c18c/istrash HTTP/1.1" 200 154 "-" "PostmanRuntime/7.29.2"

info: ::1 - - [06/Sep/2022:13:17:52 +0000] "PUT /api/v1/notes/63172f45ca3630068d37c18c/isarchive HTTP/1.1" 200 152 "-" "PostmanRuntime/7.29.2"

info: ::1 - - [06/Sep/2022:15:09:28 +0000] "PUT /api/v1/notes/63172f45ca3630068d37c18c/isarchive HTTP/1.1" 200 152 "-" "PostmanRuntime/7.29.2"

info: ::1 - - [06/Sep/2022:15:11:29 +0000] "PUT /api/v1/notes/63172f45ca3630068d37c18c/isarchive HTTP/1.1" 200 152 "-" "PostmanRuntime/7.29.2"

info: ::1 - - [07/Sep/2022:01:27:35 +0000] "PUT /api/v1/notes/63172f45ca3630068d37c18c/isarchive HTTP/1.1" 200 152 "-" "PostmanRuntime/7.29.2"

info: ::1 - - [07/Sep/2022:01:27:50 +0000] "PUT /api/v1/notes/63172f45ca3630068d37c18c/istrash HTTP/1.1" 200 154 "-" "PostmanRuntime/7.29.2"

info: ::1 - - [07/Sep/2022:02:47:35 +0000] "PUT /api/v1/notes/63172f45ca3630068d37c18c/isarchive HTTP/1.1" 200 152 "-" "PostmanRuntime/7.29.2"

info: ::1 - - [07/Sep/2022:02:47:53 +0000] "PUT /api/v1/notes/63172f45ca3630068d37c18c/istrash HTTP/1.1" 500 53 "-" "PostmanRuntime/7.29.2"

info: ::1 - - [07/Sep/2022:02:48:51 +0000] "PUT /api/v1/notes/63172f45ca3630068d37c18c/isarchive HTTP/1.1" 200 191 "-" "PostmanRuntime/7.29.2"

info: ::1 - - [07/Sep/2022:02:50:44 +0000] "PUT /api/v1/notes/63172f45ca3630068d37c18c/isarchive HTTP/1.1" 200 209 "-" "PostmanRuntime/7.29.2"

info: ::1 - - [07/Sep/2022:02:54:19 +0000] "PUT /api/v1/notes/63172f45ca3630068d37c18c/isarchive HTTP/1.1" 200 209 "-" "PostmanRuntime/7.29.2"

info: ::1 - - [07/Sep/2022:02:57:04 +0000] "PUT /api/v1/notes/63172f45ca3630068d37c18c/istrash HTTP/1.1" 500 141 "-" "PostmanRuntime/7.29.2"

info: ::1 - - [07/Sep/2022:02:58:28 +0000] "PUT /api/v1/notes/63172f45ca3630068d37c18c/istrash HTTP/1.1" 200 228 "-" "PostmanRuntime/7.29.2"

